D:\RETRO INFINITY\COCO SETUPS\COCOS2D-X-2.2.4\COCOS2DX\PROJ.WINRT\WIN32\DEBUG\LIBCOCOS2D.PCH
D:\RETRO INFINITY\COCO SETUPS\COCOS2D-X-2.2.4\COCOS2DX\PROJ.WINRT\WIN32\DEBUG\PCH.OBJ
D:\RETRO INFINITY\COCO SETUPS\COCOS2D-X-2.2.4\COCOS2DX\PROJ.WINRT\WIN32\DEBUG\VC110.PDB
D:\RETRO INFINITY\COCO SETUPS\COCOS2D-X-2.2.4\COCOS2DX\PROJ.WINRT\WIN32\DEBUG\CCACTIONEASE.OBJ
D:\RETRO INFINITY\COCO SETUPS\COCOS2D-X-2.2.4\COCOS2DX\PROJ.WINRT\WIN32\DEBUG\CCACTIONINSTANT.OBJ
D:\RETRO INFINITY\COCO SETUPS\COCOS2D-X-2.2.4\COCOS2DX\PROJ.WINRT\WIN32\DEBUG\CCACTIONMANAGER.OBJ
D:\RETRO INFINITY\COCO SETUPS\COCOS2D-X-2.2.4\COCOS2DX\PROJ.WINRT\WIN32\DEBUG\CCACTIONTWEEN.OBJ
D:\RETRO INFINITY\COCO SETUPS\COCOS2D-X-2.2.4\COCOS2DX\PROJ.WINRT\WIN32\DEBUG\CCNODE.OBJ
D:\RETRO INFINITY\COCO SETUPS\COCOS2D-X-2.2.4\COCOS2DX\PROJ.WINRT\WIN32\DEBUG\CCARRAY.OBJ
D:\RETRO INFINITY\COCO SETUPS\COCOS2D-X-2.2.4\COCOS2DX\PROJ.WINRT\WIN32\DEBUG\CCDICTIONARY.OBJ
D:\RETRO INFINITY\COCO SETUPS\COCOS2D-X-2.2.4\COCOS2DX\PROJ.WINRT\WIN32\DEBUG\CCSET.OBJ
D:\RETRO INFINITY\COCO SETUPS\COCOS2D-X-2.2.4\COCOS2DX\PROJ.WINRT\WIN32\DEBUG\CCDRAWNODE.OBJ
D:\RETRO INFINITY\COCO SETUPS\COCOS2D-X-2.2.4\COCOS2DX\PROJ.WINRT\WIN32\DEBUG\CCKEYPADDELEGATE.OBJ
D:\RETRO INFINITY\COCO SETUPS\COCOS2D-X-2.2.4\COCOS2DX\PROJ.WINRT\WIN32\DEBUG\CCLABELTTF.OBJ
D:\RETRO INFINITY\COCO SETUPS\COCOS2D-X-2.2.4\COCOS2DX\PROJ.WINRT\WIN32\DEBUG\CCTRANSITIONPAGETURN.OBJ
D:\RETRO INFINITY\COCO SETUPS\COCOS2D-X-2.2.4\COCOS2DX\PROJ.WINRT\WIN32\DEBUG\CCCLIPPINGNODE.OBJ
D:\RETRO INFINITY\COCO SETUPS\COCOS2D-X-2.2.4\COCOS2DX\PROJ.WINRT\WIN32\DEBUG\CCRENDERTEXTURE.OBJ
D:\RETRO INFINITY\COCO SETUPS\COCOS2D-X-2.2.4\COCOS2DX\PROJ.WINRT\WIN32\DEBUG\CCPARTICLESYSTEMQUAD.OBJ
D:\RETRO INFINITY\COCO SETUPS\COCOS2D-X-2.2.4\COCOS2DX\PROJ.WINRT\WIN32\DEBUG\CCSAXPARSER.OBJ
D:\RETRO INFINITY\COCO SETUPS\COCOS2D-X-2.2.4\COCOS2DX\PROJ.WINRT\WIN32\DEBUG\CCAPPLICATION.OBJ
D:\RETRO INFINITY\COCO SETUPS\COCOS2D-X-2.2.4\COCOS2DX\PROJ.WINRT\WIN32\DEBUG\CCFREETYPEFONT.OBJ
D:\RETRO INFINITY\COCO SETUPS\COCOS2D-X-2.2.4\COCOS2DX\PROJ.WINRT\WIN32\DEBUG\CCIMAGE.OBJ
D:\RETRO INFINITY\COCO SETUPS\COCOS2D-X-2.2.4\COCOS2DX\PROJ.WINRT\WIN32\DEBUG\SHA1.OBJ
D:\RETRO INFINITY\COCO SETUPS\COCOS2D-X-2.2.4\COCOS2DX\PROJ.WINRT\WIN32\DEBUG\CCGLPROGRAM.OBJ
D:\RETRO INFINITY\COCO SETUPS\COCOS2D-X-2.2.4\COCOS2DX\PROJ.WINRT\WIN32\DEBUG\CCSHADERS.OBJ
D:\RETRO INFINITY\COCO SETUPS\COCOS2D-X-2.2.4\COCOS2DX\PROJ.WINRT\WIN32\DEBUG\CCSPRITE.OBJ
D:\RETRO INFINITY\COCO SETUPS\COCOS2D-X-2.2.4\COCOS2DX\PROJ.WINRT\WIN32\DEBUG\BASE64.OBJ
D:\RETRO INFINITY\COCO SETUPS\COCOS2D-X-2.2.4\COCOS2DX\PROJ.WINRT\WIN32\DEBUG\CCPOINTEXTENSION.OBJ
D:\RETRO INFINITY\COCO SETUPS\COCOS2D-X-2.2.4\COCOS2DX\PROJ.WINRT\WIN32\DEBUG\CCCOMPONENT.OBJ
D:\RETRO INFINITY\COCO SETUPS\COCOS2D-X-2.2.4\COCOS2DX\PROJ.WINRT\WIN32\DEBUG\TRANSFORMUTILS.OBJ
D:\RETRO INFINITY\COCO SETUPS\COCOS2D-X-2.2.4\COCOS2DX\PROJ.WINRT\WIN32\DEBUG\UNZIP.OBJ
D:\RETRO INFINITY\COCO SETUPS\COCOS2D-X-2.2.4\COCOS2DX\PROJ.WINRT\WIN32\DEBUG\CCTEXTUREATLAS.OBJ
D:\RETRO INFINITY\COCO SETUPS\COCOS2D-X-2.2.4\COCOS2DX\PROJ.WINRT\WIN32\DEBUG\CCIMEDISPATCHER.OBJ
D:\RETRO INFINITY\COCO SETUPS\COCOS2D-X-2.2.4\COCOS2DX\PROJ.WINRT\WIN32\DEBUG\CCTMXLAYER.OBJ
D:\RETRO INFINITY\COCO SETUPS\COCOS2D-X-2.2.4\COCOS2DX\PROJ.WINRT\WIN32\DEBUG\CCTOUCH.OBJ
D:\RETRO INFINITY\COCO SETUPS\COCOS2D-X-2.2.4\COCOS2DX\PROJ.WINRT\WIN32\DEBUG\CCTOUCHHANDLER.OBJ
D:\RETRO INFINITY\COCO SETUPS\COCOS2D-X-2.2.4\COCOS2DX\PROJ.WINRT\WIN32\DEBUG\CCACTIONCATMULLROM.OBJ
D:\RETRO INFINITY\COCO SETUPS\COCOS2D-X-2.2.4\COCOS2DX\PROJ.WINRT\WIN32\DEBUG\CCACTIONINTERVAL.OBJ
D:\RETRO INFINITY\COCO SETUPS\COCOS2D-X-2.2.4\COCOS2DX\PROJ.WINRT\WIN32\DEBUG\CCATLASNODE.OBJ
D:\RETRO INFINITY\COCO SETUPS\COCOS2D-X-2.2.4\COCOS2DX\PROJ.WINRT\WIN32\DEBUG\CCCAMERA.OBJ
D:\RETRO INFINITY\COCO SETUPS\COCOS2D-X-2.2.4\COCOS2DX\PROJ.WINRT\WIN32\DEBUG\CCSCHEDULER.OBJ
D:\RETRO INFINITY\COCO SETUPS\COCOS2D-X-2.2.4\COCOS2DX\PROJ.WINRT\WIN32\DEBUG\CCAUTORELEASEPOOL.OBJ
D:\RETRO INFINITY\COCO SETUPS\COCOS2D-X-2.2.4\COCOS2DX\PROJ.WINRT\WIN32\DEBUG\CCOBJECT.OBJ
D:\RETRO INFINITY\COCO SETUPS\COCOS2D-X-2.2.4\COCOS2DX\PROJ.WINRT\WIN32\DEBUG\CCZONE.OBJ
D:\RETRO INFINITY\COCO SETUPS\COCOS2D-X-2.2.4\COCOS2DX\PROJ.WINRT\WIN32\DEBUG\CCGRABBER.OBJ
D:\RETRO INFINITY\COCO SETUPS\COCOS2D-X-2.2.4\COCOS2DX\PROJ.WINRT\WIN32\DEBUG\CCLABELATLAS.OBJ
D:\RETRO INFINITY\COCO SETUPS\COCOS2D-X-2.2.4\COCOS2DX\PROJ.WINRT\WIN32\DEBUG\CCSCENE.OBJ
D:\RETRO INFINITY\COCO SETUPS\COCOS2D-X-2.2.4\COCOS2DX\PROJ.WINRT\WIN32\DEBUG\CCTRANSITION.OBJ
D:\RETRO INFINITY\COCO SETUPS\COCOS2D-X-2.2.4\COCOS2DX\PROJ.WINRT\WIN32\DEBUG\CCMENUITEM.OBJ
D:\RETRO INFINITY\COCO SETUPS\COCOS2D-X-2.2.4\COCOS2DX\PROJ.WINRT\WIN32\DEBUG\CCPROGRESSTIMER.OBJ
D:\RETRO INFINITY\COCO SETUPS\COCOS2D-X-2.2.4\COCOS2DX\PROJ.WINRT\WIN32\DEBUG\CCPARTICLESYSTEM.OBJ
D:\RETRO INFINITY\COCO SETUPS\COCOS2D-X-2.2.4\COCOS2DX\PROJ.WINRT\WIN32\DEBUG\CCTHREAD.OBJ
D:\RETRO INFINITY\COCO SETUPS\COCOS2D-X-2.2.4\COCOS2DX\PROJ.WINRT\WIN32\DEBUG\CCACCELEROMETER.OBJ
D:\RETRO INFINITY\COCO SETUPS\COCOS2D-X-2.2.4\COCOS2DX\PROJ.WINRT\WIN32\DEBUG\CCEGLVIEW.OBJ
D:\RETRO INFINITY\COCO SETUPS\COCOS2D-X-2.2.4\COCOS2DX\PROJ.WINRT\WIN32\DEBUG\CCWINRTUTILS.OBJ
D:\RETRO INFINITY\COCO SETUPS\COCOS2D-X-2.2.4\COCOS2DX\PROJ.WINRT\WIN32\DEBUG\CCSPRITEFRAMECACHE.OBJ
D:\RETRO INFINITY\COCO SETUPS\COCOS2D-X-2.2.4\COCOS2DX\PROJ.WINRT\WIN32\DEBUG\CCPROFILING.OBJ
D:\RETRO INFINITY\COCO SETUPS\COCOS2D-X-2.2.4\COCOS2DX\PROJ.WINRT\WIN32\DEBUG\CCVERTEX.OBJ
D:\RETRO INFINITY\COCO SETUPS\COCOS2D-X-2.2.4\COCOS2DX\PROJ.WINRT\WIN32\DEBUG\TGALIB.OBJ
D:\RETRO INFINITY\COCO SETUPS\COCOS2D-X-2.2.4\COCOS2DX\PROJ.WINRT\WIN32\DEBUG\CCUSERDEFAULT.OBJ
D:\RETRO INFINITY\COCO SETUPS\COCOS2D-X-2.2.4\COCOS2DX\PROJ.WINRT\WIN32\DEBUG\CCTEXTURECACHE.OBJ
D:\RETRO INFINITY\COCO SETUPS\COCOS2D-X-2.2.4\COCOS2DX\PROJ.WINRT\WIN32\DEBUG\CCACTION.OBJ
D:\RETRO INFINITY\COCO SETUPS\COCOS2D-X-2.2.4\COCOS2DX\PROJ.WINRT\WIN32\DEBUG\CCACTIONGRID3D.OBJ
D:\RETRO INFINITY\COCO SETUPS\COCOS2D-X-2.2.4\COCOS2DX\PROJ.WINRT\WIN32\DEBUG\CCACTIONPAGETURN3D.OBJ
D:\RETRO INFINITY\COCO SETUPS\COCOS2D-X-2.2.4\COCOS2DX\PROJ.WINRT\WIN32\DEBUG\CCACTIONTILEDGRID.OBJ
D:\RETRO INFINITY\COCO SETUPS\COCOS2D-X-2.2.4\COCOS2DX\PROJ.WINRT\WIN32\DEBUG\CCCONFIGURATION.OBJ
D:\RETRO INFINITY\COCO SETUPS\COCOS2D-X-2.2.4\COCOS2DX\PROJ.WINRT\WIN32\DEBUG\CCAFFINETRANSFORM.OBJ
D:\RETRO INFINITY\COCO SETUPS\COCOS2D-X-2.2.4\COCOS2DX\PROJ.WINRT\WIN32\DEBUG\CCDATAVISITOR.OBJ
D:\RETRO INFINITY\COCO SETUPS\COCOS2D-X-2.2.4\COCOS2DX\PROJ.WINRT\WIN32\DEBUG\CCNS.OBJ
D:\RETRO INFINITY\COCO SETUPS\COCOS2D-X-2.2.4\COCOS2DX\PROJ.WINRT\WIN32\DEBUG\COCOS2D.OBJ
D:\RETRO INFINITY\COCO SETUPS\COCOS2D-X-2.2.4\COCOS2DX\PROJ.WINRT\WIN32\DEBUG\CCGRID.OBJ
D:\RETRO INFINITY\COCO SETUPS\COCOS2D-X-2.2.4\COCOS2DX\PROJ.WINRT\WIN32\DEBUG\CCLABELBMFONT.OBJ
D:\RETRO INFINITY\COCO SETUPS\COCOS2D-X-2.2.4\COCOS2DX\PROJ.WINRT\WIN32\DEBUG\CCTRANSITIONPROGRESS.OBJ
D:\RETRO INFINITY\COCO SETUPS\COCOS2D-X-2.2.4\COCOS2DX\PROJ.WINRT\WIN32\DEBUG\CCMOTIONSTREAK.OBJ
D:\RETRO INFINITY\COCO SETUPS\COCOS2D-X-2.2.4\COCOS2DX\PROJ.WINRT\WIN32\DEBUG\CCPARTICLEEXAMPLES.OBJ
D:\RETRO INFINITY\COCO SETUPS\COCOS2D-X-2.2.4\COCOS2DX\PROJ.WINRT\WIN32\DEBUG\CCEGLVIEWPROTOCOL.OBJ
D:\RETRO INFINITY\COCO SETUPS\COCOS2D-X-2.2.4\COCOS2DX\PROJ.WINRT\WIN32\DEBUG\PLATFORM.OBJ
D:\RETRO INFINITY\COCO SETUPS\COCOS2D-X-2.2.4\COCOS2DX\PROJ.WINRT\WIN32\DEBUG\CCCOMMON.OBJ
D:\RETRO INFINITY\COCO SETUPS\COCOS2D-X-2.2.4\COCOS2DX\PROJ.WINRT\WIN32\DEBUG\CCPRECOMPILEDSHADERS.OBJ
D:\RETRO INFINITY\COCO SETUPS\COCOS2D-X-2.2.4\COCOS2DX\PROJ.WINRT\WIN32\DEBUG\CCGLSTATECACHE.OBJ
D:\RETRO INFINITY\COCO SETUPS\COCOS2D-X-2.2.4\COCOS2DX\PROJ.WINRT\WIN32\DEBUG\CCANIMATION.OBJ
D:\RETRO INFINITY\COCO SETUPS\COCOS2D-X-2.2.4\COCOS2DX\PROJ.WINRT\WIN32\DEBUG\CCSPRITEBATCHNODE.OBJ
D:\RETRO INFINITY\COCO SETUPS\COCOS2D-X-2.2.4\COCOS2DX\PROJ.WINRT\WIN32\DEBUG\CCUTF8.OBJ
D:\RETRO INFINITY\COCO SETUPS\COCOS2D-X-2.2.4\COCOS2DX\PROJ.WINRT\WIN32\DEBUG\CCCARRAY.OBJ
D:\RETRO INFINITY\COCO SETUPS\COCOS2D-X-2.2.4\COCOS2DX\PROJ.WINRT\WIN32\DEBUG\TINYXML2.OBJ
D:\RETRO INFINITY\COCO SETUPS\COCOS2D-X-2.2.4\COCOS2DX\PROJ.WINRT\WIN32\DEBUG\CCTEXTURE2D.OBJ
D:\RETRO INFINITY\COCO SETUPS\COCOS2D-X-2.2.4\COCOS2DX\PROJ.WINRT\WIN32\DEBUG\CCTEXTUREPVR.OBJ
D:\RETRO INFINITY\COCO SETUPS\COCOS2D-X-2.2.4\COCOS2DX\PROJ.WINRT\WIN32\DEBUG\CCTEXTFIELDTTF.OBJ
D:\RETRO INFINITY\COCO SETUPS\COCOS2D-X-2.2.4\COCOS2DX\PROJ.WINRT\WIN32\DEBUG\CCTMXOBJECTGROUP.OBJ
D:\RETRO INFINITY\COCO SETUPS\COCOS2D-X-2.2.4\COCOS2DX\PROJ.WINRT\WIN32\DEBUG\CCTMXTILEDMAP.OBJ
D:\RETRO INFINITY\COCO SETUPS\COCOS2D-X-2.2.4\COCOS2DX\PROJ.WINRT\WIN32\DEBUG\CCTOUCHDISPATCHER.OBJ
D:\RETRO INFINITY\COCO SETUPS\COCOS2D-X-2.2.4\COCOS2DX\PROJ.WINRT\WIN32\DEBUG\CCACTIONCAMERA.OBJ
D:\RETRO INFINITY\COCO SETUPS\COCOS2D-X-2.2.4\COCOS2DX\PROJ.WINRT\WIN32\DEBUG\CCACTIONGRID.OBJ
D:\RETRO INFINITY\COCO SETUPS\COCOS2D-X-2.2.4\COCOS2DX\PROJ.WINRT\WIN32\DEBUG\CCACTIONPROGRESSTIMER.OBJ
D:\RETRO INFINITY\COCO SETUPS\COCOS2D-X-2.2.4\COCOS2DX\PROJ.WINRT\WIN32\DEBUG\CCGLBUFFEREDNODE.OBJ
D:\RETRO INFINITY\COCO SETUPS\COCOS2D-X-2.2.4\COCOS2DX\PROJ.WINRT\WIN32\DEBUG\CCDIRECTOR.OBJ
D:\RETRO INFINITY\COCO SETUPS\COCOS2D-X-2.2.4\COCOS2DX\PROJ.WINRT\WIN32\DEBUG\CCGEOMETRY.OBJ
D:\RETRO INFINITY\COCO SETUPS\COCOS2D-X-2.2.4\COCOS2DX\PROJ.WINRT\WIN32\DEBUG\CCSTRING.OBJ
D:\RETRO INFINITY\COCO SETUPS\COCOS2D-X-2.2.4\COCOS2DX\PROJ.WINRT\WIN32\DEBUG\CCDRAWINGPRIMITIVES.OBJ
D:\RETRO INFINITY\COCO SETUPS\COCOS2D-X-2.2.4\COCOS2DX\PROJ.WINRT\WIN32\DEBUG\CCKEYPADDISPATCHER.OBJ
D:\RETRO INFINITY\COCO SETUPS\COCOS2D-X-2.2.4\COCOS2DX\PROJ.WINRT\WIN32\DEBUG\CCLAYER.OBJ
D:\RETRO INFINITY\COCO SETUPS\COCOS2D-X-2.2.4\COCOS2DX\PROJ.WINRT\WIN32\DEBUG\CCMENU.OBJ
D:\RETRO INFINITY\COCO SETUPS\COCOS2D-X-2.2.4\COCOS2DX\PROJ.WINRT\WIN32\DEBUG\CCPARTICLEBATCHNODE.OBJ
D:\RETRO INFINITY\COCO SETUPS\COCOS2D-X-2.2.4\COCOS2DX\PROJ.WINRT\WIN32\DEBUG\CCFILEUTILS.OBJ
D:\RETRO INFINITY\COCO SETUPS\COCOS2D-X-2.2.4\COCOS2DX\PROJ.WINRT\WIN32\DEBUG\CCDEVICE.OBJ
D:\RETRO INFINITY\COCO SETUPS\COCOS2D-X-2.2.4\COCOS2DX\PROJ.WINRT\WIN32\DEBUG\CCFILEUTILSWINRT.OBJ
D:\RETRO INFINITY\COCO SETUPS\COCOS2D-X-2.2.4\COCOS2DX\PROJ.WINRT\WIN32\DEBUG\CCPTHREADWINRT.OBJ
D:\RETRO INFINITY\COCO SETUPS\COCOS2D-X-2.2.4\COCOS2DX\PROJ.WINRT\WIN32\DEBUG\CCSTDC.OBJ
D:\RETRO INFINITY\COCO SETUPS\COCOS2D-X-2.2.4\COCOS2DX\PROJ.WINRT\WIN32\DEBUG\CCSCRIPTSUPPORT.OBJ
D:\RETRO INFINITY\COCO SETUPS\COCOS2D-X-2.2.4\COCOS2DX\PROJ.WINRT\WIN32\DEBUG\CCSHADERCACHE.OBJ
D:\RETRO INFINITY\COCO SETUPS\COCOS2D-X-2.2.4\COCOS2DX\PROJ.WINRT\WIN32\DEBUG\CCANIMATIONCACHE.OBJ
D:\RETRO INFINITY\COCO SETUPS\COCOS2D-X-2.2.4\COCOS2DX\PROJ.WINRT\WIN32\DEBUG\CCSPRITEFRAME.OBJ
D:\RETRO INFINITY\COCO SETUPS\COCOS2D-X-2.2.4\COCOS2DX\PROJ.WINRT\WIN32\DEBUG\CCNOTIFICATIONCENTER.OBJ
D:\RETRO INFINITY\COCO SETUPS\COCOS2D-X-2.2.4\COCOS2DX\PROJ.WINRT\WIN32\DEBUG\CCUTILS.OBJ
D:\RETRO INFINITY\COCO SETUPS\COCOS2D-X-2.2.4\COCOS2DX\PROJ.WINRT\WIN32\DEBUG\CCCOMPONENTCONTAINER.OBJ
D:\RETRO INFINITY\COCO SETUPS\COCOS2D-X-2.2.4\COCOS2DX\PROJ.WINRT\WIN32\DEBUG\IOAPI.OBJ
D:\RETRO INFINITY\COCO SETUPS\COCOS2D-X-2.2.4\COCOS2DX\PROJ.WINRT\WIN32\DEBUG\ZIPUTILS.OBJ
D:\RETRO INFINITY\COCO SETUPS\COCOS2D-X-2.2.4\COCOS2DX\PROJ.WINRT\WIN32\DEBUG\CCTEXTUREETC.OBJ
D:\RETRO INFINITY\COCO SETUPS\COCOS2D-X-2.2.4\COCOS2DX\PROJ.WINRT\WIN32\DEBUG\CCPARALLAXNODE.OBJ
D:\RETRO INFINITY\COCO SETUPS\COCOS2D-X-2.2.4\COCOS2DX\PROJ.WINRT\WIN32\DEBUG\CCTILEMAPATLAS.OBJ
D:\RETRO INFINITY\COCO SETUPS\COCOS2D-X-2.2.4\COCOS2DX\PROJ.WINRT\WIN32\DEBUG\CCTMXXMLPARSER.OBJ
D:\RETRO INFINITY\COCO SETUPS\COCOS2D-X-2.2.4\COCOS2DX\PROJ.WINRT\WIN32\DEBUG\AABB.OBJ
D:\RETRO INFINITY\COCO SETUPS\COCOS2D-X-2.2.4\COCOS2DX\PROJ.WINRT\WIN32\DEBUG\MAT4.OBJ
D:\RETRO INFINITY\COCO SETUPS\COCOS2D-X-2.2.4\COCOS2DX\PROJ.WINRT\WIN32\DEBUG\VEC4.OBJ
D:\RETRO INFINITY\COCO SETUPS\COCOS2D-X-2.2.4\COCOS2DX\PROJ.WINRT\WIN32\DEBUG\CCFPSIMAGES.OBJ
D:\RETRO INFINITY\COCO SETUPS\COCOS2D-X-2.2.4\COCOS2DX\PROJ.WINRT\WIN32\DEBUG\MAT3.OBJ
D:\RETRO INFINITY\COCO SETUPS\COCOS2D-X-2.2.4\COCOS2DX\PROJ.WINRT\WIN32\DEBUG\PLANE.OBJ
D:\RETRO INFINITY\COCO SETUPS\COCOS2D-X-2.2.4\COCOS2DX\PROJ.WINRT\WIN32\DEBUG\UTILITY.OBJ
D:\RETRO INFINITY\COCO SETUPS\COCOS2D-X-2.2.4\COCOS2DX\PROJ.WINRT\WIN32\DEBUG\VEC2.OBJ
D:\RETRO INFINITY\COCO SETUPS\COCOS2D-X-2.2.4\COCOS2DX\PROJ.WINRT\WIN32\DEBUG\MATRIX.OBJ
D:\RETRO INFINITY\COCO SETUPS\COCOS2D-X-2.2.4\COCOS2DX\PROJ.WINRT\WIN32\DEBUG\NEON_MATRIX_IMPL.OBJ
D:\RETRO INFINITY\COCO SETUPS\COCOS2D-X-2.2.4\COCOS2DX\PROJ.WINRT\WIN32\DEBUG\RAY2.OBJ
D:\RETRO INFINITY\COCO SETUPS\COCOS2D-X-2.2.4\COCOS2DX\PROJ.WINRT\WIN32\DEBUG\VEC3.OBJ
D:\RETRO INFINITY\COCO SETUPS\COCOS2D-X-2.2.4\COCOS2DX\PROJ.WINRT\WIN32\DEBUG\MAT4STACK.OBJ
D:\RETRO INFINITY\COCO SETUPS\COCOS2D-X-2.2.4\COCOS2DX\PROJ.WINRT\WIN32\DEBUG\QUATERNION.OBJ
D:\Retro Infinity\Coco Setups\cocos2d-x-2.2.4\projects\RII\proj.winrt\WinRT\Win32\Debug\cocos2d\libcocos2d.lib
D:\Retro Infinity\Coco Setups\cocos2d-x-2.2.4\projects\RII\proj.winrt\WinRT\Win32\Debug\cocos2d\libcocos2d.exp
D:\Retro Infinity\Coco Setups\cocos2d-x-2.2.4\cocos2dx\proj.winrt\Win32\Debug\cocos2d.vcxprojResolveAssemblyReference.cache
D:\Retro Infinity\Coco Setups\cocos2d-x-2.2.4\cocos2dx\proj.winrt\Win32\Debug\priconfig.xml.intermediate
D:\Retro Infinity\Coco Setups\cocos2d-x-2.2.4\cocos2dx\proj.winrt\Win32\Debug\layout.resfiles.intermediate
D:\Retro Infinity\Coco Setups\cocos2d-x-2.2.4\cocos2dx\proj.winrt\Win32\Debug\resources.resfiles.intermediate
D:\Retro Infinity\Coco Setups\cocos2d-x-2.2.4\cocos2dx\proj.winrt\Win32\Debug\pri.resfiles.intermediate
D:\Retro Infinity\Coco Setups\cocos2d-x-2.2.4\cocos2dx\proj.winrt\Win32\Debug\priconfig.xml
D:\Retro Infinity\Coco Setups\cocos2d-x-2.2.4\cocos2dx\proj.winrt\Win32\Debug\layout.resfiles
D:\Retro Infinity\Coco Setups\cocos2d-x-2.2.4\cocos2dx\proj.winrt\Win32\Debug\resources.resfiles
D:\Retro Infinity\Coco Setups\cocos2d-x-2.2.4\cocos2dx\proj.winrt\Win32\Debug\pri.resfiles
D:\Retro Infinity\Coco Setups\cocos2d-x-2.2.4\projects\RII\proj.winrt\WinRT\Win32\Debug\cocos2d\cocos2d.pri
D:\Retro Infinity\Coco Setups\cocos2d-x-2.2.4\cocos2dx\proj.winrt\Win32\Debug\LanguageQualifiers.txt
D:\Retro Infinity\Coco Setups\cocos2d-x-2.2.4\projects\RetroInfinityDemo\proj.winrt\WinRT\Win32\Debug\cocos2d\libcocos2d.lib
D:\Retro Infinity\Coco Setups\cocos2d-x-2.2.4\projects\RetroInfinityDemo\proj.winrt\WinRT\Win32\Debug\cocos2d\libcocos2d.exp
D:\Retro Infinity\Coco Setups\cocos2d-x-2.2.4\projects\RetroInfinityDemo\proj.winrt\WinRT\Win32\Debug\cocos2d\cocos2d.pri
D:\RETRO INFINITY\COCO SETUPS\COCOS2D-X-2.2.4\PROJECTS\RII\PROJ.WINRT\WINRT\WIN32\DEBUG\COCOS2D\LIBCOCOS2D.DLL
D:\RETRO INFINITY\COCO SETUPS\COCOS2D-X-2.2.4\PROJECTS\RII\PROJ.WINRT\WINRT\WIN32\DEBUG\COCOS2D\LIBCOCOS2D.PDB
D:\RETRO INFINITY\COCO SETUPS\COCOS2D-X-2.2.4\PROJECTS\RETROINFINITYDEMO\PROJ.WINRT\WINRT\WIN32\DEBUG\COCOS2D\LIBCOCOS2D.DLL
D:\RETRO INFINITY\COCO SETUPS\COCOS2D-X-2.2.4\PROJECTS\RETROINFINITYDEMO\PROJ.WINRT\WINRT\WIN32\DEBUG\COCOS2D\LIBCOCOS2D.PDB
D:\Retro Infinity\Coco Setups\cocos2d-x-2.2.4\cocos2dx\proj.winrt\Win32\Debug\aabb.obj
D:\Retro Infinity\Coco Setups\cocos2d-x-2.2.4\cocos2dx\proj.winrt\Win32\Debug\base64.obj
D:\Retro Infinity\Coco Setups\cocos2d-x-2.2.4\cocos2dx\proj.winrt\Win32\Debug\CCAccelerometer.obj
D:\Retro Infinity\Coco Setups\cocos2d-x-2.2.4\cocos2dx\proj.winrt\Win32\Debug\CCAction.obj
D:\Retro Infinity\Coco Setups\cocos2d-x-2.2.4\cocos2dx\proj.winrt\Win32\Debug\CCActionCamera.obj
D:\Retro Infinity\Coco Setups\cocos2d-x-2.2.4\cocos2dx\proj.winrt\Win32\Debug\CCActionCatmullRom.obj
D:\Retro Infinity\Coco Setups\cocos2d-x-2.2.4\cocos2dx\proj.winrt\Win32\Debug\CCActionEase.obj
D:\Retro Infinity\Coco Setups\cocos2d-x-2.2.4\cocos2dx\proj.winrt\Win32\Debug\CCActionGrid.obj
D:\Retro Infinity\Coco Setups\cocos2d-x-2.2.4\cocos2dx\proj.winrt\Win32\Debug\CCActionGrid3D.obj
D:\Retro Infinity\Coco Setups\cocos2d-x-2.2.4\cocos2dx\proj.winrt\Win32\Debug\CCActionInstant.obj
D:\Retro Infinity\Coco Setups\cocos2d-x-2.2.4\cocos2dx\proj.winrt\Win32\Debug\CCActionInterval.obj
D:\Retro Infinity\Coco Setups\cocos2d-x-2.2.4\cocos2dx\proj.winrt\Win32\Debug\CCActionManager.obj
D:\Retro Infinity\Coco Setups\cocos2d-x-2.2.4\cocos2dx\proj.winrt\Win32\Debug\CCActionPageTurn3D.obj
D:\Retro Infinity\Coco Setups\cocos2d-x-2.2.4\cocos2dx\proj.winrt\Win32\Debug\CCActionProgressTimer.obj
D:\Retro Infinity\Coco Setups\cocos2d-x-2.2.4\cocos2dx\proj.winrt\Win32\Debug\CCActionTiledGrid.obj
D:\Retro Infinity\Coco Setups\cocos2d-x-2.2.4\cocos2dx\proj.winrt\Win32\Debug\CCActionTween.obj
D:\Retro Infinity\Coco Setups\cocos2d-x-2.2.4\cocos2dx\proj.winrt\Win32\Debug\CCAffineTransform.obj
D:\Retro Infinity\Coco Setups\cocos2d-x-2.2.4\cocos2dx\proj.winrt\Win32\Debug\CCAnimation.obj
D:\Retro Infinity\Coco Setups\cocos2d-x-2.2.4\cocos2dx\proj.winrt\Win32\Debug\CCAnimationCache.obj
D:\Retro Infinity\Coco Setups\cocos2d-x-2.2.4\cocos2dx\proj.winrt\Win32\Debug\CCApplication.obj
D:\Retro Infinity\Coco Setups\cocos2d-x-2.2.4\cocos2dx\proj.winrt\Win32\Debug\CCArray.obj
D:\Retro Infinity\Coco Setups\cocos2d-x-2.2.4\cocos2dx\proj.winrt\Win32\Debug\CCAtlasNode.obj
D:\Retro Infinity\Coco Setups\cocos2d-x-2.2.4\cocos2dx\proj.winrt\Win32\Debug\CCAutoreleasePool.obj
D:\Retro Infinity\Coco Setups\cocos2d-x-2.2.4\cocos2dx\proj.winrt\Win32\Debug\CCCamera.obj
D:\Retro Infinity\Coco Setups\cocos2d-x-2.2.4\cocos2dx\proj.winrt\Win32\Debug\ccCArray.obj
D:\Retro Infinity\Coco Setups\cocos2d-x-2.2.4\cocos2dx\proj.winrt\Win32\Debug\CCClippingNode.obj
D:\Retro Infinity\Coco Setups\cocos2d-x-2.2.4\cocos2dx\proj.winrt\Win32\Debug\CCCommon.obj
D:\Retro Infinity\Coco Setups\cocos2d-x-2.2.4\cocos2dx\proj.winrt\Win32\Debug\CCComponent.obj
D:\Retro Infinity\Coco Setups\cocos2d-x-2.2.4\cocos2dx\proj.winrt\Win32\Debug\CCComponentContainer.obj
D:\Retro Infinity\Coco Setups\cocos2d-x-2.2.4\cocos2dx\proj.winrt\Win32\Debug\CCConfiguration.obj
D:\Retro Infinity\Coco Setups\cocos2d-x-2.2.4\cocos2dx\proj.winrt\Win32\Debug\CCDataVisitor.obj
D:\Retro Infinity\Coco Setups\cocos2d-x-2.2.4\cocos2dx\proj.winrt\Win32\Debug\CCDevice.obj
D:\Retro Infinity\Coco Setups\cocos2d-x-2.2.4\cocos2dx\proj.winrt\Win32\Debug\CCDictionary.obj
D:\Retro Infinity\Coco Setups\cocos2d-x-2.2.4\cocos2dx\proj.winrt\Win32\Debug\CCDirector.obj
D:\Retro Infinity\Coco Setups\cocos2d-x-2.2.4\cocos2dx\proj.winrt\Win32\Debug\CCDrawingPrimitives.obj
D:\Retro Infinity\Coco Setups\cocos2d-x-2.2.4\cocos2dx\proj.winrt\Win32\Debug\CCDrawNode.obj
D:\Retro Infinity\Coco Setups\cocos2d-x-2.2.4\cocos2dx\proj.winrt\Win32\Debug\CCEGLView.obj
D:\Retro Infinity\Coco Setups\cocos2d-x-2.2.4\cocos2dx\proj.winrt\Win32\Debug\CCEGLViewProtocol.obj
D:\Retro Infinity\Coco Setups\cocos2d-x-2.2.4\cocos2dx\proj.winrt\Win32\Debug\CCFileUtils.obj
D:\Retro Infinity\Coco Setups\cocos2d-x-2.2.4\cocos2dx\proj.winrt\Win32\Debug\CCFileUtilsWinRT.obj
D:\Retro Infinity\Coco Setups\cocos2d-x-2.2.4\cocos2dx\proj.winrt\Win32\Debug\ccFPSImages.obj
D:\Retro Infinity\Coco Setups\cocos2d-x-2.2.4\cocos2dx\proj.winrt\Win32\Debug\CCFreeTypeFont.obj
D:\Retro Infinity\Coco Setups\cocos2d-x-2.2.4\cocos2dx\proj.winrt\Win32\Debug\CCGeometry.obj
D:\Retro Infinity\Coco Setups\cocos2d-x-2.2.4\cocos2dx\proj.winrt\Win32\Debug\CCGLBufferedNode.obj
D:\Retro Infinity\Coco Setups\cocos2d-x-2.2.4\cocos2dx\proj.winrt\Win32\Debug\CCGLProgram.obj
D:\Retro Infinity\Coco Setups\cocos2d-x-2.2.4\cocos2dx\proj.winrt\Win32\Debug\ccGLStateCache.obj
D:\Retro Infinity\Coco Setups\cocos2d-x-2.2.4\cocos2dx\proj.winrt\Win32\Debug\CCGrabber.obj
D:\Retro Infinity\Coco Setups\cocos2d-x-2.2.4\cocos2dx\proj.winrt\Win32\Debug\CCGrid.obj
D:\Retro Infinity\Coco Setups\cocos2d-x-2.2.4\cocos2dx\proj.winrt\Win32\Debug\CCImage.obj
D:\Retro Infinity\Coco Setups\cocos2d-x-2.2.4\cocos2dx\proj.winrt\Win32\Debug\CCIMEDispatcher.obj
D:\Retro Infinity\Coco Setups\cocos2d-x-2.2.4\cocos2dx\proj.winrt\Win32\Debug\CCKeypadDelegate.obj
D:\Retro Infinity\Coco Setups\cocos2d-x-2.2.4\cocos2dx\proj.winrt\Win32\Debug\CCKeypadDispatcher.obj
D:\Retro Infinity\Coco Setups\cocos2d-x-2.2.4\cocos2dx\proj.winrt\Win32\Debug\CCLabelAtlas.obj
D:\Retro Infinity\Coco Setups\cocos2d-x-2.2.4\cocos2dx\proj.winrt\Win32\Debug\CCLabelBMFont.obj
D:\Retro Infinity\Coco Setups\cocos2d-x-2.2.4\cocos2dx\proj.winrt\Win32\Debug\CCLabelTTF.obj
D:\Retro Infinity\Coco Setups\cocos2d-x-2.2.4\cocos2dx\proj.winrt\Win32\Debug\CCLayer.obj
D:\Retro Infinity\Coco Setups\cocos2d-x-2.2.4\cocos2dx\proj.winrt\Win32\Debug\CCMenu.obj
D:\Retro Infinity\Coco Setups\cocos2d-x-2.2.4\cocos2dx\proj.winrt\Win32\Debug\CCMenuItem.obj
D:\Retro Infinity\Coco Setups\cocos2d-x-2.2.4\cocos2dx\proj.winrt\Win32\Debug\CCMotionStreak.obj
D:\Retro Infinity\Coco Setups\cocos2d-x-2.2.4\cocos2dx\proj.winrt\Win32\Debug\CCNode.obj
D:\Retro Infinity\Coco Setups\cocos2d-x-2.2.4\cocos2dx\proj.winrt\Win32\Debug\CCNotificationCenter.obj
D:\Retro Infinity\Coco Setups\cocos2d-x-2.2.4\cocos2dx\proj.winrt\Win32\Debug\CCNS.obj
D:\Retro Infinity\Coco Setups\cocos2d-x-2.2.4\cocos2dx\proj.winrt\Win32\Debug\CCObject.obj
D:\Retro Infinity\Coco Setups\cocos2d-x-2.2.4\cocos2dx\proj.winrt\Win32\Debug\CCParallaxNode.obj
D:\Retro Infinity\Coco Setups\cocos2d-x-2.2.4\cocos2dx\proj.winrt\Win32\Debug\CCParticleBatchNode.obj
D:\Retro Infinity\Coco Setups\cocos2d-x-2.2.4\cocos2dx\proj.winrt\Win32\Debug\CCParticleExamples.obj
D:\Retro Infinity\Coco Setups\cocos2d-x-2.2.4\cocos2dx\proj.winrt\Win32\Debug\CCParticleSystem.obj
D:\Retro Infinity\Coco Setups\cocos2d-x-2.2.4\cocos2dx\proj.winrt\Win32\Debug\CCParticleSystemQuad.obj
D:\Retro Infinity\Coco Setups\cocos2d-x-2.2.4\cocos2dx\proj.winrt\Win32\Debug\CCPointExtension.obj
D:\Retro Infinity\Coco Setups\cocos2d-x-2.2.4\cocos2dx\proj.winrt\Win32\Debug\CCPrecompiledShaders.obj
D:\Retro Infinity\Coco Setups\cocos2d-x-2.2.4\cocos2dx\proj.winrt\Win32\Debug\CCProfiling.obj
D:\Retro Infinity\Coco Setups\cocos2d-x-2.2.4\cocos2dx\proj.winrt\Win32\Debug\CCProgressTimer.obj
D:\Retro Infinity\Coco Setups\cocos2d-x-2.2.4\cocos2dx\proj.winrt\Win32\Debug\CCPThreadWinRT.obj
D:\Retro Infinity\Coco Setups\cocos2d-x-2.2.4\cocos2dx\proj.winrt\Win32\Debug\CCRenderTexture.obj
D:\Retro Infinity\Coco Setups\cocos2d-x-2.2.4\cocos2dx\proj.winrt\Win32\Debug\CCSAXParser.obj
D:\Retro Infinity\Coco Setups\cocos2d-x-2.2.4\cocos2dx\proj.winrt\Win32\Debug\CCScene.obj
D:\Retro Infinity\Coco Setups\cocos2d-x-2.2.4\cocos2dx\proj.winrt\Win32\Debug\CCScheduler.obj
D:\Retro Infinity\Coco Setups\cocos2d-x-2.2.4\cocos2dx\proj.winrt\Win32\Debug\CCScriptSupport.obj
D:\Retro Infinity\Coco Setups\cocos2d-x-2.2.4\cocos2dx\proj.winrt\Win32\Debug\CCSet.obj
D:\Retro Infinity\Coco Setups\cocos2d-x-2.2.4\cocos2dx\proj.winrt\Win32\Debug\CCShaderCache.obj
D:\Retro Infinity\Coco Setups\cocos2d-x-2.2.4\cocos2dx\proj.winrt\Win32\Debug\ccShaders.obj
D:\Retro Infinity\Coco Setups\cocos2d-x-2.2.4\cocos2dx\proj.winrt\Win32\Debug\CCSprite.obj
D:\Retro Infinity\Coco Setups\cocos2d-x-2.2.4\cocos2dx\proj.winrt\Win32\Debug\CCSpriteBatchNode.obj
D:\Retro Infinity\Coco Setups\cocos2d-x-2.2.4\cocos2dx\proj.winrt\Win32\Debug\CCSpriteFrame.obj
D:\Retro Infinity\Coco Setups\cocos2d-x-2.2.4\cocos2dx\proj.winrt\Win32\Debug\CCSpriteFrameCache.obj
D:\Retro Infinity\Coco Setups\cocos2d-x-2.2.4\cocos2dx\proj.winrt\Win32\Debug\CCStdC.obj
D:\Retro Infinity\Coco Setups\cocos2d-x-2.2.4\cocos2dx\proj.winrt\Win32\Debug\CCString.obj
D:\Retro Infinity\Coco Setups\cocos2d-x-2.2.4\cocos2dx\proj.winrt\Win32\Debug\CCTextFieldTTF.obj
D:\Retro Infinity\Coco Setups\cocos2d-x-2.2.4\cocos2dx\proj.winrt\Win32\Debug\CCTexture2D.obj
D:\Retro Infinity\Coco Setups\cocos2d-x-2.2.4\cocos2dx\proj.winrt\Win32\Debug\CCTextureAtlas.obj
D:\Retro Infinity\Coco Setups\cocos2d-x-2.2.4\cocos2dx\proj.winrt\Win32\Debug\CCTextureCache.obj
D:\Retro Infinity\Coco Setups\cocos2d-x-2.2.4\cocos2dx\proj.winrt\Win32\Debug\CCTextureETC.obj
D:\Retro Infinity\Coco Setups\cocos2d-x-2.2.4\cocos2dx\proj.winrt\Win32\Debug\CCTexturePVR.obj
D:\Retro Infinity\Coco Setups\cocos2d-x-2.2.4\cocos2dx\proj.winrt\Win32\Debug\CCThread.obj
D:\Retro Infinity\Coco Setups\cocos2d-x-2.2.4\cocos2dx\proj.winrt\Win32\Debug\CCTileMapAtlas.obj
D:\Retro Infinity\Coco Setups\cocos2d-x-2.2.4\cocos2dx\proj.winrt\Win32\Debug\CCTMXLayer.obj
D:\Retro Infinity\Coco Setups\cocos2d-x-2.2.4\cocos2dx\proj.winrt\Win32\Debug\CCTMXObjectGroup.obj
D:\Retro Infinity\Coco Setups\cocos2d-x-2.2.4\cocos2dx\proj.winrt\Win32\Debug\CCTMXTiledMap.obj
D:\Retro Infinity\Coco Setups\cocos2d-x-2.2.4\cocos2dx\proj.winrt\Win32\Debug\CCTMXXMLParser.obj
D:\Retro Infinity\Coco Setups\cocos2d-x-2.2.4\cocos2dx\proj.winrt\Win32\Debug\CCTouch.obj
D:\Retro Infinity\Coco Setups\cocos2d-x-2.2.4\cocos2dx\proj.winrt\Win32\Debug\CCTouchDispatcher.obj
D:\Retro Infinity\Coco Setups\cocos2d-x-2.2.4\cocos2dx\proj.winrt\Win32\Debug\CCTouchHandler.obj
D:\Retro Infinity\Coco Setups\cocos2d-x-2.2.4\cocos2dx\proj.winrt\Win32\Debug\CCTransition.obj
D:\Retro Infinity\Coco Setups\cocos2d-x-2.2.4\cocos2dx\proj.winrt\Win32\Debug\CCTransitionPageTurn.obj
D:\Retro Infinity\Coco Setups\cocos2d-x-2.2.4\cocos2dx\proj.winrt\Win32\Debug\CCTransitionProgress.obj
D:\Retro Infinity\Coco Setups\cocos2d-x-2.2.4\cocos2dx\proj.winrt\Win32\Debug\CCUserDefault.obj
D:\Retro Infinity\Coco Setups\cocos2d-x-2.2.4\cocos2dx\proj.winrt\Win32\Debug\ccUTF8.obj
D:\Retro Infinity\Coco Setups\cocos2d-x-2.2.4\cocos2dx\proj.winrt\Win32\Debug\ccUtils.obj
D:\Retro Infinity\Coco Setups\cocos2d-x-2.2.4\cocos2dx\proj.winrt\Win32\Debug\CCVertex.obj
D:\Retro Infinity\Coco Setups\cocos2d-x-2.2.4\cocos2dx\proj.winrt\Win32\Debug\CCWinRTUtils.obj
D:\Retro Infinity\Coco Setups\cocos2d-x-2.2.4\cocos2dx\proj.winrt\Win32\Debug\CCZone.obj
D:\Retro Infinity\Coco Setups\cocos2d-x-2.2.4\cocos2dx\proj.winrt\Win32\Debug\cocos2d.obj
D:\Retro Infinity\Coco Setups\cocos2d-x-2.2.4\cocos2dx\proj.winrt\Win32\Debug\ioapi.obj
D:\Retro Infinity\Coco Setups\cocos2d-x-2.2.4\cocos2dx\proj.winrt\Win32\Debug\mat3.obj
D:\Retro Infinity\Coco Setups\cocos2d-x-2.2.4\cocos2dx\proj.winrt\Win32\Debug\mat4.obj
D:\Retro Infinity\Coco Setups\cocos2d-x-2.2.4\cocos2dx\proj.winrt\Win32\Debug\mat4stack.obj
D:\Retro Infinity\Coco Setups\cocos2d-x-2.2.4\cocos2dx\proj.winrt\Win32\Debug\matrix.obj
D:\Retro Infinity\Coco Setups\cocos2d-x-2.2.4\cocos2dx\proj.winrt\Win32\Debug\neon_matrix_impl.obj
D:\Retro Infinity\Coco Setups\cocos2d-x-2.2.4\cocos2dx\proj.winrt\Win32\Debug\pch.obj
D:\Retro Infinity\Coco Setups\cocos2d-x-2.2.4\cocos2dx\proj.winrt\Win32\Debug\plane.obj
D:\Retro Infinity\Coco Setups\cocos2d-x-2.2.4\cocos2dx\proj.winrt\Win32\Debug\platform.obj
D:\Retro Infinity\Coco Setups\cocos2d-x-2.2.4\cocos2dx\proj.winrt\Win32\Debug\quaternion.obj
D:\Retro Infinity\Coco Setups\cocos2d-x-2.2.4\cocos2dx\proj.winrt\Win32\Debug\ray2.obj
D:\Retro Infinity\Coco Setups\cocos2d-x-2.2.4\cocos2dx\proj.winrt\Win32\Debug\sha1.obj
D:\Retro Infinity\Coco Setups\cocos2d-x-2.2.4\cocos2dx\proj.winrt\Win32\Debug\TGAlib.obj
D:\Retro Infinity\Coco Setups\cocos2d-x-2.2.4\cocos2dx\proj.winrt\Win32\Debug\tinyxml2.obj
D:\Retro Infinity\Coco Setups\cocos2d-x-2.2.4\cocos2dx\proj.winrt\Win32\Debug\TransformUtils.obj
D:\Retro Infinity\Coco Setups\cocos2d-x-2.2.4\cocos2dx\proj.winrt\Win32\Debug\unzip.obj
D:\Retro Infinity\Coco Setups\cocos2d-x-2.2.4\cocos2dx\proj.winrt\Win32\Debug\utility.obj
D:\Retro Infinity\Coco Setups\cocos2d-x-2.2.4\cocos2dx\proj.winrt\Win32\Debug\vec2.obj
D:\Retro Infinity\Coco Setups\cocos2d-x-2.2.4\cocos2dx\proj.winrt\Win32\Debug\vec3.obj
D:\Retro Infinity\Coco Setups\cocos2d-x-2.2.4\cocos2dx\proj.winrt\Win32\Debug\vec4.obj
D:\Retro Infinity\Coco Setups\cocos2d-x-2.2.4\cocos2dx\proj.winrt\Win32\Debug\ZipUtils.obj
D:\Retro Infinity\Coco Setups\cocos2d-x-2.2.4\cocos2dx\proj.winrt\Win32\Debug\CL.3328.read.1.tlog
D:\Retro Infinity\Coco Setups\cocos2d-x-2.2.4\cocos2dx\proj.winrt\Win32\Debug\CL.3328.write.1.tlog
D:\Retro Infinity\Coco Setups\cocos2d-x-2.2.4\cocos2dx\proj.winrt\Win32\Debug\CL.5684.read.1.tlog
D:\Retro Infinity\Coco Setups\cocos2d-x-2.2.4\cocos2dx\proj.winrt\Win32\Debug\CL.5684.write.1.tlog
D:\Retro Infinity\Coco Setups\cocos2d-x-2.2.4\cocos2dx\proj.winrt\Win32\Debug\CL.5888.read.1.tlog
D:\Retro Infinity\Coco Setups\cocos2d-x-2.2.4\cocos2dx\proj.winrt\Win32\Debug\CL.5888.write.1.tlog
D:\Retro Infinity\Coco Setups\cocos2d-x-2.2.4\cocos2dx\proj.winrt\Win32\Debug\CL.5952.read.1.tlog
D:\Retro Infinity\Coco Setups\cocos2d-x-2.2.4\cocos2dx\proj.winrt\Win32\Debug\CL.5952.write.1.tlog
D:\Retro Infinity\Coco Setups\cocos2d-x-2.2.4\cocos2dx\proj.winrt\Win32\Debug\CL.6112.read.1.tlog
D:\Retro Infinity\Coco Setups\cocos2d-x-2.2.4\cocos2dx\proj.winrt\Win32\Debug\CL.6112.write.1.tlog
D:\Retro Infinity\Coco Setups\cocos2d-x-2.2.4\cocos2dx\proj.winrt\Win32\Debug\CL.6212.read.1.tlog
D:\Retro Infinity\Coco Setups\cocos2d-x-2.2.4\cocos2dx\proj.winrt\Win32\Debug\CL.6212.write.1.tlog
D:\Retro Infinity\Coco Setups\cocos2d-x-2.2.4\cocos2dx\proj.winrt\Win32\Debug\CL.7104.read.1.tlog
D:\Retro Infinity\Coco Setups\cocos2d-x-2.2.4\cocos2dx\proj.winrt\Win32\Debug\CL.7104.write.1.tlog
D:\Retro Infinity\Coco Setups\cocos2d-x-2.2.4\cocos2dx\proj.winrt\Win32\Debug\CL.7500.read.1.tlog
D:\Retro Infinity\Coco Setups\cocos2d-x-2.2.4\cocos2dx\proj.winrt\Win32\Debug\CL.7500.write.1.tlog
D:\Retro Infinity\Coco Setups\cocos2d-x-2.2.4\cocos2dx\proj.winrt\Win32\Debug\cl.command.1.tlog
D:\Retro Infinity\Coco Setups\cocos2d-x-2.2.4\cocos2dx\proj.winrt\Win32\Debug\CL.read.1.tlog
D:\Retro Infinity\Coco Setups\cocos2d-x-2.2.4\cocos2dx\proj.winrt\Win32\Debug\CL.write.1.tlog
D:\Retro Infinity\Coco Setups\cocos2d-x-2.2.4\cocos2dx\proj.winrt\Win32\Debug\libcocos2d.read.1.tlog
D:\Retro Infinity\Coco Setups\cocos2d-x-2.2.4\cocos2dx\proj.winrt\Win32\Debug\libcocos2d.write.1.tlog
D:\Retro Infinity\Coco Setups\cocos2d-x-2.2.4\cocos2dx\proj.winrt\Win32\Debug\link.command.1.tlog
D:\Retro Infinity\Coco Setups\cocos2d-x-2.2.4\cocos2dx\proj.winrt\Win32\Debug\link.read.1.tlog
D:\Retro Infinity\Coco Setups\cocos2d-x-2.2.4\cocos2dx\proj.winrt\Win32\Debug\link.write.1.tlog
D:\Retro Infinity\Coco Setups\cocos2d-x-2.2.4\cocos2dx\proj.winrt\Win32\Debug\libcocos2d.pch
D:\Retro Infinity\Coco Setups\cocos2d-x-2.2.4\cocos2dx\proj.winrt\Win32\Debug\vc110.pdb
D:\Retro Infinity\Coco Setups\cocos2d-x-2.2.4\projects\RetroInfinityDemo\proj.winrt\WinRT\Win32\Debug\cocos2d\libcocos2d.pdb
D:\Retro Infinity\Coco Setups\cocos2d-x-2.2.4\projects\RetroInfinityDemo\proj.winrt\WinRT\Win32\Debug\cocos2d\libcocos2d.dll
