D:\RETRO INFINITY\COCO SETUPS\COCOS2D-X-2.2.4\EXTENSIONS\PROJ.WINRT\WIN32\DEBUG\LIBEXTENSIONS.PCH
D:\RETRO INFINITY\COCO SETUPS\COCOS2D-X-2.2.4\EXTENSIONS\PROJ.WINRT\WIN32\DEBUG\PCH.OBJ
D:\RETRO INFINITY\COCO SETUPS\COCOS2D-X-2.2.4\EXTENSIONS\PROJ.WINRT\WIN32\DEBUG\VC110.PDB
D:\RETRO INFINITY\COCO SETUPS\COCOS2D-X-2.2.4\EXTENSIONS\PROJ.WINRT\WIN32\DEBUG\ASSETSMANAGER.OBJ
D:\RETRO INFINITY\COCO SETUPS\COCOS2D-X-2.2.4\EXTENSIONS\PROJ.WINRT\WIN32\DEBUG\CCBREADER.OBJ
D:\RETRO INFINITY\COCO SETUPS\COCOS2D-X-2.2.4\EXTENSIONS\PROJ.WINRT\WIN32\DEBUG\CCCONTROLBUTTONLOADER.OBJ
D:\RETRO INFINITY\COCO SETUPS\COCOS2D-X-2.2.4\EXTENSIONS\PROJ.WINRT\WIN32\DEBUG\CCLABELBMFONTLOADER.OBJ
D:\RETRO INFINITY\COCO SETUPS\COCOS2D-X-2.2.4\EXTENSIONS\PROJ.WINRT\WIN32\DEBUG\CCLAYERGRADIENTLOADER.OBJ
D:\RETRO INFINITY\COCO SETUPS\COCOS2D-X-2.2.4\EXTENSIONS\PROJ.WINRT\WIN32\DEBUG\CCNODE+CCBRELATIVEPOSITIONING.OBJ
D:\RETRO INFINITY\COCO SETUPS\COCOS2D-X-2.2.4\EXTENSIONS\PROJ.WINRT\WIN32\DEBUG\CCSCALE9SPRITELOADER.OBJ
D:\RETRO INFINITY\COCO SETUPS\COCOS2D-X-2.2.4\EXTENSIONS\PROJ.WINRT\WIN32\DEBUG\CCSPRITELOADER.OBJ
D:\RETRO INFINITY\COCO SETUPS\COCOS2D-X-2.2.4\EXTENSIONS\PROJ.WINRT\WIN32\DEBUG\CCNODEREADER.OBJ
D:\RETRO INFINITY\COCO SETUPS\COCOS2D-X-2.2.4\EXTENSIONS\PROJ.WINRT\WIN32\DEBUG\CCACTIONFRAMEEASING.OBJ
D:\RETRO INFINITY\COCO SETUPS\COCOS2D-X-2.2.4\EXTENSIONS\PROJ.WINRT\WIN32\DEBUG\CCACTIONNODE.OBJ
D:\RETRO INFINITY\COCO SETUPS\COCOS2D-X-2.2.4\EXTENSIONS\PROJ.WINRT\WIN32\DEBUG\CCPROCESSBASE.OBJ
D:\RETRO INFINITY\COCO SETUPS\COCOS2D-X-2.2.4\EXTENSIONS\PROJ.WINRT\WIN32\DEBUG\CCBONE.OBJ
D:\RETRO INFINITY\COCO SETUPS\COCOS2D-X-2.2.4\EXTENSIONS\PROJ.WINRT\WIN32\DEBUG\CCDISPLAYFACTORY.OBJ
D:\RETRO INFINITY\COCO SETUPS\COCOS2D-X-2.2.4\EXTENSIONS\PROJ.WINRT\WIN32\DEBUG\CCARMATUREDATAMANAGER.OBJ
D:\RETRO INFINITY\COCO SETUPS\COCOS2D-X-2.2.4\EXTENSIONS\PROJ.WINRT\WIN32\DEBUG\CCTWEENFUNCTION.OBJ
D:\RETRO INFINITY\COCO SETUPS\COCOS2D-X-2.2.4\EXTENSIONS\PROJ.WINRT\WIN32\DEBUG\CCCOMATTRIBUTE.OBJ
D:\RETRO INFINITY\COCO SETUPS\COCOS2D-X-2.2.4\EXTENSIONS\PROJ.WINRT\WIN32\DEBUG\CCCOMRENDER.OBJ
D:\RETRO INFINITY\COCO SETUPS\COCOS2D-X-2.2.4\EXTENSIONS\PROJ.WINRT\WIN32\DEBUG\UILAYOUTDEFINE.OBJ
D:\RETRO INFINITY\COCO SETUPS\COCOS2D-X-2.2.4\EXTENSIONS\PROJ.WINRT\WIN32\DEBUG\UITOUCHGROUP.OBJ
D:\RETRO INFINITY\COCO SETUPS\COCOS2D-X-2.2.4\EXTENSIONS\PROJ.WINRT\WIN32\DEBUG\UIBUTTON.OBJ
D:\RETRO INFINITY\COCO SETUPS\COCOS2D-X-2.2.4\EXTENSIONS\PROJ.WINRT\WIN32\DEBUG\UILABELATLAS.OBJ
D:\RETRO INFINITY\COCO SETUPS\COCOS2D-X-2.2.4\EXTENSIONS\PROJ.WINRT\WIN32\DEBUG\UISLIDER.OBJ
D:\RETRO INFINITY\COCO SETUPS\COCOS2D-X-2.2.4\EXTENSIONS\PROJ.WINRT\WIN32\DEBUG\DICTIONARYHELPER.OBJ
D:\RETRO INFINITY\COCO SETUPS\COCOS2D-X-2.2.4\EXTENSIONS\PROJ.WINRT\WIN32\DEBUG\CHECKBOXREADER.OBJ
D:\RETRO INFINITY\COCO SETUPS\COCOS2D-X-2.2.4\EXTENSIONS\PROJ.WINRT\WIN32\DEBUG\LABELREADER.OBJ
D:\RETRO INFINITY\COCO SETUPS\COCOS2D-X-2.2.4\EXTENSIONS\PROJ.WINRT\WIN32\DEBUG\PAGEVIEWREADER.OBJ
D:\RETRO INFINITY\COCO SETUPS\COCOS2D-X-2.2.4\EXTENSIONS\PROJ.WINRT\WIN32\DEBUG\SLIDERREADER.OBJ
D:\RETRO INFINITY\COCO SETUPS\COCOS2D-X-2.2.4\EXTENSIONS\PROJ.WINRT\WIN32\DEBUG\TRIGGERMNG.OBJ
D:\RETRO INFINITY\COCO SETUPS\COCOS2D-X-2.2.4\EXTENSIONS\PROJ.WINRT\WIN32\DEBUG\CCCONTROLSATURATIONBRIGHTNESSPICKER.OBJ
D:\RETRO INFINITY\COCO SETUPS\COCOS2D-X-2.2.4\EXTENSIONS\PROJ.WINRT\WIN32\DEBUG\CCCONTROLUTILS.OBJ
D:\RETRO INFINITY\COCO SETUPS\COCOS2D-X-2.2.4\EXTENSIONS\PROJ.WINRT\WIN32\DEBUG\CCEDITBOX.OBJ
D:\RETRO INFINITY\COCO SETUPS\COCOS2D-X-2.2.4\EXTENSIONS\PROJ.WINRT\WIN32\DEBUG\CCTABLEVIEWCELL.OBJ
D:\RETRO INFINITY\COCO SETUPS\COCOS2D-X-2.2.4\EXTENSIONS\PROJ.WINRT\WIN32\DEBUG\ANIMATION.OBJ
D:\RETRO INFINITY\COCO SETUPS\COCOS2D-X-2.2.4\EXTENSIONS\PROJ.WINRT\WIN32\DEBUG\ATLAS.OBJ
D:\RETRO INFINITY\COCO SETUPS\COCOS2D-X-2.2.4\EXTENSIONS\PROJ.WINRT\WIN32\DEBUG\ATTACHMENTLOADER.OBJ
D:\RETRO INFINITY\COCO SETUPS\COCOS2D-X-2.2.4\EXTENSIONS\PROJ.WINRT\WIN32\DEBUG\EXTENSION.OBJ
D:\RETRO INFINITY\COCO SETUPS\COCOS2D-X-2.2.4\EXTENSIONS\PROJ.WINRT\WIN32\DEBUG\SKELETON.OBJ
D:\RETRO INFINITY\COCO SETUPS\COCOS2D-X-2.2.4\EXTENSIONS\PROJ.WINRT\WIN32\DEBUG\SLOT.OBJ
D:\RETRO INFINITY\COCO SETUPS\COCOS2D-X-2.2.4\EXTENSIONS\PROJ.WINRT\WIN32\DEBUG\CCBANIMATIONMANAGER.OBJ
D:\RETRO INFINITY\COCO SETUPS\COCOS2D-X-2.2.4\EXTENSIONS\PROJ.WINRT\WIN32\DEBUG\CCBSEQUENCE.OBJ
D:\RETRO INFINITY\COCO SETUPS\COCOS2D-X-2.2.4\EXTENSIONS\PROJ.WINRT\WIN32\DEBUG\CCCONTROLLOADER.OBJ
D:\RETRO INFINITY\COCO SETUPS\COCOS2D-X-2.2.4\EXTENSIONS\PROJ.WINRT\WIN32\DEBUG\CCLAYERCOLORLOADER.OBJ
D:\RETRO INFINITY\COCO SETUPS\COCOS2D-X-2.2.4\EXTENSIONS\PROJ.WINRT\WIN32\DEBUG\CCMENUITEMLOADER.OBJ
D:\RETRO INFINITY\COCO SETUPS\COCOS2D-X-2.2.4\EXTENSIONS\PROJ.WINRT\WIN32\DEBUG\CCPARTICLESYSTEMQUADLOADER.OBJ
D:\RETRO INFINITY\COCO SETUPS\COCOS2D-X-2.2.4\EXTENSIONS\PROJ.WINRT\WIN32\DEBUG\CCSCROLLVIEWLOADER.OBJ
D:\RETRO INFINITY\COCO SETUPS\COCOS2D-X-2.2.4\EXTENSIONS\PROJ.WINRT\WIN32\DEBUG\CCACTIONTIMELINECACHE.OBJ
D:\RETRO INFINITY\COCO SETUPS\COCOS2D-X-2.2.4\EXTENSIONS\PROJ.WINRT\WIN32\DEBUG\CCTIMELINE.OBJ
D:\RETRO INFINITY\COCO SETUPS\COCOS2D-X-2.2.4\EXTENSIONS\PROJ.WINRT\WIN32\DEBUG\CCACTIONMANAGER.OBJ
D:\RETRO INFINITY\COCO SETUPS\COCOS2D-X-2.2.4\EXTENSIONS\PROJ.WINRT\WIN32\DEBUG\CCTWEEN.OBJ
D:\RETRO INFINITY\COCO SETUPS\COCOS2D-X-2.2.4\EXTENSIONS\PROJ.WINRT\WIN32\DEBUG\CCDATAS.OBJ
D:\RETRO INFINITY\COCO SETUPS\COCOS2D-X-2.2.4\EXTENSIONS\PROJ.WINRT\WIN32\DEBUG\CCDISPLAYMANAGER.OBJ
D:\RETRO INFINITY\COCO SETUPS\COCOS2D-X-2.2.4\EXTENSIONS\PROJ.WINRT\WIN32\DEBUG\CCARMATUREDEFINE.OBJ
D:\RETRO INFINITY\COCO SETUPS\COCOS2D-X-2.2.4\EXTENSIONS\PROJ.WINRT\WIN32\DEBUG\CCTRANSFORMHELP.OBJ
D:\RETRO INFINITY\COCO SETUPS\COCOS2D-X-2.2.4\EXTENSIONS\PROJ.WINRT\WIN32\DEBUG\CCCOMAUDIO.OBJ
D:\RETRO INFINITY\COCO SETUPS\COCOS2D-X-2.2.4\EXTENSIONS\PROJ.WINRT\WIN32\DEBUG\CCINPUTDELEGATE.OBJ
D:\RETRO INFINITY\COCO SETUPS\COCOS2D-X-2.2.4\EXTENSIONS\PROJ.WINRT\WIN32\DEBUG\UIWIDGET.OBJ
D:\RETRO INFINITY\COCO SETUPS\COCOS2D-X-2.2.4\EXTENSIONS\PROJ.WINRT\WIN32\DEBUG\UILAYOUTPARAMETER.OBJ
D:\RETRO INFINITY\COCO SETUPS\COCOS2D-X-2.2.4\EXTENSIONS\PROJ.WINRT\WIN32\DEBUG\UISCROLLVIEW.OBJ
D:\RETRO INFINITY\COCO SETUPS\COCOS2D-X-2.2.4\EXTENSIONS\PROJ.WINRT\WIN32\DEBUG\UILABEL.OBJ
D:\RETRO INFINITY\COCO SETUPS\COCOS2D-X-2.2.4\EXTENSIONS\PROJ.WINRT\WIN32\DEBUG\UIRICHTEXT.OBJ
D:\RETRO INFINITY\COCO SETUPS\COCOS2D-X-2.2.4\EXTENSIONS\PROJ.WINRT\WIN32\DEBUG\GUIREADER.OBJ
D:\RETRO INFINITY\COCO SETUPS\COCOS2D-X-2.2.4\EXTENSIONS\PROJ.WINRT\WIN32\DEBUG\LABELATLASREADER.OBJ
D:\RETRO INFINITY\COCO SETUPS\COCOS2D-X-2.2.4\EXTENSIONS\PROJ.WINRT\WIN32\DEBUG\LOADINGBARREADER.OBJ
D:\RETRO INFINITY\COCO SETUPS\COCOS2D-X-2.2.4\EXTENSIONS\PROJ.WINRT\WIN32\DEBUG\WIDGETREADER.OBJ
D:\RETRO INFINITY\COCO SETUPS\COCOS2D-X-2.2.4\EXTENSIONS\PROJ.WINRT\WIN32\DEBUG\TRIGGEROBJ.OBJ
D:\RETRO INFINITY\COCO SETUPS\COCOS2D-X-2.2.4\EXTENSIONS\PROJ.WINRT\WIN32\DEBUG\CCCONTROLHUEPICKER.OBJ
D:\RETRO INFINITY\COCO SETUPS\COCOS2D-X-2.2.4\EXTENSIONS\PROJ.WINRT\WIN32\DEBUG\CCCONTROLSWITCH.OBJ
D:\RETRO INFINITY\COCO SETUPS\COCOS2D-X-2.2.4\EXTENSIONS\PROJ.WINRT\WIN32\DEBUG\CCEDITBOXIMPLWINRT.OBJ
D:\RETRO INFINITY\COCO SETUPS\COCOS2D-X-2.2.4\EXTENSIONS\PROJ.WINRT\WIN32\DEBUG\CCPHYSICSSPRITE.OBJ
D:\RETRO INFINITY\COCO SETUPS\COCOS2D-X-2.2.4\EXTENSIONS\PROJ.WINRT\WIN32\DEBUG\ANIMATIONSTATEDATA.OBJ
D:\RETRO INFINITY\COCO SETUPS\COCOS2D-X-2.2.4\EXTENSIONS\PROJ.WINRT\WIN32\DEBUG\ATLASATTACHMENTLOADER.OBJ
D:\RETRO INFINITY\COCO SETUPS\COCOS2D-X-2.2.4\EXTENSIONS\PROJ.WINRT\WIN32\DEBUG\BONEDATA.OBJ
D:\RETRO INFINITY\COCO SETUPS\COCOS2D-X-2.2.4\EXTENSIONS\PROJ.WINRT\WIN32\DEBUG\CCSKELETONANIMATION.OBJ
D:\RETRO INFINITY\COCO SETUPS\COCOS2D-X-2.2.4\EXTENSIONS\PROJ.WINRT\WIN32\DEBUG\SKIN.OBJ
D:\RETRO INFINITY\COCO SETUPS\COCOS2D-X-2.2.4\EXTENSIONS\PROJ.WINRT\WIN32\DEBUG\SPINE-COCOS2DX.OBJ
D:\RETRO INFINITY\COCO SETUPS\COCOS2D-X-2.2.4\EXTENSIONS\PROJ.WINRT\WIN32\DEBUG\CCBFILELOADER.OBJ
D:\RETRO INFINITY\COCO SETUPS\COCOS2D-X-2.2.4\EXTENSIONS\PROJ.WINRT\WIN32\DEBUG\CCBKEYFRAME.OBJ
D:\RETRO INFINITY\COCO SETUPS\COCOS2D-X-2.2.4\EXTENSIONS\PROJ.WINRT\WIN32\DEBUG\CCBVALUE.OBJ
D:\RETRO INFINITY\COCO SETUPS\COCOS2D-X-2.2.4\EXTENSIONS\PROJ.WINRT\WIN32\DEBUG\CCLABELTTFLOADER.OBJ
D:\RETRO INFINITY\COCO SETUPS\COCOS2D-X-2.2.4\EXTENSIONS\PROJ.WINRT\WIN32\DEBUG\CCLAYERLOADER.OBJ
D:\RETRO INFINITY\COCO SETUPS\COCOS2D-X-2.2.4\EXTENSIONS\PROJ.WINRT\WIN32\DEBUG\CCNODELOADERLIBRARY.OBJ
D:\RETRO INFINITY\COCO SETUPS\COCOS2D-X-2.2.4\EXTENSIONS\PROJ.WINRT\WIN32\DEBUG\CCFRAME.OBJ
D:\RETRO INFINITY\COCO SETUPS\COCOS2D-X-2.2.4\EXTENSIONS\PROJ.WINRT\WIN32\DEBUG\CCACTIONFRAME.OBJ
D:\RETRO INFINITY\COCO SETUPS\COCOS2D-X-2.2.4\EXTENSIONS\PROJ.WINRT\WIN32\DEBUG\CCARMATUREANIMATION.OBJ
D:\RETRO INFINITY\COCO SETUPS\COCOS2D-X-2.2.4\EXTENSIONS\PROJ.WINRT\WIN32\DEBUG\CCBATCHNODE.OBJ
D:\RETRO INFINITY\COCO SETUPS\COCOS2D-X-2.2.4\EXTENSIONS\PROJ.WINRT\WIN32\DEBUG\CCCOLLIDERDETECTOR.OBJ
D:\RETRO INFINITY\COCO SETUPS\COCOS2D-X-2.2.4\EXTENSIONS\PROJ.WINRT\WIN32\DEBUG\CCDATAREADERHELPER.OBJ
D:\RETRO INFINITY\COCO SETUPS\COCOS2D-X-2.2.4\EXTENSIONS\PROJ.WINRT\WIN32\DEBUG\COCOSGUI.OBJ
D:\RETRO INFINITY\COCO SETUPS\COCOS2D-X-2.2.4\EXTENSIONS\PROJ.WINRT\WIN32\DEBUG\UILISTVIEW.OBJ
D:\RETRO INFINITY\COCO SETUPS\COCOS2D-X-2.2.4\EXTENSIONS\PROJ.WINRT\WIN32\DEBUG\UICHECKBOX.OBJ
D:\RETRO INFINITY\COCO SETUPS\COCOS2D-X-2.2.4\EXTENSIONS\PROJ.WINRT\WIN32\DEBUG\UILOADINGBAR.OBJ
D:\RETRO INFINITY\COCO SETUPS\COCOS2D-X-2.2.4\EXTENSIONS\PROJ.WINRT\WIN32\DEBUG\UITEXTFIELD.OBJ
D:\RETRO INFINITY\COCO SETUPS\COCOS2D-X-2.2.4\EXTENSIONS\PROJ.WINRT\WIN32\DEBUG\SCENEREADER.OBJ
D:\RETRO INFINITY\COCO SETUPS\COCOS2D-X-2.2.4\EXTENSIONS\PROJ.WINRT\WIN32\DEBUG\IMAGEVIEWREADER.OBJ
D:\RETRO INFINITY\COCO SETUPS\COCOS2D-X-2.2.4\EXTENSIONS\PROJ.WINRT\WIN32\DEBUG\LAYOUTREADER.OBJ
D:\RETRO INFINITY\COCO SETUPS\COCOS2D-X-2.2.4\EXTENSIONS\PROJ.WINRT\WIN32\DEBUG\SCROLLVIEWREADER.OBJ
D:\RETRO INFINITY\COCO SETUPS\COCOS2D-X-2.2.4\EXTENSIONS\PROJ.WINRT\WIN32\DEBUG\OBJECTFACTORY.OBJ
D:\RETRO INFINITY\COCO SETUPS\COCOS2D-X-2.2.4\EXTENSIONS\PROJ.WINRT\WIN32\DEBUG\CCCONTROL.OBJ
D:\RETRO INFINITY\COCO SETUPS\COCOS2D-X-2.2.4\EXTENSIONS\PROJ.WINRT\WIN32\DEBUG\CCCONTROLPOTENTIOMETER.OBJ
D:\RETRO INFINITY\COCO SETUPS\COCOS2D-X-2.2.4\EXTENSIONS\PROJ.WINRT\WIN32\DEBUG\CCCONTROLSLIDER.OBJ
D:\RETRO INFINITY\COCO SETUPS\COCOS2D-X-2.2.4\EXTENSIONS\PROJ.WINRT\WIN32\DEBUG\CCINVOCATION.OBJ
D:\RETRO INFINITY\COCO SETUPS\COCOS2D-X-2.2.4\EXTENSIONS\PROJ.WINRT\WIN32\DEBUG\CCSCROLLVIEW.OBJ
D:\RETRO INFINITY\COCO SETUPS\COCOS2D-X-2.2.4\EXTENSIONS\PROJ.WINRT\WIN32\DEBUG\CCPHYSICSDEBUGNODE.OBJ
D:\RETRO INFINITY\COCO SETUPS\COCOS2D-X-2.2.4\EXTENSIONS\PROJ.WINRT\WIN32\DEBUG\ANIMATIONSTATE.OBJ
D:\RETRO INFINITY\COCO SETUPS\COCOS2D-X-2.2.4\EXTENSIONS\PROJ.WINRT\WIN32\DEBUG\ATTACHMENT.OBJ
D:\RETRO INFINITY\COCO SETUPS\COCOS2D-X-2.2.4\EXTENSIONS\PROJ.WINRT\WIN32\DEBUG\BONE.OBJ
D:\RETRO INFINITY\COCO SETUPS\COCOS2D-X-2.2.4\EXTENSIONS\PROJ.WINRT\WIN32\DEBUG\JSON.OBJ
D:\RETRO INFINITY\COCO SETUPS\COCOS2D-X-2.2.4\EXTENSIONS\PROJ.WINRT\WIN32\DEBUG\SKELETONDATA.OBJ
D:\RETRO INFINITY\COCO SETUPS\COCOS2D-X-2.2.4\EXTENSIONS\PROJ.WINRT\WIN32\DEBUG\SLOTDATA.OBJ
D:\RETRO INFINITY\COCO SETUPS\COCOS2D-X-2.2.4\EXTENSIONS\PROJ.WINRT\WIN32\DEBUG\CCPTHREADWINRT.OBJ
D:\RETRO INFINITY\COCO SETUPS\COCOS2D-X-2.2.4\EXTENSIONS\PROJ.WINRT\WIN32\DEBUG\CCBSEQUENCEPROPERTY.OBJ
D:\RETRO INFINITY\COCO SETUPS\COCOS2D-X-2.2.4\EXTENSIONS\PROJ.WINRT\WIN32\DEBUG\CCDATA.OBJ
D:\RETRO INFINITY\COCO SETUPS\COCOS2D-X-2.2.4\EXTENSIONS\PROJ.WINRT\WIN32\DEBUG\CCMENUITEMIMAGELOADER.OBJ
D:\RETRO INFINITY\COCO SETUPS\COCOS2D-X-2.2.4\EXTENSIONS\PROJ.WINRT\WIN32\DEBUG\CCNODELOADER.OBJ
D:\RETRO INFINITY\COCO SETUPS\COCOS2D-X-2.2.4\EXTENSIONS\PROJ.WINRT\WIN32\DEBUG\CCACTIONTIMELINE.OBJ
D:\RETRO INFINITY\COCO SETUPS\COCOS2D-X-2.2.4\EXTENSIONS\PROJ.WINRT\WIN32\DEBUG\CCACTIONEASEEX.OBJ
D:\RETRO INFINITY\COCO SETUPS\COCOS2D-X-2.2.4\EXTENSIONS\PROJ.WINRT\WIN32\DEBUG\CCACTIONOBJECT.OBJ
D:\RETRO INFINITY\COCO SETUPS\COCOS2D-X-2.2.4\EXTENSIONS\PROJ.WINRT\WIN32\DEBUG\CCARMATURE.OBJ
D:\RETRO INFINITY\COCO SETUPS\COCOS2D-X-2.2.4\EXTENSIONS\PROJ.WINRT\WIN32\DEBUG\CCDECORATIVEDISPLAY.OBJ
D:\RETRO INFINITY\COCO SETUPS\COCOS2D-X-2.2.4\EXTENSIONS\PROJ.WINRT\WIN32\DEBUG\CCSKIN.OBJ
D:\RETRO INFINITY\COCO SETUPS\COCOS2D-X-2.2.4\EXTENSIONS\PROJ.WINRT\WIN32\DEBUG\CCSPRITEFRAMECACHEHELPER.OBJ
D:\RETRO INFINITY\COCO SETUPS\COCOS2D-X-2.2.4\EXTENSIONS\PROJ.WINRT\WIN32\DEBUG\CCUTILMATH.OBJ
D:\RETRO INFINITY\COCO SETUPS\COCOS2D-X-2.2.4\EXTENSIONS\PROJ.WINRT\WIN32\DEBUG\CCCOMCONTROLLER.OBJ
D:\RETRO INFINITY\COCO SETUPS\COCOS2D-X-2.2.4\EXTENSIONS\PROJ.WINRT\WIN32\DEBUG\UILAYOUT.OBJ
D:\RETRO INFINITY\COCO SETUPS\COCOS2D-X-2.2.4\EXTENSIONS\PROJ.WINRT\WIN32\DEBUG\UIHELPER.OBJ
D:\RETRO INFINITY\COCO SETUPS\COCOS2D-X-2.2.4\EXTENSIONS\PROJ.WINRT\WIN32\DEBUG\UIPAGEVIEW.OBJ
D:\RETRO INFINITY\COCO SETUPS\COCOS2D-X-2.2.4\EXTENSIONS\PROJ.WINRT\WIN32\DEBUG\UIIMAGEVIEW.OBJ
D:\RETRO INFINITY\COCO SETUPS\COCOS2D-X-2.2.4\EXTENSIONS\PROJ.WINRT\WIN32\DEBUG\UILABELBMFONT.OBJ
D:\RETRO INFINITY\COCO SETUPS\COCOS2D-X-2.2.4\EXTENSIONS\PROJ.WINRT\WIN32\DEBUG\COCOLOADER.OBJ
D:\RETRO INFINITY\COCO SETUPS\COCOS2D-X-2.2.4\EXTENSIONS\PROJ.WINRT\WIN32\DEBUG\BUTTONREADER.OBJ
D:\RETRO INFINITY\COCO SETUPS\COCOS2D-X-2.2.4\EXTENSIONS\PROJ.WINRT\WIN32\DEBUG\LABELBMFONTREADER.OBJ
D:\RETRO INFINITY\COCO SETUPS\COCOS2D-X-2.2.4\EXTENSIONS\PROJ.WINRT\WIN32\DEBUG\LISTVIEWREADER.OBJ
D:\RETRO INFINITY\COCO SETUPS\COCOS2D-X-2.2.4\EXTENSIONS\PROJ.WINRT\WIN32\DEBUG\TEXTFIELDREADER.OBJ
D:\RETRO INFINITY\COCO SETUPS\COCOS2D-X-2.2.4\EXTENSIONS\PROJ.WINRT\WIN32\DEBUG\TRIGGERBASE.OBJ
D:\RETRO INFINITY\COCO SETUPS\COCOS2D-X-2.2.4\EXTENSIONS\PROJ.WINRT\WIN32\DEBUG\CCCONTROLBUTTON.OBJ
D:\RETRO INFINITY\COCO SETUPS\COCOS2D-X-2.2.4\EXTENSIONS\PROJ.WINRT\WIN32\DEBUG\CCCONTROLCOLOURPICKER.OBJ
D:\RETRO INFINITY\COCO SETUPS\COCOS2D-X-2.2.4\EXTENSIONS\PROJ.WINRT\WIN32\DEBUG\CCCONTROLSTEPPER.OBJ
D:\RETRO INFINITY\COCO SETUPS\COCOS2D-X-2.2.4\EXTENSIONS\PROJ.WINRT\WIN32\DEBUG\CCSCALE9SPRITE.OBJ
D:\RETRO INFINITY\COCO SETUPS\COCOS2D-X-2.2.4\EXTENSIONS\PROJ.WINRT\WIN32\DEBUG\CCSORTING.OBJ
D:\RETRO INFINITY\COCO SETUPS\COCOS2D-X-2.2.4\EXTENSIONS\PROJ.WINRT\WIN32\DEBUG\CCTABLEVIEW.OBJ
D:\RETRO INFINITY\COCO SETUPS\COCOS2D-X-2.2.4\EXTENSIONS\PROJ.WINRT\WIN32\DEBUG\CCSKELETON.OBJ
D:\RETRO INFINITY\COCO SETUPS\COCOS2D-X-2.2.4\EXTENSIONS\PROJ.WINRT\WIN32\DEBUG\REGIONATTACHMENT.OBJ
D:\RETRO INFINITY\COCO SETUPS\COCOS2D-X-2.2.4\EXTENSIONS\PROJ.WINRT\WIN32\DEBUG\SKELETONJSON.OBJ
D:\RETRO INFINITY\COCO SETUPS\COCOS2D-X-2.2.4\PROJECTS\RETROINFINITYDEMO\PROJ.WINRT\WINRT\WIN32\DEBUG\LIBEXTENSIONS\LIBEXTENSIONS.LIB
D:\Retro Infinity\Coco Setups\cocos2d-x-2.2.4\extensions\proj.winrt\Win32\Debug\libExtensions.vcxprojResolveAssemblyReference.cache
D:\Retro Infinity\Coco Setups\cocos2d-x-2.2.4\extensions\proj.winrt\Win32\Debug\priconfig.xml.intermediate
D:\Retro Infinity\Coco Setups\cocos2d-x-2.2.4\extensions\proj.winrt\Win32\Debug\layout.resfiles.intermediate
D:\Retro Infinity\Coco Setups\cocos2d-x-2.2.4\extensions\proj.winrt\Win32\Debug\resources.resfiles.intermediate
D:\Retro Infinity\Coco Setups\cocos2d-x-2.2.4\extensions\proj.winrt\Win32\Debug\pri.resfiles.intermediate
D:\Retro Infinity\Coco Setups\cocos2d-x-2.2.4\extensions\proj.winrt\Win32\Debug\priconfig.xml
D:\Retro Infinity\Coco Setups\cocos2d-x-2.2.4\extensions\proj.winrt\Win32\Debug\layout.resfiles
D:\Retro Infinity\Coco Setups\cocos2d-x-2.2.4\extensions\proj.winrt\Win32\Debug\resources.resfiles
D:\Retro Infinity\Coco Setups\cocos2d-x-2.2.4\extensions\proj.winrt\Win32\Debug\pri.resfiles
D:\Retro Infinity\Coco Setups\cocos2d-x-2.2.4\projects\RII\proj.winrt\WinRT\Win32\Debug\libExtensions\libExtensions.pri
D:\Retro Infinity\Coco Setups\cocos2d-x-2.2.4\extensions\proj.winrt\Win32\Debug\LanguageQualifiers.txt
D:\Retro Infinity\Coco Setups\cocos2d-x-2.2.4\projects\RetroInfinityDemo\proj.winrt\WinRT\Win32\Debug\libExtensions\libExtensions.pri
D:\Retro Infinity\Coco Setups\cocos2d-x-2.2.4\extensions\proj.winrt\Win32\Debug\Animation.obj
D:\Retro Infinity\Coco Setups\cocos2d-x-2.2.4\extensions\proj.winrt\Win32\Debug\AnimationState.obj
D:\Retro Infinity\Coco Setups\cocos2d-x-2.2.4\extensions\proj.winrt\Win32\Debug\AnimationStateData.obj
D:\Retro Infinity\Coco Setups\cocos2d-x-2.2.4\extensions\proj.winrt\Win32\Debug\AssetsManager.obj
D:\Retro Infinity\Coco Setups\cocos2d-x-2.2.4\extensions\proj.winrt\Win32\Debug\Atlas.obj
D:\Retro Infinity\Coco Setups\cocos2d-x-2.2.4\extensions\proj.winrt\Win32\Debug\AtlasAttachmentLoader.obj
D:\Retro Infinity\Coco Setups\cocos2d-x-2.2.4\extensions\proj.winrt\Win32\Debug\Attachment.obj
D:\Retro Infinity\Coco Setups\cocos2d-x-2.2.4\extensions\proj.winrt\Win32\Debug\AttachmentLoader.obj
D:\Retro Infinity\Coco Setups\cocos2d-x-2.2.4\extensions\proj.winrt\Win32\Debug\Bone.obj
D:\Retro Infinity\Coco Setups\cocos2d-x-2.2.4\extensions\proj.winrt\Win32\Debug\BoneData.obj
D:\Retro Infinity\Coco Setups\cocos2d-x-2.2.4\extensions\proj.winrt\Win32\Debug\ButtonReader.obj
D:\Retro Infinity\Coco Setups\cocos2d-x-2.2.4\extensions\proj.winrt\Win32\Debug\CCActionEaseEx.obj
D:\Retro Infinity\Coco Setups\cocos2d-x-2.2.4\extensions\proj.winrt\Win32\Debug\CCActionFrame.obj
D:\Retro Infinity\Coco Setups\cocos2d-x-2.2.4\extensions\proj.winrt\Win32\Debug\CCActionFrameEasing.obj
D:\Retro Infinity\Coco Setups\cocos2d-x-2.2.4\extensions\proj.winrt\Win32\Debug\CCActionManager.obj
D:\Retro Infinity\Coco Setups\cocos2d-x-2.2.4\extensions\proj.winrt\Win32\Debug\CCActionNode.obj
D:\Retro Infinity\Coco Setups\cocos2d-x-2.2.4\extensions\proj.winrt\Win32\Debug\CCActionObject.obj
D:\Retro Infinity\Coco Setups\cocos2d-x-2.2.4\extensions\proj.winrt\Win32\Debug\CCActionTimeline.obj
D:\Retro Infinity\Coco Setups\cocos2d-x-2.2.4\extensions\proj.winrt\Win32\Debug\CCActionTimelineCache.obj
D:\Retro Infinity\Coco Setups\cocos2d-x-2.2.4\extensions\proj.winrt\Win32\Debug\CCArmature.obj
D:\Retro Infinity\Coco Setups\cocos2d-x-2.2.4\extensions\proj.winrt\Win32\Debug\CCArmatureAnimation.obj
D:\Retro Infinity\Coco Setups\cocos2d-x-2.2.4\extensions\proj.winrt\Win32\Debug\CCArmatureDataManager.obj
D:\Retro Infinity\Coco Setups\cocos2d-x-2.2.4\extensions\proj.winrt\Win32\Debug\CCArmatureDefine.obj
D:\Retro Infinity\Coco Setups\cocos2d-x-2.2.4\extensions\proj.winrt\Win32\Debug\CCBAnimationManager.obj
D:\Retro Infinity\Coco Setups\cocos2d-x-2.2.4\extensions\proj.winrt\Win32\Debug\CCBatchNode.obj
D:\Retro Infinity\Coco Setups\cocos2d-x-2.2.4\extensions\proj.winrt\Win32\Debug\CCBFileLoader.obj
D:\Retro Infinity\Coco Setups\cocos2d-x-2.2.4\extensions\proj.winrt\Win32\Debug\CCBKeyframe.obj
D:\Retro Infinity\Coco Setups\cocos2d-x-2.2.4\extensions\proj.winrt\Win32\Debug\CCBone.obj
D:\Retro Infinity\Coco Setups\cocos2d-x-2.2.4\extensions\proj.winrt\Win32\Debug\CCBReader.obj
D:\Retro Infinity\Coco Setups\cocos2d-x-2.2.4\extensions\proj.winrt\Win32\Debug\CCBSequence.obj
D:\Retro Infinity\Coco Setups\cocos2d-x-2.2.4\extensions\proj.winrt\Win32\Debug\CCBSequenceProperty.obj
D:\Retro Infinity\Coco Setups\cocos2d-x-2.2.4\extensions\proj.winrt\Win32\Debug\CCBValue.obj
D:\Retro Infinity\Coco Setups\cocos2d-x-2.2.4\extensions\proj.winrt\Win32\Debug\CCColliderDetector.obj
D:\Retro Infinity\Coco Setups\cocos2d-x-2.2.4\extensions\proj.winrt\Win32\Debug\CCComAttribute.obj
D:\Retro Infinity\Coco Setups\cocos2d-x-2.2.4\extensions\proj.winrt\Win32\Debug\CCComAudio.obj
D:\Retro Infinity\Coco Setups\cocos2d-x-2.2.4\extensions\proj.winrt\Win32\Debug\CCComController.obj
D:\Retro Infinity\Coco Setups\cocos2d-x-2.2.4\extensions\proj.winrt\Win32\Debug\CCComRender.obj
D:\Retro Infinity\Coco Setups\cocos2d-x-2.2.4\extensions\proj.winrt\Win32\Debug\CCControl.obj
D:\Retro Infinity\Coco Setups\cocos2d-x-2.2.4\extensions\proj.winrt\Win32\Debug\CCControlButton.obj
D:\Retro Infinity\Coco Setups\cocos2d-x-2.2.4\extensions\proj.winrt\Win32\Debug\CCControlButtonLoader.obj
D:\Retro Infinity\Coco Setups\cocos2d-x-2.2.4\extensions\proj.winrt\Win32\Debug\CCControlColourPicker.obj
D:\Retro Infinity\Coco Setups\cocos2d-x-2.2.4\extensions\proj.winrt\Win32\Debug\CCControlHuePicker.obj
D:\Retro Infinity\Coco Setups\cocos2d-x-2.2.4\extensions\proj.winrt\Win32\Debug\CCControlLoader.obj
D:\Retro Infinity\Coco Setups\cocos2d-x-2.2.4\extensions\proj.winrt\Win32\Debug\CCControlPotentiometer.obj
D:\Retro Infinity\Coco Setups\cocos2d-x-2.2.4\extensions\proj.winrt\Win32\Debug\CCControlSaturationBrightnessPicker.obj
D:\Retro Infinity\Coco Setups\cocos2d-x-2.2.4\extensions\proj.winrt\Win32\Debug\CCControlSlider.obj
D:\Retro Infinity\Coco Setups\cocos2d-x-2.2.4\extensions\proj.winrt\Win32\Debug\CCControlStepper.obj
D:\Retro Infinity\Coco Setups\cocos2d-x-2.2.4\extensions\proj.winrt\Win32\Debug\CCControlSwitch.obj
D:\Retro Infinity\Coco Setups\cocos2d-x-2.2.4\extensions\proj.winrt\Win32\Debug\CCControlUtils.obj
D:\Retro Infinity\Coco Setups\cocos2d-x-2.2.4\extensions\proj.winrt\Win32\Debug\CCData.obj
D:\Retro Infinity\Coco Setups\cocos2d-x-2.2.4\extensions\proj.winrt\Win32\Debug\CCDataReaderHelper.obj
D:\Retro Infinity\Coco Setups\cocos2d-x-2.2.4\extensions\proj.winrt\Win32\Debug\CCDatas.obj
D:\Retro Infinity\Coco Setups\cocos2d-x-2.2.4\extensions\proj.winrt\Win32\Debug\CCDecorativeDisplay.obj
D:\Retro Infinity\Coco Setups\cocos2d-x-2.2.4\extensions\proj.winrt\Win32\Debug\CCDisplayFactory.obj
D:\Retro Infinity\Coco Setups\cocos2d-x-2.2.4\extensions\proj.winrt\Win32\Debug\CCDisplayManager.obj
D:\Retro Infinity\Coco Setups\cocos2d-x-2.2.4\extensions\proj.winrt\Win32\Debug\CCEditBox.obj
D:\Retro Infinity\Coco Setups\cocos2d-x-2.2.4\extensions\proj.winrt\Win32\Debug\CCEditBoxImplWinrt.obj
D:\Retro Infinity\Coco Setups\cocos2d-x-2.2.4\extensions\proj.winrt\Win32\Debug\CCFrame.obj
D:\Retro Infinity\Coco Setups\cocos2d-x-2.2.4\extensions\proj.winrt\Win32\Debug\CCInputDelegate.obj
D:\Retro Infinity\Coco Setups\cocos2d-x-2.2.4\extensions\proj.winrt\Win32\Debug\CCInvocation.obj
D:\Retro Infinity\Coco Setups\cocos2d-x-2.2.4\extensions\proj.winrt\Win32\Debug\CCLabelBMFontLoader.obj
D:\Retro Infinity\Coco Setups\cocos2d-x-2.2.4\extensions\proj.winrt\Win32\Debug\CCLabelTTFLoader.obj
D:\Retro Infinity\Coco Setups\cocos2d-x-2.2.4\extensions\proj.winrt\Win32\Debug\CCLayerColorLoader.obj
D:\Retro Infinity\Coco Setups\cocos2d-x-2.2.4\extensions\proj.winrt\Win32\Debug\CCLayerGradientLoader.obj
D:\Retro Infinity\Coco Setups\cocos2d-x-2.2.4\extensions\proj.winrt\Win32\Debug\CCLayerLoader.obj
D:\Retro Infinity\Coco Setups\cocos2d-x-2.2.4\extensions\proj.winrt\Win32\Debug\CCMenuItemImageLoader.obj
D:\Retro Infinity\Coco Setups\cocos2d-x-2.2.4\extensions\proj.winrt\Win32\Debug\CCMenuItemLoader.obj
D:\Retro Infinity\Coco Setups\cocos2d-x-2.2.4\extensions\proj.winrt\Win32\Debug\CCNode+CCBRelativePositioning.obj
D:\Retro Infinity\Coco Setups\cocos2d-x-2.2.4\extensions\proj.winrt\Win32\Debug\CCNodeLoader.obj
D:\Retro Infinity\Coco Setups\cocos2d-x-2.2.4\extensions\proj.winrt\Win32\Debug\CCNodeLoaderLibrary.obj
D:\Retro Infinity\Coco Setups\cocos2d-x-2.2.4\extensions\proj.winrt\Win32\Debug\CCNodeReader.obj
D:\Retro Infinity\Coco Setups\cocos2d-x-2.2.4\extensions\proj.winrt\Win32\Debug\CCParticleSystemQuadLoader.obj
D:\Retro Infinity\Coco Setups\cocos2d-x-2.2.4\extensions\proj.winrt\Win32\Debug\CCPhysicsDebugNode.obj
D:\Retro Infinity\Coco Setups\cocos2d-x-2.2.4\extensions\proj.winrt\Win32\Debug\CCPhysicsSprite.obj
D:\Retro Infinity\Coco Setups\cocos2d-x-2.2.4\extensions\proj.winrt\Win32\Debug\CCProcessBase.obj
D:\Retro Infinity\Coco Setups\cocos2d-x-2.2.4\extensions\proj.winrt\Win32\Debug\CCPThreadWinRT.obj
D:\Retro Infinity\Coco Setups\cocos2d-x-2.2.4\extensions\proj.winrt\Win32\Debug\CCScale9Sprite.obj
D:\Retro Infinity\Coco Setups\cocos2d-x-2.2.4\extensions\proj.winrt\Win32\Debug\CCScale9SpriteLoader.obj
D:\Retro Infinity\Coco Setups\cocos2d-x-2.2.4\extensions\proj.winrt\Win32\Debug\CCScrollView.obj
D:\Retro Infinity\Coco Setups\cocos2d-x-2.2.4\extensions\proj.winrt\Win32\Debug\CCScrollViewLoader.obj
D:\Retro Infinity\Coco Setups\cocos2d-x-2.2.4\extensions\proj.winrt\Win32\Debug\CCSkeleton.obj
D:\Retro Infinity\Coco Setups\cocos2d-x-2.2.4\extensions\proj.winrt\Win32\Debug\CCSkeletonAnimation.obj
D:\Retro Infinity\Coco Setups\cocos2d-x-2.2.4\extensions\proj.winrt\Win32\Debug\CCSkin.obj
D:\Retro Infinity\Coco Setups\cocos2d-x-2.2.4\extensions\proj.winrt\Win32\Debug\CCSorting.obj
D:\Retro Infinity\Coco Setups\cocos2d-x-2.2.4\extensions\proj.winrt\Win32\Debug\CCSpriteFrameCacheHelper.obj
D:\Retro Infinity\Coco Setups\cocos2d-x-2.2.4\extensions\proj.winrt\Win32\Debug\CCSpriteLoader.obj
D:\Retro Infinity\Coco Setups\cocos2d-x-2.2.4\extensions\proj.winrt\Win32\Debug\CCTableView.obj
D:\Retro Infinity\Coco Setups\cocos2d-x-2.2.4\extensions\proj.winrt\Win32\Debug\CCTableViewCell.obj
D:\Retro Infinity\Coco Setups\cocos2d-x-2.2.4\extensions\proj.winrt\Win32\Debug\CCTimeLine.obj
D:\Retro Infinity\Coco Setups\cocos2d-x-2.2.4\extensions\proj.winrt\Win32\Debug\CCTransformHelp.obj
D:\Retro Infinity\Coco Setups\cocos2d-x-2.2.4\extensions\proj.winrt\Win32\Debug\CCTween.obj
D:\Retro Infinity\Coco Setups\cocos2d-x-2.2.4\extensions\proj.winrt\Win32\Debug\CCTweenFunction.obj
D:\Retro Infinity\Coco Setups\cocos2d-x-2.2.4\extensions\proj.winrt\Win32\Debug\CCUtilMath.obj
D:\Retro Infinity\Coco Setups\cocos2d-x-2.2.4\extensions\proj.winrt\Win32\Debug\CheckBoxReader.obj
D:\Retro Infinity\Coco Setups\cocos2d-x-2.2.4\extensions\proj.winrt\Win32\Debug\CocoLoader.obj
D:\Retro Infinity\Coco Setups\cocos2d-x-2.2.4\extensions\proj.winrt\Win32\Debug\CocosGUI.obj
D:\Retro Infinity\Coco Setups\cocos2d-x-2.2.4\extensions\proj.winrt\Win32\Debug\DictionaryHelper.obj
D:\Retro Infinity\Coco Setups\cocos2d-x-2.2.4\extensions\proj.winrt\Win32\Debug\extension.obj
D:\Retro Infinity\Coco Setups\cocos2d-x-2.2.4\extensions\proj.winrt\Win32\Debug\GUIReader.obj
D:\Retro Infinity\Coco Setups\cocos2d-x-2.2.4\extensions\proj.winrt\Win32\Debug\ImageViewReader.obj
D:\Retro Infinity\Coco Setups\cocos2d-x-2.2.4\extensions\proj.winrt\Win32\Debug\Json.obj
D:\Retro Infinity\Coco Setups\cocos2d-x-2.2.4\extensions\proj.winrt\Win32\Debug\LabelAtlasReader.obj
D:\Retro Infinity\Coco Setups\cocos2d-x-2.2.4\extensions\proj.winrt\Win32\Debug\LabelBMFontReader.obj
D:\Retro Infinity\Coco Setups\cocos2d-x-2.2.4\extensions\proj.winrt\Win32\Debug\LabelReader.obj
D:\Retro Infinity\Coco Setups\cocos2d-x-2.2.4\extensions\proj.winrt\Win32\Debug\LayoutReader.obj
D:\Retro Infinity\Coco Setups\cocos2d-x-2.2.4\extensions\proj.winrt\Win32\Debug\ListViewReader.obj
D:\Retro Infinity\Coco Setups\cocos2d-x-2.2.4\extensions\proj.winrt\Win32\Debug\LoadingBarReader.obj
D:\Retro Infinity\Coco Setups\cocos2d-x-2.2.4\extensions\proj.winrt\Win32\Debug\ObjectFactory.obj
D:\Retro Infinity\Coco Setups\cocos2d-x-2.2.4\extensions\proj.winrt\Win32\Debug\PageViewReader.obj
D:\Retro Infinity\Coco Setups\cocos2d-x-2.2.4\extensions\proj.winrt\Win32\Debug\pch.obj
D:\Retro Infinity\Coco Setups\cocos2d-x-2.2.4\extensions\proj.winrt\Win32\Debug\RegionAttachment.obj
D:\Retro Infinity\Coco Setups\cocos2d-x-2.2.4\extensions\proj.winrt\Win32\Debug\SceneReader.obj
D:\Retro Infinity\Coco Setups\cocos2d-x-2.2.4\extensions\proj.winrt\Win32\Debug\ScrollViewReader.obj
D:\Retro Infinity\Coco Setups\cocos2d-x-2.2.4\extensions\proj.winrt\Win32\Debug\Skeleton.obj
D:\Retro Infinity\Coco Setups\cocos2d-x-2.2.4\extensions\proj.winrt\Win32\Debug\SkeletonData.obj
D:\Retro Infinity\Coco Setups\cocos2d-x-2.2.4\extensions\proj.winrt\Win32\Debug\SkeletonJson.obj
D:\Retro Infinity\Coco Setups\cocos2d-x-2.2.4\extensions\proj.winrt\Win32\Debug\Skin.obj
D:\Retro Infinity\Coco Setups\cocos2d-x-2.2.4\extensions\proj.winrt\Win32\Debug\SliderReader.obj
D:\Retro Infinity\Coco Setups\cocos2d-x-2.2.4\extensions\proj.winrt\Win32\Debug\Slot.obj
D:\Retro Infinity\Coco Setups\cocos2d-x-2.2.4\extensions\proj.winrt\Win32\Debug\SlotData.obj
D:\Retro Infinity\Coco Setups\cocos2d-x-2.2.4\extensions\proj.winrt\Win32\Debug\spine-cocos2dx.obj
D:\Retro Infinity\Coco Setups\cocos2d-x-2.2.4\extensions\proj.winrt\Win32\Debug\TextFieldReader.obj
D:\Retro Infinity\Coco Setups\cocos2d-x-2.2.4\extensions\proj.winrt\Win32\Debug\TriggerBase.obj
D:\Retro Infinity\Coco Setups\cocos2d-x-2.2.4\extensions\proj.winrt\Win32\Debug\TriggerMng.obj
D:\Retro Infinity\Coco Setups\cocos2d-x-2.2.4\extensions\proj.winrt\Win32\Debug\TriggerObj.obj
D:\Retro Infinity\Coco Setups\cocos2d-x-2.2.4\extensions\proj.winrt\Win32\Debug\UIButton.obj
D:\Retro Infinity\Coco Setups\cocos2d-x-2.2.4\extensions\proj.winrt\Win32\Debug\UICheckBox.obj
D:\Retro Infinity\Coco Setups\cocos2d-x-2.2.4\extensions\proj.winrt\Win32\Debug\UIHelper.obj
D:\Retro Infinity\Coco Setups\cocos2d-x-2.2.4\extensions\proj.winrt\Win32\Debug\UIImageView.obj
D:\Retro Infinity\Coco Setups\cocos2d-x-2.2.4\extensions\proj.winrt\Win32\Debug\UILabel.obj
D:\Retro Infinity\Coco Setups\cocos2d-x-2.2.4\extensions\proj.winrt\Win32\Debug\UILabelAtlas.obj
D:\Retro Infinity\Coco Setups\cocos2d-x-2.2.4\extensions\proj.winrt\Win32\Debug\UILabelBMFont.obj
D:\Retro Infinity\Coco Setups\cocos2d-x-2.2.4\extensions\proj.winrt\Win32\Debug\UILayout.obj
D:\Retro Infinity\Coco Setups\cocos2d-x-2.2.4\extensions\proj.winrt\Win32\Debug\UILayoutDefine.obj
D:\Retro Infinity\Coco Setups\cocos2d-x-2.2.4\extensions\proj.winrt\Win32\Debug\UILayoutParameter.obj
D:\Retro Infinity\Coco Setups\cocos2d-x-2.2.4\extensions\proj.winrt\Win32\Debug\UIListView.obj
D:\Retro Infinity\Coco Setups\cocos2d-x-2.2.4\extensions\proj.winrt\Win32\Debug\UILoadingBar.obj
D:\Retro Infinity\Coco Setups\cocos2d-x-2.2.4\extensions\proj.winrt\Win32\Debug\UIPageView.obj
D:\Retro Infinity\Coco Setups\cocos2d-x-2.2.4\extensions\proj.winrt\Win32\Debug\UIRichText.obj
D:\Retro Infinity\Coco Setups\cocos2d-x-2.2.4\extensions\proj.winrt\Win32\Debug\UIScrollView.obj
D:\Retro Infinity\Coco Setups\cocos2d-x-2.2.4\extensions\proj.winrt\Win32\Debug\UISlider.obj
D:\Retro Infinity\Coco Setups\cocos2d-x-2.2.4\extensions\proj.winrt\Win32\Debug\UITextField.obj
D:\Retro Infinity\Coco Setups\cocos2d-x-2.2.4\extensions\proj.winrt\Win32\Debug\UITouchGroup.obj
D:\Retro Infinity\Coco Setups\cocos2d-x-2.2.4\extensions\proj.winrt\Win32\Debug\UIWidget.obj
D:\Retro Infinity\Coco Setups\cocos2d-x-2.2.4\extensions\proj.winrt\Win32\Debug\WidgetReader.obj
D:\Retro Infinity\Coco Setups\cocos2d-x-2.2.4\extensions\proj.winrt\Win32\Debug\CL.1404.read.1.tlog
D:\Retro Infinity\Coco Setups\cocos2d-x-2.2.4\extensions\proj.winrt\Win32\Debug\CL.1404.write.1.tlog
D:\Retro Infinity\Coco Setups\cocos2d-x-2.2.4\extensions\proj.winrt\Win32\Debug\CL.192.read.1.tlog
D:\Retro Infinity\Coco Setups\cocos2d-x-2.2.4\extensions\proj.winrt\Win32\Debug\CL.192.write.1.tlog
D:\Retro Infinity\Coco Setups\cocos2d-x-2.2.4\extensions\proj.winrt\Win32\Debug\CL.3024.read.1.tlog
D:\Retro Infinity\Coco Setups\cocos2d-x-2.2.4\extensions\proj.winrt\Win32\Debug\CL.3024.write.1.tlog
D:\Retro Infinity\Coco Setups\cocos2d-x-2.2.4\extensions\proj.winrt\Win32\Debug\CL.5588.read.1.tlog
D:\Retro Infinity\Coco Setups\cocos2d-x-2.2.4\extensions\proj.winrt\Win32\Debug\CL.5588.write.1.tlog
D:\Retro Infinity\Coco Setups\cocos2d-x-2.2.4\extensions\proj.winrt\Win32\Debug\cl.command.1.tlog
D:\Retro Infinity\Coco Setups\cocos2d-x-2.2.4\extensions\proj.winrt\Win32\Debug\CL.read.1.tlog
D:\Retro Infinity\Coco Setups\cocos2d-x-2.2.4\extensions\proj.winrt\Win32\Debug\CL.write.1.tlog
D:\Retro Infinity\Coco Setups\cocos2d-x-2.2.4\extensions\proj.winrt\Win32\Debug\Lib-link.read.1.tlog
D:\Retro Infinity\Coco Setups\cocos2d-x-2.2.4\extensions\proj.winrt\Win32\Debug\Lib-link.write.1.tlog
D:\Retro Infinity\Coco Setups\cocos2d-x-2.2.4\extensions\proj.winrt\Win32\Debug\lib.command.1.tlog
D:\Retro Infinity\Coco Setups\cocos2d-x-2.2.4\extensions\proj.winrt\Win32\Debug\libExtensions.read.1.tlog
D:\Retro Infinity\Coco Setups\cocos2d-x-2.2.4\extensions\proj.winrt\Win32\Debug\libExtensions.write.1.tlog
D:\Retro Infinity\Coco Setups\cocos2d-x-2.2.4\extensions\proj.winrt\Win32\Debug\libExtensions.pch
D:\Retro Infinity\Coco Setups\cocos2d-x-2.2.4\extensions\proj.winrt\Win32\Debug\vc110.pdb
D:\Retro Infinity\Coco Setups\cocos2d-x-2.2.4\projects\RetroInfinityDemo\proj.winrt\WinRT\Win32\Debug\libExtensions\libExtensions.lib
