D:\RETRO INFINITY\COCO SETUPS\COCOS2D-X-2.2.4\COCOSDENSHION\PROJ.WINRT\WIN32\DEBUG\VC110.PDB
D:\Retro Infinity\Coco Setups\cocos2d-x-2.2.4\projects\RII\proj.winrt\WinRT\Win32\Debug\CocosDenshion\CocosDenshion.lib
D:\Retro Infinity\Coco Setups\cocos2d-x-2.2.4\projects\RII\proj.winrt\WinRT\Win32\Debug\CocosDenshion\CocosDenshion.exp
D:\Retro Infinity\Coco Setups\cocos2d-x-2.2.4\CocosDenshion\proj.winrt\Win32\Debug\priconfig.xml.intermediate
D:\Retro Infinity\Coco Setups\cocos2d-x-2.2.4\CocosDenshion\proj.winrt\Win32\Debug\layout.resfiles.intermediate
D:\Retro Infinity\Coco Setups\cocos2d-x-2.2.4\CocosDenshion\proj.winrt\Win32\Debug\resources.resfiles.intermediate
D:\Retro Infinity\Coco Setups\cocos2d-x-2.2.4\CocosDenshion\proj.winrt\Win32\Debug\pri.resfiles.intermediate
D:\Retro Infinity\Coco Setups\cocos2d-x-2.2.4\CocosDenshion\proj.winrt\Win32\Debug\priconfig.xml
D:\Retro Infinity\Coco Setups\cocos2d-x-2.2.4\CocosDenshion\proj.winrt\Win32\Debug\layout.resfiles
D:\Retro Infinity\Coco Setups\cocos2d-x-2.2.4\CocosDenshion\proj.winrt\Win32\Debug\resources.resfiles
D:\Retro Infinity\Coco Setups\cocos2d-x-2.2.4\CocosDenshion\proj.winrt\Win32\Debug\pri.resfiles
D:\Retro Infinity\Coco Setups\cocos2d-x-2.2.4\projects\RII\proj.winrt\WinRT\Win32\Debug\CocosDenshion\CocosDenshion.pri
D:\Retro Infinity\Coco Setups\cocos2d-x-2.2.4\CocosDenshion\proj.winrt\Win32\Debug\LanguageQualifiers.txt
D:\Retro Infinity\Coco Setups\cocos2d-x-2.2.4\projects\RetroInfinityDemo\proj.winrt\WinRT\Win32\Debug\CocosDenshion\CocosDenshion.lib
D:\Retro Infinity\Coco Setups\cocos2d-x-2.2.4\projects\RetroInfinityDemo\proj.winrt\WinRT\Win32\Debug\CocosDenshion\CocosDenshion.exp
D:\Retro Infinity\Coco Setups\cocos2d-x-2.2.4\CocosDenshion\proj.winrt\Win32\Debug\CocosDenshion.vcxprojResolveAssemblyReference.cache
D:\Retro Infinity\Coco Setups\cocos2d-x-2.2.4\projects\RetroInfinityDemo\proj.winrt\WinRT\Win32\Debug\CocosDenshion\CocosDenshion.pri
D:\RETRO INFINITY\COCO SETUPS\COCOS2D-X-2.2.4\PROJECTS\RII\PROJ.WINRT\WINRT\WIN32\DEBUG\COCOSDENSHION\COCOSDENSHION.DLL
D:\RETRO INFINITY\COCO SETUPS\COCOS2D-X-2.2.4\PROJECTS\RII\PROJ.WINRT\WINRT\WIN32\DEBUG\COCOSDENSHION\COCOSDENSHION.PDB
D:\RETRO INFINITY\COCO SETUPS\COCOS2D-X-2.2.4\PROJECTS\RETROINFINITYDEMO\PROJ.WINRT\WINRT\WIN32\DEBUG\COCOSDENSHION\COCOSDENSHION.DLL
D:\RETRO INFINITY\COCO SETUPS\COCOS2D-X-2.2.4\PROJECTS\RETROINFINITYDEMO\PROJ.WINRT\WINRT\WIN32\DEBUG\COCOSDENSHION\COCOSDENSHION.PDB
D:\Retro Infinity\Coco Setups\cocos2d-x-2.2.4\CocosDenshion\proj.winrt\Win32\Debug\Audio.obj
D:\Retro Infinity\Coco Setups\cocos2d-x-2.2.4\CocosDenshion\proj.winrt\Win32\Debug\MediaStreamer.obj
D:\Retro Infinity\Coco Setups\cocos2d-x-2.2.4\CocosDenshion\proj.winrt\Win32\Debug\SimpleAudioEngine.obj
D:\Retro Infinity\Coco Setups\cocos2d-x-2.2.4\CocosDenshion\proj.winrt\Win32\Debug\CL.1012.read.1.tlog
D:\Retro Infinity\Coco Setups\cocos2d-x-2.2.4\CocosDenshion\proj.winrt\Win32\Debug\CL.1012.write.1.tlog
D:\Retro Infinity\Coco Setups\cocos2d-x-2.2.4\CocosDenshion\proj.winrt\Win32\Debug\CL.1092.read.1.tlog
D:\Retro Infinity\Coco Setups\cocos2d-x-2.2.4\CocosDenshion\proj.winrt\Win32\Debug\CL.1092.write.1.tlog
D:\Retro Infinity\Coco Setups\cocos2d-x-2.2.4\CocosDenshion\proj.winrt\Win32\Debug\CL.5872.read.1.tlog
D:\Retro Infinity\Coco Setups\cocos2d-x-2.2.4\CocosDenshion\proj.winrt\Win32\Debug\CL.5872.write.1.tlog
D:\Retro Infinity\Coco Setups\cocos2d-x-2.2.4\CocosDenshion\proj.winrt\Win32\Debug\cl.command.1.tlog
D:\Retro Infinity\Coco Setups\cocos2d-x-2.2.4\CocosDenshion\proj.winrt\Win32\Debug\CL.read.1.tlog
D:\Retro Infinity\Coco Setups\cocos2d-x-2.2.4\CocosDenshion\proj.winrt\Win32\Debug\cl.write.1.tlog
D:\Retro Infinity\Coco Setups\cocos2d-x-2.2.4\CocosDenshion\proj.winrt\Win32\Debug\CocosDenshion.read.1.tlog
D:\Retro Infinity\Coco Setups\cocos2d-x-2.2.4\CocosDenshion\proj.winrt\Win32\Debug\CocosDenshion.write.1.tlog
D:\Retro Infinity\Coco Setups\cocos2d-x-2.2.4\CocosDenshion\proj.winrt\Win32\Debug\link.command.1.tlog
D:\Retro Infinity\Coco Setups\cocos2d-x-2.2.4\CocosDenshion\proj.winrt\Win32\Debug\link.read.1.tlog
D:\Retro Infinity\Coco Setups\cocos2d-x-2.2.4\CocosDenshion\proj.winrt\Win32\Debug\link.write.1.tlog
D:\Retro Infinity\Coco Setups\cocos2d-x-2.2.4\CocosDenshion\proj.winrt\Win32\Debug\vc110.pdb
D:\Retro Infinity\Coco Setups\cocos2d-x-2.2.4\projects\RetroInfinityDemo\proj.winrt\WinRT\Win32\Debug\CocosDenshion\CocosDenshion.pdb
D:\Retro Infinity\Coco Setups\cocos2d-x-2.2.4\projects\RetroInfinityDemo\proj.winrt\WinRT\Win32\Debug\CocosDenshion\CocosDenshion.dll
