Build started 7/22/2014 4:05:16 PM.
     1>Project "D:\Retro Infinity\Coco Setups\cocos2d-x-2.2.4\CocosDenshion\proj.wp8\CocosDenshion.vcxproj" on node 3 (Rebuild target(s)).
     1>ClCompile:
         C:\Program Files (x86)\Microsoft Visual Studio 11.0\VC\WPSDK\WP80\bin\CL.exe /c /I../include /I"D:\Retro Infinity\Coco Setups\cocos2d-x-2.2.4\CocosDenshion\proj.wp8\\" /I"Generated Files\\" /IDebug\ /AI"C:\Program Files (x86)\Windows Phone Kits\8.0\Windows Metadata" /ZI /ZW /ZW:nostdlib /nologo /W4 /WX- /sdl /MP /Od /Oy- /D _USRDLL /D WP8 /D _WP8 /D _EXPORT_DLL_ /D _WINDLL /D _UNICODE /D UNICODE /D _DEBUG /D WINAPI_FAMILY=WINAPI_FAMILY_PHONE_APP /Gm- /EHsc /RTC1 /MDd /GS /fp:precise /Zc:wchar_t /Zc:forScope /Yc"pch.h" /Fp"Debug\CocosDenshion.pch" /Fo"Debug\\" /Fd"Debug\vc110.pdb" /Gd /TP /wd4127 /FU"C:\Program Files (x86)\Microsoft Visual Studio 11.0\VC\WPSDK\WP80\lib\platform.winmd" /FU"C:\Program Files (x86)\Windows Phone Kits\8.0\Windows Metadata\Windows.winmd" /analyze- /errorReport:prompt .\pch.cpp
         pch.cpp
         C:\Program Files (x86)\Microsoft Visual Studio 11.0\VC\WPSDK\WP80\bin\CL.exe /c /I../include /I"D:\Retro Infinity\Coco Setups\cocos2d-x-2.2.4\CocosDenshion\proj.wp8\\" /I"Generated Files\\" /IDebug\ /AI"C:\Program Files (x86)\Windows Phone Kits\8.0\Windows Metadata" /ZI /ZW /ZW:nostdlib /nologo /W4 /WX- /sdl /MP /Od /Oy- /D _USRDLL /D WP8 /D _WP8 /D _EXPORT_DLL_ /D _WINDLL /D _UNICODE /D UNICODE /D _DEBUG /D WINAPI_FAMILY=WINAPI_FAMILY_PHONE_APP /Gm- /EHsc /RTC1 /MDd /GS /fp:precise /Zc:wchar_t /Zc:forScope /Fo"Debug\\" /Fd"Debug\vc110.pdb" /Gd /TP /wd4127 /FU"C:\Program Files (x86)\Microsoft Visual Studio 11.0\VC\WPSDK\WP80\lib\platform.winmd" /FU"C:\Program Files (x86)\Windows Phone Kits\8.0\Windows Metadata\Windows.winmd" /analyze- /errorReport:prompt ..\wp8\Audio.cpp ..\wp8\MediaStreamer.cpp ..\wp8\SimpleAudioEngine.cpp
         Audio.cpp
         MediaStreamer.cpp
         SimpleAudioEngine.cpp
       Link:
         C:\Program Files (x86)\Microsoft Visual Studio 11.0\VC\WPSDK\WP80\bin\link.exe /ERRORREPORT:PROMPT /OUT:"D:\Retro Infinity\Coco Setups\cocos2d-x-2.2.4\projects\RetroInfinityDemo\proj.wp8\WP8\Win32\Debug\CocosDenshion\CocosDenshion.dll" /INCREMENTAL:NO /NOLOGO xaudio2.lib WindowsPhoneCore.lib RuntimeObject.lib PhoneAppModelHost.lib WindowsPhoneCore.lib RuntimeObject.lib PhoneAppModelHost.lib /NODEFAULTLIB:ole32.lib /MANIFEST:NO /DEBUG /PDB:"D:\Retro Infinity\Coco Setups\cocos2d-x-2.2.4\projects\RetroInfinityDemo\proj.wp8\WP8\Win32\Debug\CocosDenshion\CocosDenshion.pdb" /SUBSYSTEM:CONSOLE /TLBID:1 /WINMD /WINMDFILE:"D:\Retro Infinity\Coco Setups\cocos2d-x-2.2.4\projects\RetroInfinityDemo\proj.wp8\WP8\Win32\Debug\CocosDenshion\CocosDenshion.winmd" /DYNAMICBASE /NXCOMPAT /IMPLIB:"D:\Retro Infinity\Coco Setups\cocos2d-x-2.2.4\projects\RetroInfinityDemo\proj.wp8\WP8\Win32\Debug\CocosDenshion\CocosDenshion.lib" /MACHINE:X86 /DLL Debug\Audio.obj
         Debug\MediaStreamer.obj
         Debug\SimpleAudioEngine.obj
         Debug\pch.obj
     1>Audio.obj : warning LNK4075: ignoring '/EDITANDCONTINUE' due to '/OPT:LBR' specification
            Creating library D:\Retro Infinity\Coco Setups\cocos2d-x-2.2.4\projects\RetroInfinityDemo\proj.wp8\WP8\Win32\Debug\CocosDenshion\CocosDenshion.lib and object D:\Retro Infinity\Coco Setups\cocos2d-x-2.2.4\projects\RetroInfinityDemo\proj.wp8\WP8\Win32\Debug\CocosDenshion\CocosDenshion.exp
         CocosDenshion.vcxproj -> D:\Retro Infinity\Coco Setups\cocos2d-x-2.2.4\projects\RetroInfinityDemo\proj.wp8\WP8\Win32\Debug\CocosDenshion\CocosDenshion.dll
     1>Done Building Project "D:\Retro Infinity\Coco Setups\cocos2d-x-2.2.4\CocosDenshion\proj.wp8\CocosDenshion.vcxproj" (Rebuild target(s)).

Build succeeded.

Time Elapsed 00:00:38.68
