D:\RETRO INFINITY\COCO SETUPS\COCOS2D-X-2.2.4\COCOSDENSHION\PROJ.WP8\DEBUG\COCOSDENSHION.PCH
D:\RETRO INFINITY\COCO SETUPS\COCOS2D-X-2.2.4\COCOSDENSHION\PROJ.WP8\DEBUG\PCH.OBJ
D:\RETRO INFINITY\COCO SETUPS\COCOS2D-X-2.2.4\COCOSDENSHION\PROJ.WP8\DEBUG\VC110.PDB
D:\RETRO INFINITY\COCO SETUPS\COCOS2D-X-2.2.4\COCOSDENSHION\PROJ.WP8\DEBUG\AUDIO.OBJ
D:\RETRO INFINITY\COCO SETUPS\COCOS2D-X-2.2.4\COCOSDENSHION\PROJ.WP8\DEBUG\SIMPLEAUDIOENGINE.OBJ
D:\RETRO INFINITY\COCO SETUPS\COCOS2D-X-2.2.4\COCOSDENSHION\PROJ.WP8\DEBUG\MEDIASTREAMER.OBJ
D:\Retro Infinity\Coco Setups\cocos2d-x-2.2.4\projects\RetroInfinityDemo\proj.wp8\WP8\Win32\Debug\CocosDenshion\CocosDenshion.lib
D:\Retro Infinity\Coco Setups\cocos2d-x-2.2.4\projects\RetroInfinityDemo\proj.wp8\WP8\Win32\Debug\CocosDenshion\CocosDenshion.exp
D:\RETRO INFINITY\COCO SETUPS\COCOS2D-X-2.2.4\PROJECTS\RETROINFINITYDEMO\PROJ.WP8\WP8\WIN32\DEBUG\COCOSDENSHION\COCOSDENSHION.DLL
D:\RETRO INFINITY\COCO SETUPS\COCOS2D-X-2.2.4\PROJECTS\RETROINFINITYDEMO\PROJ.WP8\WP8\WIN32\DEBUG\COCOSDENSHION\COCOSDENSHION.WINMD
D:\RETRO INFINITY\COCO SETUPS\COCOS2D-X-2.2.4\PROJECTS\RETROINFINITYDEMO\PROJ.WP8\WP8\WIN32\DEBUG\COCOSDENSHION\COCOSDENSHION.PDB
D:\Retro Infinity\Coco Setups\cocos2d-x-2.2.4\CocosDenshion\proj.wp8\Debug\CocosDenshion.vcxprojResolveAssemblyReference.cache
D:\Retro Infinity\Coco Setups\cocos2d-x-2.2.4\CocosDenshion\proj.wp8\Debug\Audio.obj
D:\Retro Infinity\Coco Setups\cocos2d-x-2.2.4\CocosDenshion\proj.wp8\Debug\MediaStreamer.obj
D:\Retro Infinity\Coco Setups\cocos2d-x-2.2.4\CocosDenshion\proj.wp8\Debug\pch.obj
D:\Retro Infinity\Coco Setups\cocos2d-x-2.2.4\CocosDenshion\proj.wp8\Debug\SimpleAudioEngine.obj
D:\Retro Infinity\Coco Setups\cocos2d-x-2.2.4\CocosDenshion\proj.wp8\Debug\CL.2080.read.1.tlog
D:\Retro Infinity\Coco Setups\cocos2d-x-2.2.4\CocosDenshion\proj.wp8\Debug\CL.2080.write.1.tlog
D:\Retro Infinity\Coco Setups\cocos2d-x-2.2.4\CocosDenshion\proj.wp8\Debug\CL.3720.read.1.tlog
D:\Retro Infinity\Coco Setups\cocos2d-x-2.2.4\CocosDenshion\proj.wp8\Debug\CL.3720.write.1.tlog
D:\Retro Infinity\Coco Setups\cocos2d-x-2.2.4\CocosDenshion\proj.wp8\Debug\CL.6472.read.1.tlog
D:\Retro Infinity\Coco Setups\cocos2d-x-2.2.4\CocosDenshion\proj.wp8\Debug\CL.6472.write.1.tlog
D:\Retro Infinity\Coco Setups\cocos2d-x-2.2.4\CocosDenshion\proj.wp8\Debug\cl.command.1.tlog
D:\Retro Infinity\Coco Setups\cocos2d-x-2.2.4\CocosDenshion\proj.wp8\Debug\CL.read.1.tlog
D:\Retro Infinity\Coco Setups\cocos2d-x-2.2.4\CocosDenshion\proj.wp8\Debug\CL.write.1.tlog
D:\Retro Infinity\Coco Setups\cocos2d-x-2.2.4\CocosDenshion\proj.wp8\Debug\CocosDenshion.write.1.tlog
D:\Retro Infinity\Coco Setups\cocos2d-x-2.2.4\CocosDenshion\proj.wp8\Debug\link.command.1.tlog
D:\Retro Infinity\Coco Setups\cocos2d-x-2.2.4\CocosDenshion\proj.wp8\Debug\link.read.1.tlog
D:\Retro Infinity\Coco Setups\cocos2d-x-2.2.4\CocosDenshion\proj.wp8\Debug\link.write.1.tlog
D:\Retro Infinity\Coco Setups\cocos2d-x-2.2.4\CocosDenshion\proj.wp8\Debug\CocosDenshion.pch
D:\Retro Infinity\Coco Setups\cocos2d-x-2.2.4\CocosDenshion\proj.wp8\Debug\vc110.idb
D:\Retro Infinity\Coco Setups\cocos2d-x-2.2.4\CocosDenshion\proj.wp8\Debug\vc110.pdb
D:\Retro Infinity\Coco Setups\cocos2d-x-2.2.4\projects\RetroInfinityDemo\proj.wp8\WP8\Win32\Debug\CocosDenshion\CocosDenshion.pdb
D:\Retro Infinity\Coco Setups\cocos2d-x-2.2.4\projects\RetroInfinityDemo\proj.wp8\WP8\Win32\Debug\CocosDenshion\CocosDenshion.dll
