D:\RETRO INFINITY\DEMO\RETRO INIFINTY DEMO\RETRO INIFINTY DEMO\COCO2DXLIBS\COCOS2D-X-2.2.4\SCRIPTING\LUA\PROJ.WINRT\DEBUG\VC110.PDB
D:\RETRO INFINITY\DEMO\RETRO INIFINTY DEMO\RETRO INIFINTY DEMO\COCO2DXLIBS\COCOS2D-X-2.2.4\SCRIPTING\LUA\PROJ.WINRT\DEBUG\CCBPROXY.OBJ
D:\RETRO INFINITY\DEMO\RETRO INIFINTY DEMO\RETRO INIFINTY DEMO\COCO2DXLIBS\COCOS2D-X-2.2.4\SCRIPTING\LUA\PROJ.WINRT\DEBUG\LUACOCOSTUDIO.OBJ
D:\RETRO INFINITY\DEMO\RETRO INIFINTY DEMO\RETRO INIFINTY DEMO\COCO2DXLIBS\COCOS2D-X-2.2.4\SCRIPTING\LUA\PROJ.WINRT\DEBUG\LUA_EXTENSIONS_CCB.OBJ
D:\RETRO INFINITY\DEMO\RETRO INIFINTY DEMO\RETRO INIFINTY DEMO\COCO2DXLIBS\COCOS2D-X-2.2.4\SCRIPTING\LUA\PROJ.WINRT\DEBUG\CCLUABRIDGE.OBJ
D:\RETRO INFINITY\DEMO\RETRO INIFINTY DEMO\RETRO INIFINTY DEMO\COCO2DXLIBS\COCOS2D-X-2.2.4\SCRIPTING\LUA\PROJ.WINRT\DEBUG\CCLUAVALUE.OBJ
D:\RETRO INFINITY\DEMO\RETRO INIFINTY DEMO\RETRO INIFINTY DEMO\COCO2DXLIBS\COCOS2D-X-2.2.4\SCRIPTING\LUA\PROJ.WINRT\DEBUG\LUA_COCOS2DX_EXTENSIONS_MANUAL.OBJ
D:\RETRO INFINITY\DEMO\RETRO INIFINTY DEMO\RETRO INIFINTY DEMO\COCO2DXLIBS\COCOS2D-X-2.2.4\SCRIPTING\LUA\PROJ.WINRT\DEBUG\CCLUAENGINE.OBJ
D:\RETRO INFINITY\DEMO\RETRO INIFINTY DEMO\RETRO INIFINTY DEMO\COCO2DXLIBS\COCOS2D-X-2.2.4\SCRIPTING\LUA\PROJ.WINRT\DEBUG\LUA_COCOS2DX_COCOSTUDIO_MANUAL.OBJ
D:\RETRO INFINITY\DEMO\RETRO INIFINTY DEMO\RETRO INIFINTY DEMO\COCO2DXLIBS\COCOS2D-X-2.2.4\SCRIPTING\LUA\PROJ.WINRT\DEBUG\LUACOCOS2D.OBJ
D:\RETRO INFINITY\DEMO\RETRO INIFINTY DEMO\RETRO INIFINTY DEMO\COCO2DXLIBS\COCOS2D-X-2.2.4\SCRIPTING\LUA\PROJ.WINRT\DEBUG\CCLUASTACK.OBJ
D:\RETRO INFINITY\DEMO\RETRO INIFINTY DEMO\RETRO INIFINTY DEMO\COCO2DXLIBS\COCOS2D-X-2.2.4\SCRIPTING\LUA\PROJ.WINRT\DEBUG\COCOS2DXLUALOADER.OBJ
D:\RETRO INFINITY\DEMO\RETRO INIFINTY DEMO\RETRO INIFINTY DEMO\COCO2DXLIBS\COCOS2D-X-2.2.4\SCRIPTING\LUA\PROJ.WINRT\DEBUG\LUA_COCOS2DX_MANUAL.OBJ
D:\RETRO INFINITY\DEMO\RETRO INIFINTY DEMO\RETRO INIFINTY DEMO\WINRT\WIN32\DEBUG\LIBLUA\LIBLUA.LIB
D:\RETRO INFINITY\DEMO\RETRO INIFINTY DEMO\RETRO INIFINTY DEMO\WINRT\WIN32\DEBUG\LIBCOCOSLUA\LIBCOCOSLUA.LIB
D:\Retro Infinity\Demo\Retro Inifinty Demo\Retro Inifinty Demo\Coco2dxLibs\cocos2d-x-2.2.4\scripting\lua\proj.winrt\Debug\priconfig.xml
D:\Retro Infinity\Demo\Retro Inifinty Demo\Retro Inifinty Demo\Coco2dxLibs\cocos2d-x-2.2.4\scripting\lua\proj.winrt\Debug\layout.resfiles
D:\Retro Infinity\Demo\Retro Inifinty Demo\Retro Inifinty Demo\Coco2dxLibs\cocos2d-x-2.2.4\scripting\lua\proj.winrt\Debug\resources.resfiles
D:\Retro Infinity\Demo\Retro Inifinty Demo\Retro Inifinty Demo\Coco2dxLibs\cocos2d-x-2.2.4\scripting\lua\proj.winrt\Debug\pri.resfiles
D:\Retro Infinity\Demo\Retro Inifinty Demo\Retro Inifinty Demo\WinRT\Win32\Debug\libcocoslua\libcocoslua.pri
D:\Retro Infinity\Demo\Retro Inifinty Demo\Retro Inifinty Demo\Coco2dxLibs\cocos2d-x-2.2.4\scripting\lua\proj.winrt\Debug\LanguageQualifiers.txt
D:\Retro Infinity\Demo\Retro Inifinty Demo\Retro Inifinty Demo\Coco2dxLibs\cocos2d-x-2.2.4\scripting\lua\proj.winrt\Debug\priconfig.xml.intermediate
D:\Retro Infinity\Demo\Retro Inifinty Demo\Retro Inifinty Demo\Coco2dxLibs\cocos2d-x-2.2.4\scripting\lua\proj.winrt\Debug\layout.resfiles.intermediate
D:\Retro Infinity\Demo\Retro Inifinty Demo\Retro Inifinty Demo\Coco2dxLibs\cocos2d-x-2.2.4\scripting\lua\proj.winrt\Debug\resources.resfiles.intermediate
D:\Retro Infinity\Demo\Retro Inifinty Demo\Retro Inifinty Demo\Coco2dxLibs\cocos2d-x-2.2.4\scripting\lua\proj.winrt\Debug\pri.resfiles.intermediate
D:\Retro Infinity\Demo\Retro Inifinty Demo\Retro Inifinty Demo\WinRT\Win32\Debug\liblua\liblua.pri
D:\Retro Infinity\Demo\CocoWin8\Retro Inifinty Demo\Retro Inifinty Demo\Coco2dxLibs\cocos2d-x-2.2.4\scripting\lua\proj.winrt\Debug\CCBProxy.obj
D:\Retro Infinity\Demo\CocoWin8\Retro Inifinty Demo\Retro Inifinty Demo\Coco2dxLibs\cocos2d-x-2.2.4\scripting\lua\proj.winrt\Debug\CCLuaBridge.obj
D:\Retro Infinity\Demo\CocoWin8\Retro Inifinty Demo\Retro Inifinty Demo\Coco2dxLibs\cocos2d-x-2.2.4\scripting\lua\proj.winrt\Debug\CCLuaEngine.obj
D:\Retro Infinity\Demo\CocoWin8\Retro Inifinty Demo\Retro Inifinty Demo\Coco2dxLibs\cocos2d-x-2.2.4\scripting\lua\proj.winrt\Debug\CCLuaStack.obj
D:\Retro Infinity\Demo\CocoWin8\Retro Inifinty Demo\Retro Inifinty Demo\Coco2dxLibs\cocos2d-x-2.2.4\scripting\lua\proj.winrt\Debug\CCLuaValue.obj
D:\Retro Infinity\Demo\CocoWin8\Retro Inifinty Demo\Retro Inifinty Demo\Coco2dxLibs\cocos2d-x-2.2.4\scripting\lua\proj.winrt\Debug\Cocos2dxLuaLoader.obj
D:\Retro Infinity\Demo\CocoWin8\Retro Inifinty Demo\Retro Inifinty Demo\Coco2dxLibs\cocos2d-x-2.2.4\scripting\lua\proj.winrt\Debug\lapi.obj
D:\Retro Infinity\Demo\CocoWin8\Retro Inifinty Demo\Retro Inifinty Demo\Coco2dxLibs\cocos2d-x-2.2.4\scripting\lua\proj.winrt\Debug\lauxlib.obj
D:\Retro Infinity\Demo\CocoWin8\Retro Inifinty Demo\Retro Inifinty Demo\Coco2dxLibs\cocos2d-x-2.2.4\scripting\lua\proj.winrt\Debug\lbaselib.obj
D:\Retro Infinity\Demo\CocoWin8\Retro Inifinty Demo\Retro Inifinty Demo\Coco2dxLibs\cocos2d-x-2.2.4\scripting\lua\proj.winrt\Debug\lcode.obj
D:\Retro Infinity\Demo\CocoWin8\Retro Inifinty Demo\Retro Inifinty Demo\Coco2dxLibs\cocos2d-x-2.2.4\scripting\lua\proj.winrt\Debug\ldblib.obj
D:\Retro Infinity\Demo\CocoWin8\Retro Inifinty Demo\Retro Inifinty Demo\Coco2dxLibs\cocos2d-x-2.2.4\scripting\lua\proj.winrt\Debug\ldebug.obj
D:\Retro Infinity\Demo\CocoWin8\Retro Inifinty Demo\Retro Inifinty Demo\Coco2dxLibs\cocos2d-x-2.2.4\scripting\lua\proj.winrt\Debug\ldo.obj
D:\Retro Infinity\Demo\CocoWin8\Retro Inifinty Demo\Retro Inifinty Demo\Coco2dxLibs\cocos2d-x-2.2.4\scripting\lua\proj.winrt\Debug\ldump.obj
D:\Retro Infinity\Demo\CocoWin8\Retro Inifinty Demo\Retro Inifinty Demo\Coco2dxLibs\cocos2d-x-2.2.4\scripting\lua\proj.winrt\Debug\lfunc.obj
D:\Retro Infinity\Demo\CocoWin8\Retro Inifinty Demo\Retro Inifinty Demo\Coco2dxLibs\cocos2d-x-2.2.4\scripting\lua\proj.winrt\Debug\lgc.obj
D:\Retro Infinity\Demo\CocoWin8\Retro Inifinty Demo\Retro Inifinty Demo\Coco2dxLibs\cocos2d-x-2.2.4\scripting\lua\proj.winrt\Debug\linit.obj
D:\Retro Infinity\Demo\CocoWin8\Retro Inifinty Demo\Retro Inifinty Demo\Coco2dxLibs\cocos2d-x-2.2.4\scripting\lua\proj.winrt\Debug\liolib.obj
D:\Retro Infinity\Demo\CocoWin8\Retro Inifinty Demo\Retro Inifinty Demo\Coco2dxLibs\cocos2d-x-2.2.4\scripting\lua\proj.winrt\Debug\llex.obj
D:\Retro Infinity\Demo\CocoWin8\Retro Inifinty Demo\Retro Inifinty Demo\Coco2dxLibs\cocos2d-x-2.2.4\scripting\lua\proj.winrt\Debug\lmathlib.obj
D:\Retro Infinity\Demo\CocoWin8\Retro Inifinty Demo\Retro Inifinty Demo\Coco2dxLibs\cocos2d-x-2.2.4\scripting\lua\proj.winrt\Debug\lmem.obj
D:\Retro Infinity\Demo\CocoWin8\Retro Inifinty Demo\Retro Inifinty Demo\Coco2dxLibs\cocos2d-x-2.2.4\scripting\lua\proj.winrt\Debug\loadlib.obj
D:\Retro Infinity\Demo\CocoWin8\Retro Inifinty Demo\Retro Inifinty Demo\Coco2dxLibs\cocos2d-x-2.2.4\scripting\lua\proj.winrt\Debug\lobject.obj
D:\Retro Infinity\Demo\CocoWin8\Retro Inifinty Demo\Retro Inifinty Demo\Coco2dxLibs\cocos2d-x-2.2.4\scripting\lua\proj.winrt\Debug\lopcodes.obj
D:\Retro Infinity\Demo\CocoWin8\Retro Inifinty Demo\Retro Inifinty Demo\Coco2dxLibs\cocos2d-x-2.2.4\scripting\lua\proj.winrt\Debug\loslib.obj
D:\Retro Infinity\Demo\CocoWin8\Retro Inifinty Demo\Retro Inifinty Demo\Coco2dxLibs\cocos2d-x-2.2.4\scripting\lua\proj.winrt\Debug\lparser.obj
D:\Retro Infinity\Demo\CocoWin8\Retro Inifinty Demo\Retro Inifinty Demo\Coco2dxLibs\cocos2d-x-2.2.4\scripting\lua\proj.winrt\Debug\lstate.obj
D:\Retro Infinity\Demo\CocoWin8\Retro Inifinty Demo\Retro Inifinty Demo\Coco2dxLibs\cocos2d-x-2.2.4\scripting\lua\proj.winrt\Debug\lstring.obj
D:\Retro Infinity\Demo\CocoWin8\Retro Inifinty Demo\Retro Inifinty Demo\Coco2dxLibs\cocos2d-x-2.2.4\scripting\lua\proj.winrt\Debug\lstrlib.obj
D:\Retro Infinity\Demo\CocoWin8\Retro Inifinty Demo\Retro Inifinty Demo\Coco2dxLibs\cocos2d-x-2.2.4\scripting\lua\proj.winrt\Debug\ltable.obj
D:\Retro Infinity\Demo\CocoWin8\Retro Inifinty Demo\Retro Inifinty Demo\Coco2dxLibs\cocos2d-x-2.2.4\scripting\lua\proj.winrt\Debug\ltablib.obj
D:\Retro Infinity\Demo\CocoWin8\Retro Inifinty Demo\Retro Inifinty Demo\Coco2dxLibs\cocos2d-x-2.2.4\scripting\lua\proj.winrt\Debug\ltm.obj
D:\Retro Infinity\Demo\CocoWin8\Retro Inifinty Demo\Retro Inifinty Demo\Coco2dxLibs\cocos2d-x-2.2.4\scripting\lua\proj.winrt\Debug\lua.obj
D:\Retro Infinity\Demo\CocoWin8\Retro Inifinty Demo\Retro Inifinty Demo\Coco2dxLibs\cocos2d-x-2.2.4\scripting\lua\proj.winrt\Debug\LuaCocos2d.obj
D:\Retro Infinity\Demo\CocoWin8\Retro Inifinty Demo\Retro Inifinty Demo\Coco2dxLibs\cocos2d-x-2.2.4\scripting\lua\proj.winrt\Debug\LuaCocoStudio.obj
D:\Retro Infinity\Demo\CocoWin8\Retro Inifinty Demo\Retro Inifinty Demo\Coco2dxLibs\cocos2d-x-2.2.4\scripting\lua\proj.winrt\Debug\lua_cocos2dx_cocostudio_manual.obj
D:\Retro Infinity\Demo\CocoWin8\Retro Inifinty Demo\Retro Inifinty Demo\Coco2dxLibs\cocos2d-x-2.2.4\scripting\lua\proj.winrt\Debug\lua_cocos2dx_extensions_manual.obj
D:\Retro Infinity\Demo\CocoWin8\Retro Inifinty Demo\Retro Inifinty Demo\Coco2dxLibs\cocos2d-x-2.2.4\scripting\lua\proj.winrt\Debug\lua_cocos2dx_manual.obj
D:\Retro Infinity\Demo\CocoWin8\Retro Inifinty Demo\Retro Inifinty Demo\Coco2dxLibs\cocos2d-x-2.2.4\scripting\lua\proj.winrt\Debug\Lua_extensions_CCB.obj
D:\Retro Infinity\Demo\CocoWin8\Retro Inifinty Demo\Retro Inifinty Demo\Coco2dxLibs\cocos2d-x-2.2.4\scripting\lua\proj.winrt\Debug\lundump.obj
D:\Retro Infinity\Demo\CocoWin8\Retro Inifinty Demo\Retro Inifinty Demo\Coco2dxLibs\cocos2d-x-2.2.4\scripting\lua\proj.winrt\Debug\lvm.obj
D:\Retro Infinity\Demo\CocoWin8\Retro Inifinty Demo\Retro Inifinty Demo\Coco2dxLibs\cocos2d-x-2.2.4\scripting\lua\proj.winrt\Debug\lzio.obj
D:\Retro Infinity\Demo\CocoWin8\Retro Inifinty Demo\Retro Inifinty Demo\Coco2dxLibs\cocos2d-x-2.2.4\scripting\lua\proj.winrt\Debug\print.obj
D:\Retro Infinity\Demo\CocoWin8\Retro Inifinty Demo\Retro Inifinty Demo\Coco2dxLibs\cocos2d-x-2.2.4\scripting\lua\proj.winrt\Debug\tolua_event.obj
D:\Retro Infinity\Demo\CocoWin8\Retro Inifinty Demo\Retro Inifinty Demo\Coco2dxLibs\cocos2d-x-2.2.4\scripting\lua\proj.winrt\Debug\tolua_fix.obj
D:\Retro Infinity\Demo\CocoWin8\Retro Inifinty Demo\Retro Inifinty Demo\Coco2dxLibs\cocos2d-x-2.2.4\scripting\lua\proj.winrt\Debug\tolua_is.obj
D:\Retro Infinity\Demo\CocoWin8\Retro Inifinty Demo\Retro Inifinty Demo\Coco2dxLibs\cocos2d-x-2.2.4\scripting\lua\proj.winrt\Debug\tolua_map.obj
D:\Retro Infinity\Demo\CocoWin8\Retro Inifinty Demo\Retro Inifinty Demo\Coco2dxLibs\cocos2d-x-2.2.4\scripting\lua\proj.winrt\Debug\tolua_push.obj
D:\Retro Infinity\Demo\CocoWin8\Retro Inifinty Demo\Retro Inifinty Demo\Coco2dxLibs\cocos2d-x-2.2.4\scripting\lua\proj.winrt\Debug\tolua_to.obj
D:\Retro Infinity\Demo\CocoWin8\Retro Inifinty Demo\Retro Inifinty Demo\Coco2dxLibs\cocos2d-x-2.2.4\scripting\lua\proj.winrt\Debug\CL.1476.read.1.tlog
D:\Retro Infinity\Demo\CocoWin8\Retro Inifinty Demo\Retro Inifinty Demo\Coco2dxLibs\cocos2d-x-2.2.4\scripting\lua\proj.winrt\Debug\CL.1476.write.1.tlog
D:\Retro Infinity\Demo\CocoWin8\Retro Inifinty Demo\Retro Inifinty Demo\Coco2dxLibs\cocos2d-x-2.2.4\scripting\lua\proj.winrt\Debug\CL.2528.read.1.tlog
D:\Retro Infinity\Demo\CocoWin8\Retro Inifinty Demo\Retro Inifinty Demo\Coco2dxLibs\cocos2d-x-2.2.4\scripting\lua\proj.winrt\Debug\CL.2528.write.1.tlog
D:\Retro Infinity\Demo\CocoWin8\Retro Inifinty Demo\Retro Inifinty Demo\Coco2dxLibs\cocos2d-x-2.2.4\scripting\lua\proj.winrt\Debug\CL.3200.read.1.tlog
D:\Retro Infinity\Demo\CocoWin8\Retro Inifinty Demo\Retro Inifinty Demo\Coco2dxLibs\cocos2d-x-2.2.4\scripting\lua\proj.winrt\Debug\CL.3200.write.1.tlog
D:\Retro Infinity\Demo\CocoWin8\Retro Inifinty Demo\Retro Inifinty Demo\Coco2dxLibs\cocos2d-x-2.2.4\scripting\lua\proj.winrt\Debug\CL.3464.read.1.tlog
D:\Retro Infinity\Demo\CocoWin8\Retro Inifinty Demo\Retro Inifinty Demo\Coco2dxLibs\cocos2d-x-2.2.4\scripting\lua\proj.winrt\Debug\CL.3464.write.1.tlog
D:\Retro Infinity\Demo\CocoWin8\Retro Inifinty Demo\Retro Inifinty Demo\Coco2dxLibs\cocos2d-x-2.2.4\scripting\lua\proj.winrt\Debug\CL.368.read.1.tlog
D:\Retro Infinity\Demo\CocoWin8\Retro Inifinty Demo\Retro Inifinty Demo\Coco2dxLibs\cocos2d-x-2.2.4\scripting\lua\proj.winrt\Debug\CL.368.write.1.tlog
D:\Retro Infinity\Demo\CocoWin8\Retro Inifinty Demo\Retro Inifinty Demo\Coco2dxLibs\cocos2d-x-2.2.4\scripting\lua\proj.winrt\Debug\CL.3952.read.1.tlog
D:\Retro Infinity\Demo\CocoWin8\Retro Inifinty Demo\Retro Inifinty Demo\Coco2dxLibs\cocos2d-x-2.2.4\scripting\lua\proj.winrt\Debug\CL.3952.write.1.tlog
D:\Retro Infinity\Demo\CocoWin8\Retro Inifinty Demo\Retro Inifinty Demo\Coco2dxLibs\cocos2d-x-2.2.4\scripting\lua\proj.winrt\Debug\CL.5360.read.1.tlog
D:\Retro Infinity\Demo\CocoWin8\Retro Inifinty Demo\Retro Inifinty Demo\Coco2dxLibs\cocos2d-x-2.2.4\scripting\lua\proj.winrt\Debug\CL.5360.write.1.tlog
D:\Retro Infinity\Demo\CocoWin8\Retro Inifinty Demo\Retro Inifinty Demo\Coco2dxLibs\cocos2d-x-2.2.4\scripting\lua\proj.winrt\Debug\CL.5908.read.1.tlog
D:\Retro Infinity\Demo\CocoWin8\Retro Inifinty Demo\Retro Inifinty Demo\Coco2dxLibs\cocos2d-x-2.2.4\scripting\lua\proj.winrt\Debug\CL.5908.write.1.tlog
D:\Retro Infinity\Demo\CocoWin8\Retro Inifinty Demo\Retro Inifinty Demo\Coco2dxLibs\cocos2d-x-2.2.4\scripting\lua\proj.winrt\Debug\cl.command.1.tlog
D:\Retro Infinity\Demo\CocoWin8\Retro Inifinty Demo\Retro Inifinty Demo\Coco2dxLibs\cocos2d-x-2.2.4\scripting\lua\proj.winrt\Debug\CL.read.1.tlog
D:\Retro Infinity\Demo\CocoWin8\Retro Inifinty Demo\Retro Inifinty Demo\Coco2dxLibs\cocos2d-x-2.2.4\scripting\lua\proj.winrt\Debug\cl.write.1.tlog
D:\Retro Infinity\Demo\CocoWin8\Retro Inifinty Demo\Retro Inifinty Demo\Coco2dxLibs\cocos2d-x-2.2.4\scripting\lua\proj.winrt\Debug\Lib-link.read.1.tlog
D:\Retro Infinity\Demo\CocoWin8\Retro Inifinty Demo\Retro Inifinty Demo\Coco2dxLibs\cocos2d-x-2.2.4\scripting\lua\proj.winrt\Debug\Lib-link.write.1.tlog
D:\Retro Infinity\Demo\CocoWin8\Retro Inifinty Demo\Retro Inifinty Demo\Coco2dxLibs\cocos2d-x-2.2.4\scripting\lua\proj.winrt\Debug\lib.command.1.tlog
D:\Retro Infinity\Demo\CocoWin8\Retro Inifinty Demo\Retro Inifinty Demo\Coco2dxLibs\cocos2d-x-2.2.4\scripting\lua\proj.winrt\Debug\libcocoslua.read.1.tlog
D:\Retro Infinity\Demo\CocoWin8\Retro Inifinty Demo\Retro Inifinty Demo\Coco2dxLibs\cocos2d-x-2.2.4\scripting\lua\proj.winrt\Debug\libcocoslua.write.1.tlog
D:\Retro Infinity\Demo\CocoWin8\Retro Inifinty Demo\Retro Inifinty Demo\Coco2dxLibs\cocos2d-x-2.2.4\scripting\lua\proj.winrt\Debug\liblua.read.1.tlog
D:\Retro Infinity\Demo\CocoWin8\Retro Inifinty Demo\Retro Inifinty Demo\Coco2dxLibs\cocos2d-x-2.2.4\scripting\lua\proj.winrt\Debug\liblua.write.1.tlog
D:\Retro Infinity\Demo\CocoWin8\Retro Inifinty Demo\Retro Inifinty Demo\Coco2dxLibs\cocos2d-x-2.2.4\scripting\lua\proj.winrt\Debug\layout.resfiles
D:\Retro Infinity\Demo\CocoWin8\Retro Inifinty Demo\Retro Inifinty Demo\Coco2dxLibs\cocos2d-x-2.2.4\scripting\lua\proj.winrt\Debug\pri.resfiles
D:\Retro Infinity\Demo\CocoWin8\Retro Inifinty Demo\Retro Inifinty Demo\Coco2dxLibs\cocos2d-x-2.2.4\scripting\lua\proj.winrt\Debug\resources.resfiles
D:\Retro Infinity\Demo\CocoWin8\Retro Inifinty Demo\Retro Inifinty Demo\Coco2dxLibs\cocos2d-x-2.2.4\scripting\lua\proj.winrt\Debug\vc110.idb
D:\Retro Infinity\Demo\CocoWin8\Retro Inifinty Demo\Retro Inifinty Demo\Coco2dxLibs\cocos2d-x-2.2.4\scripting\lua\proj.winrt\Debug\vc110.pdb
D:\Retro Infinity\Demo\CocoWin8\Retro Inifinty Demo\Retro Inifinty Demo\Coco2dxLibs\cocos2d-x-2.2.4\scripting\lua\proj.winrt\Debug\priconfig.xml
