D:\RETRO INFINITY\COCO SETUPS\COCOS2D-X-2.2.4\COCOS2DX\PROJ.WP8\DEBUG\LIBCOCOS2D.PCH
D:\RETRO INFINITY\COCO SETUPS\COCOS2D-X-2.2.4\COCOS2DX\PROJ.WP8\DEBUG\PCH.OBJ
D:\RETRO INFINITY\COCO SETUPS\COCOS2D-X-2.2.4\COCOS2DX\PROJ.WP8\DEBUG\VC110.PDB
D:\RETRO INFINITY\COCO SETUPS\COCOS2D-X-2.2.4\COCOS2DX\PROJ.WP8\DEBUG\CCACTIONCAMERA.OBJ
D:\RETRO INFINITY\COCO SETUPS\COCOS2D-X-2.2.4\COCOS2DX\PROJ.WP8\DEBUG\CCACTIONINTERVAL.OBJ
D:\RETRO INFINITY\COCO SETUPS\COCOS2D-X-2.2.4\COCOS2DX\PROJ.WP8\DEBUG\CCATLASNODE.OBJ
D:\RETRO INFINITY\COCO SETUPS\COCOS2D-X-2.2.4\COCOS2DX\PROJ.WP8\DEBUG\CCDIRECTOR.OBJ
D:\RETRO INFINITY\COCO SETUPS\COCOS2D-X-2.2.4\COCOS2DX\PROJ.WP8\DEBUG\CCDATAVISITOR.OBJ
D:\RETRO INFINITY\COCO SETUPS\COCOS2D-X-2.2.4\COCOS2DX\PROJ.WP8\DEBUG\CCSET.OBJ
D:\RETRO INFINITY\COCO SETUPS\COCOS2D-X-2.2.4\COCOS2DX\PROJ.WP8\DEBUG\CCGRID.OBJ
D:\RETRO INFINITY\COCO SETUPS\COCOS2D-X-2.2.4\COCOS2DX\PROJ.WP8\DEBUG\CCLABELATLAS.OBJ
D:\RETRO INFINITY\COCO SETUPS\COCOS2D-X-2.2.4\COCOS2DX\PROJ.WP8\DEBUG\CCSCENE.OBJ
D:\RETRO INFINITY\COCO SETUPS\COCOS2D-X-2.2.4\COCOS2DX\PROJ.WP8\DEBUG\CCMENU.OBJ
D:\RETRO INFINITY\COCO SETUPS\COCOS2D-X-2.2.4\COCOS2DX\PROJ.WP8\DEBUG\CCPARTICLEEXAMPLES.OBJ
D:\RETRO INFINITY\COCO SETUPS\COCOS2D-X-2.2.4\COCOS2DX\PROJ.WP8\DEBUG\CCFILEUTILS.OBJ
D:\RETRO INFINITY\COCO SETUPS\COCOS2D-X-2.2.4\COCOS2DX\PROJ.WP8\DEBUG\CCAPPLICATION.OBJ
D:\RETRO INFINITY\COCO SETUPS\COCOS2D-X-2.2.4\COCOS2DX\PROJ.WP8\DEBUG\CCFILEUTILSWINRT.OBJ
D:\RETRO INFINITY\COCO SETUPS\COCOS2D-X-2.2.4\COCOS2DX\PROJ.WP8\DEBUG\SHA1.OBJ
D:\RETRO INFINITY\COCO SETUPS\COCOS2D-X-2.2.4\COCOS2DX\PROJ.WP8\DEBUG\WP8KEYBOARD.OBJ
D:\RETRO INFINITY\COCO SETUPS\COCOS2D-X-2.2.4\COCOS2DX\PROJ.WP8\DEBUG\MODALLAYER.OBJ
D:\RETRO INFINITY\COCO SETUPS\COCOS2D-X-2.2.4\COCOS2DX\PROJ.WP8\DEBUG\CCSCRIPTSUPPORT.OBJ
D:\RETRO INFINITY\COCO SETUPS\COCOS2D-X-2.2.4\COCOS2DX\PROJ.WP8\DEBUG\CCGLSTATECACHE.OBJ
D:\RETRO INFINITY\COCO SETUPS\COCOS2D-X-2.2.4\COCOS2DX\PROJ.WP8\DEBUG\CCSHADERS.OBJ
D:\RETRO INFINITY\COCO SETUPS\COCOS2D-X-2.2.4\COCOS2DX\PROJ.WP8\DEBUG\CCANIMATIONCACHE.OBJ
D:\RETRO INFINITY\COCO SETUPS\COCOS2D-X-2.2.4\COCOS2DX\PROJ.WP8\DEBUG\CCSPRITEBATCHNODE.OBJ
D:\RETRO INFINITY\COCO SETUPS\COCOS2D-X-2.2.4\COCOS2DX\PROJ.WP8\DEBUG\BASE64.OBJ
D:\RETRO INFINITY\COCO SETUPS\COCOS2D-X-2.2.4\COCOS2DX\PROJ.WP8\DEBUG\CCNOTIFICATIONCENTER.OBJ
D:\RETRO INFINITY\COCO SETUPS\COCOS2D-X-2.2.4\COCOS2DX\PROJ.WP8\DEBUG\CCPROFILING.OBJ
D:\RETRO INFINITY\COCO SETUPS\COCOS2D-X-2.2.4\COCOS2DX\PROJ.WP8\DEBUG\CCVERTEX.OBJ
D:\RETRO INFINITY\COCO SETUPS\COCOS2D-X-2.2.4\COCOS2DX\PROJ.WP8\DEBUG\CCCARRAY.OBJ
D:\RETRO INFINITY\COCO SETUPS\COCOS2D-X-2.2.4\COCOS2DX\PROJ.WP8\DEBUG\CCUSERDEFAULT.OBJ
D:\RETRO INFINITY\COCO SETUPS\COCOS2D-X-2.2.4\COCOS2DX\PROJ.WP8\DEBUG\CCTEXTUREATLAS.OBJ
D:\RETRO INFINITY\COCO SETUPS\COCOS2D-X-2.2.4\COCOS2DX\PROJ.WP8\DEBUG\CCIMEDISPATCHER.OBJ
D:\RETRO INFINITY\COCO SETUPS\COCOS2D-X-2.2.4\COCOS2DX\PROJ.WP8\DEBUG\CCTMXLAYER.OBJ
D:\RETRO INFINITY\COCO SETUPS\COCOS2D-X-2.2.4\COCOS2DX\PROJ.WP8\DEBUG\CCTMXXMLPARSER.OBJ
D:\RETRO INFINITY\COCO SETUPS\COCOS2D-X-2.2.4\COCOS2DX\PROJ.WP8\DEBUG\CCACTIONEASE.OBJ
D:\RETRO INFINITY\COCO SETUPS\COCOS2D-X-2.2.4\COCOS2DX\PROJ.WP8\DEBUG\CCACTIONGRID3D.OBJ
D:\RETRO INFINITY\COCO SETUPS\COCOS2D-X-2.2.4\COCOS2DX\PROJ.WP8\DEBUG\CCACTIONPROGRESSTIMER.OBJ
D:\RETRO INFINITY\COCO SETUPS\COCOS2D-X-2.2.4\COCOS2DX\PROJ.WP8\DEBUG\CCACTIONTILEDGRID.OBJ
D:\RETRO INFINITY\COCO SETUPS\COCOS2D-X-2.2.4\COCOS2DX\PROJ.WP8\DEBUG\CCSCHEDULER.OBJ
D:\RETRO INFINITY\COCO SETUPS\COCOS2D-X-2.2.4\COCOS2DX\PROJ.WP8\DEBUG\CCARRAY.OBJ
D:\RETRO INFINITY\COCO SETUPS\COCOS2D-X-2.2.4\COCOS2DX\PROJ.WP8\DEBUG\CCGEOMETRY.OBJ
D:\RETRO INFINITY\COCO SETUPS\COCOS2D-X-2.2.4\COCOS2DX\PROJ.WP8\DEBUG\CCSTRING.OBJ
D:\RETRO INFINITY\COCO SETUPS\COCOS2D-X-2.2.4\COCOS2DX\PROJ.WP8\DEBUG\CCDRAWNODE.OBJ
D:\RETRO INFINITY\COCO SETUPS\COCOS2D-X-2.2.4\COCOS2DX\PROJ.WP8\DEBUG\CCLABELBMFONT.OBJ
D:\RETRO INFINITY\COCO SETUPS\COCOS2D-X-2.2.4\COCOS2DX\PROJ.WP8\DEBUG\CCTRANSITION.OBJ
D:\RETRO INFINITY\COCO SETUPS\COCOS2D-X-2.2.4\COCOS2DX\PROJ.WP8\DEBUG\CCMOTIONSTREAK.OBJ
D:\RETRO INFINITY\COCO SETUPS\COCOS2D-X-2.2.4\COCOS2DX\PROJ.WP8\DEBUG\CCPARTICLEBATCHNODE.OBJ
D:\RETRO INFINITY\COCO SETUPS\COCOS2D-X-2.2.4\COCOS2DX\PROJ.WP8\DEBUG\CCEGLVIEWPROTOCOL.OBJ
D:\RETRO INFINITY\COCO SETUPS\COCOS2D-X-2.2.4\COCOS2DX\PROJ.WP8\DEBUG\PLATFORM.OBJ
D:\RETRO INFINITY\COCO SETUPS\COCOS2D-X-2.2.4\COCOS2DX\PROJ.WP8\DEBUG\CCDEVICE.OBJ
D:\RETRO INFINITY\COCO SETUPS\COCOS2D-X-2.2.4\COCOS2DX\PROJ.WP8\DEBUG\CCIMAGE.OBJ
D:\RETRO INFINITY\COCO SETUPS\COCOS2D-X-2.2.4\COCOS2DX\PROJ.WP8\DEBUG\CCEGLVIEW.OBJ
D:\RETRO INFINITY\COCO SETUPS\COCOS2D-X-2.2.4\COCOS2DX\PROJ.WP8\DEBUG\CCUTF8.OBJ
D:\RETRO INFINITY\COCO SETUPS\COCOS2D-X-2.2.4\COCOS2DX\PROJ.WP8\DEBUG\TGALIB.OBJ
D:\RETRO INFINITY\COCO SETUPS\COCOS2D-X-2.2.4\COCOS2DX\PROJ.WP8\DEBUG\IOAPI.OBJ
D:\RETRO INFINITY\COCO SETUPS\COCOS2D-X-2.2.4\COCOS2DX\PROJ.WP8\DEBUG\CCTEXTURE2D.OBJ
D:\RETRO INFINITY\COCO SETUPS\COCOS2D-X-2.2.4\COCOS2DX\PROJ.WP8\DEBUG\CCTEXTUREPVR.OBJ
D:\RETRO INFINITY\COCO SETUPS\COCOS2D-X-2.2.4\COCOS2DX\PROJ.WP8\DEBUG\CCPARALLAXNODE.OBJ
D:\RETRO INFINITY\COCO SETUPS\COCOS2D-X-2.2.4\COCOS2DX\PROJ.WP8\DEBUG\CCTMXOBJECTGROUP.OBJ
D:\RETRO INFINITY\COCO SETUPS\COCOS2D-X-2.2.4\COCOS2DX\PROJ.WP8\DEBUG\CCTOUCH.OBJ
D:\RETRO INFINITY\COCO SETUPS\COCOS2D-X-2.2.4\COCOS2DX\PROJ.WP8\DEBUG\CCTOUCHHANDLER.OBJ
D:\RETRO INFINITY\COCO SETUPS\COCOS2D-X-2.2.4\COCOS2DX\PROJ.WP8\DEBUG\CCACTION.OBJ
D:\RETRO INFINITY\COCO SETUPS\COCOS2D-X-2.2.4\COCOS2DX\PROJ.WP8\DEBUG\CCACTIONINSTANT.OBJ
D:\RETRO INFINITY\COCO SETUPS\COCOS2D-X-2.2.4\COCOS2DX\PROJ.WP8\DEBUG\CCACTIONPAGETURN3D.OBJ
D:\RETRO INFINITY\COCO SETUPS\COCOS2D-X-2.2.4\COCOS2DX\PROJ.WP8\DEBUG\CCGLBUFFEREDNODE.OBJ
D:\RETRO INFINITY\COCO SETUPS\COCOS2D-X-2.2.4\COCOS2DX\PROJ.WP8\DEBUG\CCNODE.OBJ
D:\RETRO INFINITY\COCO SETUPS\COCOS2D-X-2.2.4\COCOS2DX\PROJ.WP8\DEBUG\CCCONFIGURATION.OBJ
D:\RETRO INFINITY\COCO SETUPS\COCOS2D-X-2.2.4\COCOS2DX\PROJ.WP8\DEBUG\CCAUTORELEASEPOOL.OBJ
D:\RETRO INFINITY\COCO SETUPS\COCOS2D-X-2.2.4\COCOS2DX\PROJ.WP8\DEBUG\CCNS.OBJ
D:\RETRO INFINITY\COCO SETUPS\COCOS2D-X-2.2.4\COCOS2DX\PROJ.WP8\DEBUG\CCZONE.OBJ
D:\RETRO INFINITY\COCO SETUPS\COCOS2D-X-2.2.4\COCOS2DX\PROJ.WP8\DEBUG\CCDRAWINGPRIMITIVES.OBJ
D:\RETRO INFINITY\COCO SETUPS\COCOS2D-X-2.2.4\COCOS2DX\PROJ.WP8\DEBUG\CCKEYPADDISPATCHER.OBJ
D:\RETRO INFINITY\COCO SETUPS\COCOS2D-X-2.2.4\COCOS2DX\PROJ.WP8\DEBUG\CCLAYER.OBJ
D:\RETRO INFINITY\COCO SETUPS\COCOS2D-X-2.2.4\COCOS2DX\PROJ.WP8\DEBUG\CCTRANSITIONPROGRESS.OBJ
D:\RETRO INFINITY\COCO SETUPS\COCOS2D-X-2.2.4\COCOS2DX\PROJ.WP8\DEBUG\CCCLIPPINGNODE.OBJ
D:\RETRO INFINITY\COCO SETUPS\COCOS2D-X-2.2.4\COCOS2DX\PROJ.WP8\DEBUG\CCRENDERTEXTURE.OBJ
D:\RETRO INFINITY\COCO SETUPS\COCOS2D-X-2.2.4\COCOS2DX\PROJ.WP8\DEBUG\CCPARTICLESYSTEMQUAD.OBJ
D:\RETRO INFINITY\COCO SETUPS\COCOS2D-X-2.2.4\COCOS2DX\PROJ.WP8\DEBUG\CCACCELEROMETER.OBJ
D:\RETRO INFINITY\COCO SETUPS\COCOS2D-X-2.2.4\COCOS2DX\PROJ.WP8\DEBUG\CCFREETYPEFONT.OBJ
D:\RETRO INFINITY\COCO SETUPS\COCOS2D-X-2.2.4\COCOS2DX\PROJ.WP8\DEBUG\CCPRECOMPILEDSHADERS.OBJ
D:\RETRO INFINITY\COCO SETUPS\COCOS2D-X-2.2.4\COCOS2DX\PROJ.WP8\DEBUG\CCGLPROGRAM.OBJ
D:\RETRO INFINITY\COCO SETUPS\COCOS2D-X-2.2.4\COCOS2DX\PROJ.WP8\DEBUG\CCSHADERCACHE.OBJ
D:\RETRO INFINITY\COCO SETUPS\COCOS2D-X-2.2.4\COCOS2DX\PROJ.WP8\DEBUG\CCANIMATION.OBJ
D:\RETRO INFINITY\COCO SETUPS\COCOS2D-X-2.2.4\COCOS2DX\PROJ.WP8\DEBUG\CCSPRITE.OBJ
D:\RETRO INFINITY\COCO SETUPS\COCOS2D-X-2.2.4\COCOS2DX\PROJ.WP8\DEBUG\CCSPRITEFRAME.OBJ
D:\RETRO INFINITY\COCO SETUPS\COCOS2D-X-2.2.4\COCOS2DX\PROJ.WP8\DEBUG\CCSPRITEFRAMECACHE.OBJ
D:\RETRO INFINITY\COCO SETUPS\COCOS2D-X-2.2.4\COCOS2DX\PROJ.WP8\DEBUG\CCPOINTEXTENSION.OBJ
D:\RETRO INFINITY\COCO SETUPS\COCOS2D-X-2.2.4\COCOS2DX\PROJ.WP8\DEBUG\CCUTILS.OBJ
D:\RETRO INFINITY\COCO SETUPS\COCOS2D-X-2.2.4\COCOS2DX\PROJ.WP8\DEBUG\CCCOMPONENTCONTAINER.OBJ
D:\RETRO INFINITY\COCO SETUPS\COCOS2D-X-2.2.4\COCOS2DX\PROJ.WP8\DEBUG\TRANSFORMUTILS.OBJ
D:\RETRO INFINITY\COCO SETUPS\COCOS2D-X-2.2.4\COCOS2DX\PROJ.WP8\DEBUG\ZIPUTILS.OBJ
D:\RETRO INFINITY\COCO SETUPS\COCOS2D-X-2.2.4\COCOS2DX\PROJ.WP8\DEBUG\CCTEXTUREETC.OBJ
D:\RETRO INFINITY\COCO SETUPS\COCOS2D-X-2.2.4\COCOS2DX\PROJ.WP8\DEBUG\CCTEXTFIELDTTF.OBJ
D:\RETRO INFINITY\COCO SETUPS\COCOS2D-X-2.2.4\COCOS2DX\PROJ.WP8\DEBUG\CCTILEMAPATLAS.OBJ
D:\RETRO INFINITY\COCO SETUPS\COCOS2D-X-2.2.4\COCOS2DX\PROJ.WP8\DEBUG\CCTMXTILEDMAP.OBJ
D:\RETRO INFINITY\COCO SETUPS\COCOS2D-X-2.2.4\COCOS2DX\PROJ.WP8\DEBUG\CCTOUCHDISPATCHER.OBJ
D:\RETRO INFINITY\COCO SETUPS\COCOS2D-X-2.2.4\COCOS2DX\PROJ.WP8\DEBUG\CCACTIONCATMULLROM.OBJ
D:\RETRO INFINITY\COCO SETUPS\COCOS2D-X-2.2.4\COCOS2DX\PROJ.WP8\DEBUG\CCACTIONGRID.OBJ
D:\RETRO INFINITY\COCO SETUPS\COCOS2D-X-2.2.4\COCOS2DX\PROJ.WP8\DEBUG\CCACTIONMANAGER.OBJ
D:\RETRO INFINITY\COCO SETUPS\COCOS2D-X-2.2.4\COCOS2DX\PROJ.WP8\DEBUG\CCACTIONTWEEN.OBJ
D:\RETRO INFINITY\COCO SETUPS\COCOS2D-X-2.2.4\COCOS2DX\PROJ.WP8\DEBUG\CCCAMERA.OBJ
D:\RETRO INFINITY\COCO SETUPS\COCOS2D-X-2.2.4\COCOS2DX\PROJ.WP8\DEBUG\CCAFFINETRANSFORM.OBJ
D:\RETRO INFINITY\COCO SETUPS\COCOS2D-X-2.2.4\COCOS2DX\PROJ.WP8\DEBUG\CCDICTIONARY.OBJ
D:\RETRO INFINITY\COCO SETUPS\COCOS2D-X-2.2.4\COCOS2DX\PROJ.WP8\DEBUG\CCOBJECT.OBJ
D:\RETRO INFINITY\COCO SETUPS\COCOS2D-X-2.2.4\COCOS2DX\PROJ.WP8\DEBUG\COCOS2D.OBJ
D:\RETRO INFINITY\COCO SETUPS\COCOS2D-X-2.2.4\COCOS2DX\PROJ.WP8\DEBUG\CCGRABBER.OBJ
D:\RETRO INFINITY\COCO SETUPS\COCOS2D-X-2.2.4\COCOS2DX\PROJ.WP8\DEBUG\CCKEYPADDELEGATE.OBJ
D:\RETRO INFINITY\COCO SETUPS\COCOS2D-X-2.2.4\COCOS2DX\PROJ.WP8\DEBUG\CCLABELTTF.OBJ
D:\RETRO INFINITY\COCO SETUPS\COCOS2D-X-2.2.4\COCOS2DX\PROJ.WP8\DEBUG\CCTRANSITIONPAGETURN.OBJ
D:\RETRO INFINITY\COCO SETUPS\COCOS2D-X-2.2.4\COCOS2DX\PROJ.WP8\DEBUG\CCMENUITEM.OBJ
D:\RETRO INFINITY\COCO SETUPS\COCOS2D-X-2.2.4\COCOS2DX\PROJ.WP8\DEBUG\CCPROGRESSTIMER.OBJ
D:\RETRO INFINITY\COCO SETUPS\COCOS2D-X-2.2.4\COCOS2DX\PROJ.WP8\DEBUG\CCPARTICLESYSTEM.OBJ
D:\RETRO INFINITY\COCO SETUPS\COCOS2D-X-2.2.4\COCOS2DX\PROJ.WP8\DEBUG\CCSAXPARSER.OBJ
D:\RETRO INFINITY\COCO SETUPS\COCOS2D-X-2.2.4\COCOS2DX\PROJ.WP8\DEBUG\CCTHREAD.OBJ
D:\RETRO INFINITY\COCO SETUPS\COCOS2D-X-2.2.4\COCOS2DX\PROJ.WP8\DEBUG\CCCOMMON.OBJ
D:\RETRO INFINITY\COCO SETUPS\COCOS2D-X-2.2.4\COCOS2DX\PROJ.WP8\DEBUG\CCPTHREADWINRT.OBJ
D:\RETRO INFINITY\COCO SETUPS\COCOS2D-X-2.2.4\COCOS2DX\PROJ.WP8\DEBUG\CCSTDC.OBJ
D:\RETRO INFINITY\COCO SETUPS\COCOS2D-X-2.2.4\COCOS2DX\PROJ.WP8\DEBUG\CCWINRTUTILS.OBJ
D:\RETRO INFINITY\COCO SETUPS\COCOS2D-X-2.2.4\COCOS2DX\PROJ.WP8\DEBUG\CCCOMPONENT.OBJ
D:\RETRO INFINITY\COCO SETUPS\COCOS2D-X-2.2.4\COCOS2DX\PROJ.WP8\DEBUG\TINYXML2.OBJ
D:\RETRO INFINITY\COCO SETUPS\COCOS2D-X-2.2.4\COCOS2DX\PROJ.WP8\DEBUG\UNZIP.OBJ
D:\RETRO INFINITY\COCO SETUPS\COCOS2D-X-2.2.4\COCOS2DX\PROJ.WP8\DEBUG\CCTEXTURECACHE.OBJ
D:\RETRO INFINITY\COCO SETUPS\COCOS2D-X-2.2.4\COCOS2DX\PROJ.WP8\DEBUG\MATRIX.OBJ
D:\RETRO INFINITY\COCO SETUPS\COCOS2D-X-2.2.4\COCOS2DX\PROJ.WP8\DEBUG\NEON_MATRIX_IMPL.OBJ
D:\RETRO INFINITY\COCO SETUPS\COCOS2D-X-2.2.4\COCOS2DX\PROJ.WP8\DEBUG\QUATERNION.OBJ
D:\RETRO INFINITY\COCO SETUPS\COCOS2D-X-2.2.4\COCOS2DX\PROJ.WP8\DEBUG\VEC4.OBJ
D:\RETRO INFINITY\COCO SETUPS\COCOS2D-X-2.2.4\COCOS2DX\PROJ.WP8\DEBUG\AABB.OBJ
D:\RETRO INFINITY\COCO SETUPS\COCOS2D-X-2.2.4\COCOS2DX\PROJ.WP8\DEBUG\MAT4.OBJ
D:\RETRO INFINITY\COCO SETUPS\COCOS2D-X-2.2.4\COCOS2DX\PROJ.WP8\DEBUG\VEC2.OBJ
D:\RETRO INFINITY\COCO SETUPS\COCOS2D-X-2.2.4\COCOS2DX\PROJ.WP8\DEBUG\MAT4STACK.OBJ
D:\RETRO INFINITY\COCO SETUPS\COCOS2D-X-2.2.4\COCOS2DX\PROJ.WP8\DEBUG\PLANE.OBJ
D:\RETRO INFINITY\COCO SETUPS\COCOS2D-X-2.2.4\COCOS2DX\PROJ.WP8\DEBUG\UTILITY.OBJ
D:\RETRO INFINITY\COCO SETUPS\COCOS2D-X-2.2.4\COCOS2DX\PROJ.WP8\DEBUG\VEC3.OBJ
D:\RETRO INFINITY\COCO SETUPS\COCOS2D-X-2.2.4\COCOS2DX\PROJ.WP8\DEBUG\CCFPSIMAGES.OBJ
D:\RETRO INFINITY\COCO SETUPS\COCOS2D-X-2.2.4\COCOS2DX\PROJ.WP8\DEBUG\MAT3.OBJ
D:\RETRO INFINITY\COCO SETUPS\COCOS2D-X-2.2.4\COCOS2DX\PROJ.WP8\DEBUG\RAY2.OBJ
D:\Retro Infinity\Coco Setups\cocos2d-x-2.2.4\projects\RetroInfinityDemo\proj.wp8\WP8\Win32\Debug\libcocos2d\libcocos2d.lib
D:\Retro Infinity\Coco Setups\cocos2d-x-2.2.4\projects\RetroInfinityDemo\proj.wp8\WP8\Win32\Debug\libcocos2d\libcocos2d.exp
D:\RETRO INFINITY\COCO SETUPS\COCOS2D-X-2.2.4\PROJECTS\RETROINFINITYDEMO\PROJ.WP8\WP8\WIN32\DEBUG\LIBCOCOS2D\LIBCOCOS2D.DLL
D:\RETRO INFINITY\COCO SETUPS\COCOS2D-X-2.2.4\PROJECTS\RETROINFINITYDEMO\PROJ.WP8\WP8\WIN32\DEBUG\LIBCOCOS2D\LIBCOCOS2D.PDB
D:\Retro Infinity\Coco Setups\cocos2d-x-2.2.4\cocos2dx\proj.wp8\Debug\libcocos2d.vcxprojResolveAssemblyReference.cache
D:\Retro Infinity\Coco Setups\cocos2d-x-2.2.4\cocos2dx\proj.wp8\Debug\aabb.obj
D:\Retro Infinity\Coco Setups\cocos2d-x-2.2.4\cocos2dx\proj.wp8\Debug\base64.obj
D:\Retro Infinity\Coco Setups\cocos2d-x-2.2.4\cocos2dx\proj.wp8\Debug\CCAccelerometer.obj
D:\Retro Infinity\Coco Setups\cocos2d-x-2.2.4\cocos2dx\proj.wp8\Debug\CCAction.obj
D:\Retro Infinity\Coco Setups\cocos2d-x-2.2.4\cocos2dx\proj.wp8\Debug\CCActionCamera.obj
D:\Retro Infinity\Coco Setups\cocos2d-x-2.2.4\cocos2dx\proj.wp8\Debug\CCActionCatmullRom.obj
D:\Retro Infinity\Coco Setups\cocos2d-x-2.2.4\cocos2dx\proj.wp8\Debug\CCActionEase.obj
D:\Retro Infinity\Coco Setups\cocos2d-x-2.2.4\cocos2dx\proj.wp8\Debug\CCActionGrid.obj
D:\Retro Infinity\Coco Setups\cocos2d-x-2.2.4\cocos2dx\proj.wp8\Debug\CCActionGrid3D.obj
D:\Retro Infinity\Coco Setups\cocos2d-x-2.2.4\cocos2dx\proj.wp8\Debug\CCActionInstant.obj
D:\Retro Infinity\Coco Setups\cocos2d-x-2.2.4\cocos2dx\proj.wp8\Debug\CCActionInterval.obj
D:\Retro Infinity\Coco Setups\cocos2d-x-2.2.4\cocos2dx\proj.wp8\Debug\CCActionManager.obj
D:\Retro Infinity\Coco Setups\cocos2d-x-2.2.4\cocos2dx\proj.wp8\Debug\CCActionPageTurn3D.obj
D:\Retro Infinity\Coco Setups\cocos2d-x-2.2.4\cocos2dx\proj.wp8\Debug\CCActionProgressTimer.obj
D:\Retro Infinity\Coco Setups\cocos2d-x-2.2.4\cocos2dx\proj.wp8\Debug\CCActionTiledGrid.obj
D:\Retro Infinity\Coco Setups\cocos2d-x-2.2.4\cocos2dx\proj.wp8\Debug\CCActionTween.obj
D:\Retro Infinity\Coco Setups\cocos2d-x-2.2.4\cocos2dx\proj.wp8\Debug\CCAffineTransform.obj
D:\Retro Infinity\Coco Setups\cocos2d-x-2.2.4\cocos2dx\proj.wp8\Debug\CCAnimation.obj
D:\Retro Infinity\Coco Setups\cocos2d-x-2.2.4\cocos2dx\proj.wp8\Debug\CCAnimationCache.obj
D:\Retro Infinity\Coco Setups\cocos2d-x-2.2.4\cocos2dx\proj.wp8\Debug\CCApplication.obj
D:\Retro Infinity\Coco Setups\cocos2d-x-2.2.4\cocos2dx\proj.wp8\Debug\CCArray.obj
D:\Retro Infinity\Coco Setups\cocos2d-x-2.2.4\cocos2dx\proj.wp8\Debug\CCAtlasNode.obj
D:\Retro Infinity\Coco Setups\cocos2d-x-2.2.4\cocos2dx\proj.wp8\Debug\CCAutoreleasePool.obj
D:\Retro Infinity\Coco Setups\cocos2d-x-2.2.4\cocos2dx\proj.wp8\Debug\CCCamera.obj
D:\Retro Infinity\Coco Setups\cocos2d-x-2.2.4\cocos2dx\proj.wp8\Debug\ccCArray.obj
D:\Retro Infinity\Coco Setups\cocos2d-x-2.2.4\cocos2dx\proj.wp8\Debug\CCClippingNode.obj
D:\Retro Infinity\Coco Setups\cocos2d-x-2.2.4\cocos2dx\proj.wp8\Debug\CCCommon.obj
D:\Retro Infinity\Coco Setups\cocos2d-x-2.2.4\cocos2dx\proj.wp8\Debug\CCComponent.obj
D:\Retro Infinity\Coco Setups\cocos2d-x-2.2.4\cocos2dx\proj.wp8\Debug\CCComponentContainer.obj
D:\Retro Infinity\Coco Setups\cocos2d-x-2.2.4\cocos2dx\proj.wp8\Debug\CCConfiguration.obj
D:\Retro Infinity\Coco Setups\cocos2d-x-2.2.4\cocos2dx\proj.wp8\Debug\CCDataVisitor.obj
D:\Retro Infinity\Coco Setups\cocos2d-x-2.2.4\cocos2dx\proj.wp8\Debug\CCDevice.obj
D:\Retro Infinity\Coco Setups\cocos2d-x-2.2.4\cocos2dx\proj.wp8\Debug\CCDictionary.obj
D:\Retro Infinity\Coco Setups\cocos2d-x-2.2.4\cocos2dx\proj.wp8\Debug\CCDirector.obj
D:\Retro Infinity\Coco Setups\cocos2d-x-2.2.4\cocos2dx\proj.wp8\Debug\CCDrawingPrimitives.obj
D:\Retro Infinity\Coco Setups\cocos2d-x-2.2.4\cocos2dx\proj.wp8\Debug\CCDrawNode.obj
D:\Retro Infinity\Coco Setups\cocos2d-x-2.2.4\cocos2dx\proj.wp8\Debug\CCEGLView.obj
D:\Retro Infinity\Coco Setups\cocos2d-x-2.2.4\cocos2dx\proj.wp8\Debug\CCEGLViewProtocol.obj
D:\Retro Infinity\Coco Setups\cocos2d-x-2.2.4\cocos2dx\proj.wp8\Debug\CCFileUtils.obj
D:\Retro Infinity\Coco Setups\cocos2d-x-2.2.4\cocos2dx\proj.wp8\Debug\CCFileUtilsWinRT.obj
D:\Retro Infinity\Coco Setups\cocos2d-x-2.2.4\cocos2dx\proj.wp8\Debug\ccFPSImages.obj
D:\Retro Infinity\Coco Setups\cocos2d-x-2.2.4\cocos2dx\proj.wp8\Debug\CCFreeTypeFont.obj
D:\Retro Infinity\Coco Setups\cocos2d-x-2.2.4\cocos2dx\proj.wp8\Debug\CCGeometry.obj
D:\Retro Infinity\Coco Setups\cocos2d-x-2.2.4\cocos2dx\proj.wp8\Debug\CCGLBufferedNode.obj
D:\Retro Infinity\Coco Setups\cocos2d-x-2.2.4\cocos2dx\proj.wp8\Debug\CCGLProgram.obj
D:\Retro Infinity\Coco Setups\cocos2d-x-2.2.4\cocos2dx\proj.wp8\Debug\ccGLStateCache.obj
D:\Retro Infinity\Coco Setups\cocos2d-x-2.2.4\cocos2dx\proj.wp8\Debug\CCGrabber.obj
D:\Retro Infinity\Coco Setups\cocos2d-x-2.2.4\cocos2dx\proj.wp8\Debug\CCGrid.obj
D:\Retro Infinity\Coco Setups\cocos2d-x-2.2.4\cocos2dx\proj.wp8\Debug\CCImage.obj
D:\Retro Infinity\Coco Setups\cocos2d-x-2.2.4\cocos2dx\proj.wp8\Debug\CCIMEDispatcher.obj
D:\Retro Infinity\Coco Setups\cocos2d-x-2.2.4\cocos2dx\proj.wp8\Debug\CCKeypadDelegate.obj
D:\Retro Infinity\Coco Setups\cocos2d-x-2.2.4\cocos2dx\proj.wp8\Debug\CCKeypadDispatcher.obj
D:\Retro Infinity\Coco Setups\cocos2d-x-2.2.4\cocos2dx\proj.wp8\Debug\CCLabelAtlas.obj
D:\Retro Infinity\Coco Setups\cocos2d-x-2.2.4\cocos2dx\proj.wp8\Debug\CCLabelBMFont.obj
D:\Retro Infinity\Coco Setups\cocos2d-x-2.2.4\cocos2dx\proj.wp8\Debug\CCLabelTTF.obj
D:\Retro Infinity\Coco Setups\cocos2d-x-2.2.4\cocos2dx\proj.wp8\Debug\CCLayer.obj
D:\Retro Infinity\Coco Setups\cocos2d-x-2.2.4\cocos2dx\proj.wp8\Debug\CCMenu.obj
D:\Retro Infinity\Coco Setups\cocos2d-x-2.2.4\cocos2dx\proj.wp8\Debug\CCMenuItem.obj
D:\Retro Infinity\Coco Setups\cocos2d-x-2.2.4\cocos2dx\proj.wp8\Debug\CCMotionStreak.obj
D:\Retro Infinity\Coco Setups\cocos2d-x-2.2.4\cocos2dx\proj.wp8\Debug\CCNode.obj
D:\Retro Infinity\Coco Setups\cocos2d-x-2.2.4\cocos2dx\proj.wp8\Debug\CCNotificationCenter.obj
D:\Retro Infinity\Coco Setups\cocos2d-x-2.2.4\cocos2dx\proj.wp8\Debug\CCNS.obj
D:\Retro Infinity\Coco Setups\cocos2d-x-2.2.4\cocos2dx\proj.wp8\Debug\CCObject.obj
D:\Retro Infinity\Coco Setups\cocos2d-x-2.2.4\cocos2dx\proj.wp8\Debug\CCParallaxNode.obj
D:\Retro Infinity\Coco Setups\cocos2d-x-2.2.4\cocos2dx\proj.wp8\Debug\CCParticleBatchNode.obj
D:\Retro Infinity\Coco Setups\cocos2d-x-2.2.4\cocos2dx\proj.wp8\Debug\CCParticleExamples.obj
D:\Retro Infinity\Coco Setups\cocos2d-x-2.2.4\cocos2dx\proj.wp8\Debug\CCParticleSystem.obj
D:\Retro Infinity\Coco Setups\cocos2d-x-2.2.4\cocos2dx\proj.wp8\Debug\CCParticleSystemQuad.obj
D:\Retro Infinity\Coco Setups\cocos2d-x-2.2.4\cocos2dx\proj.wp8\Debug\CCPointExtension.obj
D:\Retro Infinity\Coco Setups\cocos2d-x-2.2.4\cocos2dx\proj.wp8\Debug\CCPrecompiledShaders.obj
D:\Retro Infinity\Coco Setups\cocos2d-x-2.2.4\cocos2dx\proj.wp8\Debug\CCProfiling.obj
D:\Retro Infinity\Coco Setups\cocos2d-x-2.2.4\cocos2dx\proj.wp8\Debug\CCProgressTimer.obj
D:\Retro Infinity\Coco Setups\cocos2d-x-2.2.4\cocos2dx\proj.wp8\Debug\CCPThreadWinRT.obj
D:\Retro Infinity\Coco Setups\cocos2d-x-2.2.4\cocos2dx\proj.wp8\Debug\CCRenderTexture.obj
D:\Retro Infinity\Coco Setups\cocos2d-x-2.2.4\cocos2dx\proj.wp8\Debug\CCSAXParser.obj
D:\Retro Infinity\Coco Setups\cocos2d-x-2.2.4\cocos2dx\proj.wp8\Debug\CCScene.obj
D:\Retro Infinity\Coco Setups\cocos2d-x-2.2.4\cocos2dx\proj.wp8\Debug\CCScheduler.obj
D:\Retro Infinity\Coco Setups\cocos2d-x-2.2.4\cocos2dx\proj.wp8\Debug\CCScriptSupport.obj
D:\Retro Infinity\Coco Setups\cocos2d-x-2.2.4\cocos2dx\proj.wp8\Debug\CCSet.obj
D:\Retro Infinity\Coco Setups\cocos2d-x-2.2.4\cocos2dx\proj.wp8\Debug\CCShaderCache.obj
D:\Retro Infinity\Coco Setups\cocos2d-x-2.2.4\cocos2dx\proj.wp8\Debug\ccShaders.obj
D:\Retro Infinity\Coco Setups\cocos2d-x-2.2.4\cocos2dx\proj.wp8\Debug\CCSprite.obj
D:\Retro Infinity\Coco Setups\cocos2d-x-2.2.4\cocos2dx\proj.wp8\Debug\CCSpriteBatchNode.obj
D:\Retro Infinity\Coco Setups\cocos2d-x-2.2.4\cocos2dx\proj.wp8\Debug\CCSpriteFrame.obj
D:\Retro Infinity\Coco Setups\cocos2d-x-2.2.4\cocos2dx\proj.wp8\Debug\CCSpriteFrameCache.obj
D:\Retro Infinity\Coco Setups\cocos2d-x-2.2.4\cocos2dx\proj.wp8\Debug\CCStdC.obj
D:\Retro Infinity\Coco Setups\cocos2d-x-2.2.4\cocos2dx\proj.wp8\Debug\CCString.obj
D:\Retro Infinity\Coco Setups\cocos2d-x-2.2.4\cocos2dx\proj.wp8\Debug\CCTextFieldTTF.obj
D:\Retro Infinity\Coco Setups\cocos2d-x-2.2.4\cocos2dx\proj.wp8\Debug\CCTexture2D.obj
D:\Retro Infinity\Coco Setups\cocos2d-x-2.2.4\cocos2dx\proj.wp8\Debug\CCTextureAtlas.obj
D:\Retro Infinity\Coco Setups\cocos2d-x-2.2.4\cocos2dx\proj.wp8\Debug\CCTextureCache.obj
D:\Retro Infinity\Coco Setups\cocos2d-x-2.2.4\cocos2dx\proj.wp8\Debug\CCTextureETC.obj
D:\Retro Infinity\Coco Setups\cocos2d-x-2.2.4\cocos2dx\proj.wp8\Debug\CCTexturePVR.obj
D:\Retro Infinity\Coco Setups\cocos2d-x-2.2.4\cocos2dx\proj.wp8\Debug\CCThread.obj
D:\Retro Infinity\Coco Setups\cocos2d-x-2.2.4\cocos2dx\proj.wp8\Debug\CCTileMapAtlas.obj
D:\Retro Infinity\Coco Setups\cocos2d-x-2.2.4\cocos2dx\proj.wp8\Debug\CCTMXLayer.obj
D:\Retro Infinity\Coco Setups\cocos2d-x-2.2.4\cocos2dx\proj.wp8\Debug\CCTMXObjectGroup.obj
D:\Retro Infinity\Coco Setups\cocos2d-x-2.2.4\cocos2dx\proj.wp8\Debug\CCTMXTiledMap.obj
D:\Retro Infinity\Coco Setups\cocos2d-x-2.2.4\cocos2dx\proj.wp8\Debug\CCTMXXMLParser.obj
D:\Retro Infinity\Coco Setups\cocos2d-x-2.2.4\cocos2dx\proj.wp8\Debug\CCTouch.obj
D:\Retro Infinity\Coco Setups\cocos2d-x-2.2.4\cocos2dx\proj.wp8\Debug\CCTouchDispatcher.obj
D:\Retro Infinity\Coco Setups\cocos2d-x-2.2.4\cocos2dx\proj.wp8\Debug\CCTouchHandler.obj
D:\Retro Infinity\Coco Setups\cocos2d-x-2.2.4\cocos2dx\proj.wp8\Debug\CCTransition.obj
D:\Retro Infinity\Coco Setups\cocos2d-x-2.2.4\cocos2dx\proj.wp8\Debug\CCTransitionPageTurn.obj
D:\Retro Infinity\Coco Setups\cocos2d-x-2.2.4\cocos2dx\proj.wp8\Debug\CCTransitionProgress.obj
D:\Retro Infinity\Coco Setups\cocos2d-x-2.2.4\cocos2dx\proj.wp8\Debug\CCUserDefault.obj
D:\Retro Infinity\Coco Setups\cocos2d-x-2.2.4\cocos2dx\proj.wp8\Debug\ccUTF8.obj
D:\Retro Infinity\Coco Setups\cocos2d-x-2.2.4\cocos2dx\proj.wp8\Debug\ccUtils.obj
D:\Retro Infinity\Coco Setups\cocos2d-x-2.2.4\cocos2dx\proj.wp8\Debug\CCVertex.obj
D:\Retro Infinity\Coco Setups\cocos2d-x-2.2.4\cocos2dx\proj.wp8\Debug\CCWinRTUtils.obj
D:\Retro Infinity\Coco Setups\cocos2d-x-2.2.4\cocos2dx\proj.wp8\Debug\CCZone.obj
D:\Retro Infinity\Coco Setups\cocos2d-x-2.2.4\cocos2dx\proj.wp8\Debug\cocos2d.obj
D:\Retro Infinity\Coco Setups\cocos2d-x-2.2.4\cocos2dx\proj.wp8\Debug\ioapi.obj
D:\Retro Infinity\Coco Setups\cocos2d-x-2.2.4\cocos2dx\proj.wp8\Debug\mat3.obj
D:\Retro Infinity\Coco Setups\cocos2d-x-2.2.4\cocos2dx\proj.wp8\Debug\mat4.obj
D:\Retro Infinity\Coco Setups\cocos2d-x-2.2.4\cocos2dx\proj.wp8\Debug\mat4stack.obj
D:\Retro Infinity\Coco Setups\cocos2d-x-2.2.4\cocos2dx\proj.wp8\Debug\matrix.obj
D:\Retro Infinity\Coco Setups\cocos2d-x-2.2.4\cocos2dx\proj.wp8\Debug\ModalLayer.obj
D:\Retro Infinity\Coco Setups\cocos2d-x-2.2.4\cocos2dx\proj.wp8\Debug\neon_matrix_impl.obj
D:\Retro Infinity\Coco Setups\cocos2d-x-2.2.4\cocos2dx\proj.wp8\Debug\pch.obj
D:\Retro Infinity\Coco Setups\cocos2d-x-2.2.4\cocos2dx\proj.wp8\Debug\plane.obj
D:\Retro Infinity\Coco Setups\cocos2d-x-2.2.4\cocos2dx\proj.wp8\Debug\platform.obj
D:\Retro Infinity\Coco Setups\cocos2d-x-2.2.4\cocos2dx\proj.wp8\Debug\quaternion.obj
D:\Retro Infinity\Coco Setups\cocos2d-x-2.2.4\cocos2dx\proj.wp8\Debug\ray2.obj
D:\Retro Infinity\Coco Setups\cocos2d-x-2.2.4\cocos2dx\proj.wp8\Debug\sha1.obj
D:\Retro Infinity\Coco Setups\cocos2d-x-2.2.4\cocos2dx\proj.wp8\Debug\TGAlib.obj
D:\Retro Infinity\Coco Setups\cocos2d-x-2.2.4\cocos2dx\proj.wp8\Debug\tinyxml2.obj
D:\Retro Infinity\Coco Setups\cocos2d-x-2.2.4\cocos2dx\proj.wp8\Debug\TransformUtils.obj
D:\Retro Infinity\Coco Setups\cocos2d-x-2.2.4\cocos2dx\proj.wp8\Debug\unzip.obj
D:\Retro Infinity\Coco Setups\cocos2d-x-2.2.4\cocos2dx\proj.wp8\Debug\utility.obj
D:\Retro Infinity\Coco Setups\cocos2d-x-2.2.4\cocos2dx\proj.wp8\Debug\vec2.obj
D:\Retro Infinity\Coco Setups\cocos2d-x-2.2.4\cocos2dx\proj.wp8\Debug\vec3.obj
D:\Retro Infinity\Coco Setups\cocos2d-x-2.2.4\cocos2dx\proj.wp8\Debug\vec4.obj
D:\Retro Infinity\Coco Setups\cocos2d-x-2.2.4\cocos2dx\proj.wp8\Debug\WP8Keyboard.obj
D:\Retro Infinity\Coco Setups\cocos2d-x-2.2.4\cocos2dx\proj.wp8\Debug\ZipUtils.obj
D:\Retro Infinity\Coco Setups\cocos2d-x-2.2.4\cocos2dx\proj.wp8\Debug\CL.1732.read.1.tlog
D:\Retro Infinity\Coco Setups\cocos2d-x-2.2.4\cocos2dx\proj.wp8\Debug\CL.1732.write.1.tlog
D:\Retro Infinity\Coco Setups\cocos2d-x-2.2.4\cocos2dx\proj.wp8\Debug\CL.3876.read.1.tlog
D:\Retro Infinity\Coco Setups\cocos2d-x-2.2.4\cocos2dx\proj.wp8\Debug\CL.3876.write.1.tlog
D:\Retro Infinity\Coco Setups\cocos2d-x-2.2.4\cocos2dx\proj.wp8\Debug\CL.4616.read.1.tlog
D:\Retro Infinity\Coco Setups\cocos2d-x-2.2.4\cocos2dx\proj.wp8\Debug\CL.4616.write.1.tlog
D:\Retro Infinity\Coco Setups\cocos2d-x-2.2.4\cocos2dx\proj.wp8\Debug\CL.5164.read.1.tlog
D:\Retro Infinity\Coco Setups\cocos2d-x-2.2.4\cocos2dx\proj.wp8\Debug\CL.5164.write.1.tlog
D:\Retro Infinity\Coco Setups\cocos2d-x-2.2.4\cocos2dx\proj.wp8\Debug\CL.5460.read.1.tlog
D:\Retro Infinity\Coco Setups\cocos2d-x-2.2.4\cocos2dx\proj.wp8\Debug\CL.5460.write.1.tlog
D:\Retro Infinity\Coco Setups\cocos2d-x-2.2.4\cocos2dx\proj.wp8\Debug\CL.6504.read.1.tlog
D:\Retro Infinity\Coco Setups\cocos2d-x-2.2.4\cocos2dx\proj.wp8\Debug\CL.6504.write.1.tlog
D:\Retro Infinity\Coco Setups\cocos2d-x-2.2.4\cocos2dx\proj.wp8\Debug\CL.7184.read.1.tlog
D:\Retro Infinity\Coco Setups\cocos2d-x-2.2.4\cocos2dx\proj.wp8\Debug\CL.7184.write.1.tlog
D:\Retro Infinity\Coco Setups\cocos2d-x-2.2.4\cocos2dx\proj.wp8\Debug\CL.7880.read.1.tlog
D:\Retro Infinity\Coco Setups\cocos2d-x-2.2.4\cocos2dx\proj.wp8\Debug\CL.7880.write.1.tlog
D:\Retro Infinity\Coco Setups\cocos2d-x-2.2.4\cocos2dx\proj.wp8\Debug\cl.command.1.tlog
D:\Retro Infinity\Coco Setups\cocos2d-x-2.2.4\cocos2dx\proj.wp8\Debug\CL.read.1.tlog
D:\Retro Infinity\Coco Setups\cocos2d-x-2.2.4\cocos2dx\proj.wp8\Debug\CL.write.1.tlog
D:\Retro Infinity\Coco Setups\cocos2d-x-2.2.4\cocos2dx\proj.wp8\Debug\libcocos2d.write.1.tlog
D:\Retro Infinity\Coco Setups\cocos2d-x-2.2.4\cocos2dx\proj.wp8\Debug\link.5632.read.1.tlog
D:\Retro Infinity\Coco Setups\cocos2d-x-2.2.4\cocos2dx\proj.wp8\Debug\link.5632.write.1.tlog
D:\Retro Infinity\Coco Setups\cocos2d-x-2.2.4\cocos2dx\proj.wp8\Debug\link.command.1.tlog
D:\Retro Infinity\Coco Setups\cocos2d-x-2.2.4\cocos2dx\proj.wp8\Debug\link.read.1.tlog
D:\Retro Infinity\Coco Setups\cocos2d-x-2.2.4\cocos2dx\proj.wp8\Debug\link.write.1.tlog
D:\Retro Infinity\Coco Setups\cocos2d-x-2.2.4\cocos2dx\proj.wp8\Debug\libcocos2d.pch
D:\Retro Infinity\Coco Setups\cocos2d-x-2.2.4\cocos2dx\proj.wp8\Debug\vc110.pdb
D:\Retro Infinity\Coco Setups\cocos2d-x-2.2.4\projects\RetroInfinityDemo\proj.wp8\WP8\Win32\Debug\libcocos2d\libcocos2d.pdb
D:\Retro Infinity\Coco Setups\cocos2d-x-2.2.4\projects\RetroInfinityDemo\proj.wp8\WP8\Win32\Debug\libcocos2d\libcocos2d.dll
