Build started 7/22/2014 4:05:16 PM.
     1>Project "D:\Retro Infinity\Coco Setups\cocos2d-x-2.2.4\cocos2dx\proj.wp8\libcocos2d.vcxproj" on node 2 (Rebuild target(s)).
     1>ClCompile:
         C:\Program Files (x86)\Microsoft Visual Studio 11.0\VC\WPSDK\WP80\bin\CL.exe /c /I../platform/wp8 /I../platform/winrt /I../include /I../ /I../kazmath/include /I../kazmath/include/GL /I../platform/third_party/wp8/zlib /I../platform/third_party/wp8/libpng /I../platform/third_party/wp8/freetype/include /I../platform/third_party/wp8/libjpeg /I../platform/third_party/wp8/libtiff /I../platform/third_party/wp8/libwebp /I../platform/third_party/winrt/angle/include /I../platform/third_party/winrt/angle/src/common /AI"C:\Program Files (x86)\Windows Phone Kits\8.0\Windows Metadata" /Zi /ZW /nologo /W1 /WX- /MP /Od /Oy- /D UNICODE /D COCOS2D_DEBUG=1 /D _USRDLL /D WP8 /D _WP8 /D GL_GLEXT_PROTOTYPES /D _CRT_SECURE_NO_WARNINGS /D _SCL_SECURE_NO_WARNINGS /D _WINDLL /D WINAPI_FAMILY=WINAPI_FAMILY_PHONE_APP /Gm- /EHsc /RTC1 /MDd /GS /fp:precise /Zc:wchar_t /Zc:forScope /Yc"pch.h" /Fp"Debug\libcocos2d.pch" /Fo"Debug\\" /Fd"Debug\vc110.pdb" /Gd /TP /wd4267 /wd4251 /wd4244 /wd4453 /FIpch.h /FU"C:\Program Files (x86)\Microsoft Visual Studio 11.0\VC\WPSDK\WP80\lib\platform.winmd" /FU"C:\Program Files (x86)\Windows Phone Kits\8.0\Windows Metadata\Windows.winmd" /analyze- /errorReport:prompt pch.cpp
         pch.cpp
         C:\Program Files (x86)\Microsoft Visual Studio 11.0\VC\WPSDK\WP80\bin\CL.exe /c /I../platform/wp8 /I../platform/winrt /I../include /I../ /I../kazmath/include /I../kazmath/include/GL /I../platform/third_party/wp8/zlib /I../platform/third_party/wp8/libpng /I../platform/third_party/wp8/freetype/include /I../platform/third_party/wp8/libjpeg /I../platform/third_party/wp8/libtiff /I../platform/third_party/wp8/libwebp /I../platform/third_party/winrt/angle/include /I../platform/third_party/winrt/angle/src/common /AI"C:\Program Files (x86)\Windows Phone Kits\8.0\Windows Metadata" /Zi /ZW /nologo /W1 /WX- /MP /Od /Oy- /D UNICODE /D COCOS2D_DEBUG=1 /D _USRDLL /D WP8 /D _WP8 /D GL_GLEXT_PROTOTYPES /D _CRT_SECURE_NO_WARNINGS /D _SCL_SECURE_NO_WARNINGS /D _WINDLL /D WINAPI_FAMILY=WINAPI_FAMILY_PHONE_APP /Gm- /EHsc /RTC1 /MDd /GS /fp:precise /Zc:wchar_t /Zc:forScope /Yu"pch.h" /Fp"Debug\libcocos2d.pch" /Fo"Debug\\" /Fd"Debug\vc110.pdb" /Gd /TP /wd4267 /wd4251 /wd4244 /wd4453 /FIpch.h /FU"C:\Program Files (x86)\Microsoft Visual Studio 11.0\VC\WPSDK\WP80\lib\platform.winmd" /FU"C:\Program Files (x86)\Windows Phone Kits\8.0\Windows Metadata\Windows.winmd" /analyze- /errorReport:prompt ..\actions\CCAction.cpp ..\actions\CCActionCamera.cpp ..\actions\CCActionCatmullRom.cpp ..\actions\CCActionEase.cpp ..\actions\CCActionGrid.cpp ..\actions\CCActionGrid3D.cpp ..\actions\CCActionInstant.cpp ..\actions\CCActionInterval.cpp ..\actions\CCActionManager.cpp ..\actions\CCActionPageTurn3D.cpp ..\actions\CCActionProgressTimer.cpp ..\actions\CCActionTiledGrid.cpp ..\actions\CCActionTween.cpp ..\base_nodes\CCAtlasNode.cpp ..\base_nodes\CCGLBufferedNode.cpp ..\base_nodes\CCNode.cpp ..\CCCamera.cpp ..\CCConfiguration.cpp ..\CCDirector.cpp ..\CCScheduler.cpp ..\cocoa\CCAffineTransform.cpp ..\cocoa\CCArray.cpp ..\cocoa\CCAutoreleasePool.cpp ..\cocoa\CCDataVisitor.cpp ..\cocoa\CCDictionary.cpp ..\cocoa\CCGeometry.cpp ..\cocoa\CCNS.cpp ..\cocoa\CCObject.cpp ..\cocoa\CCSet.cpp ..\cocoa\CCString.cpp ..\cocoa\CCZone.cpp ..\cocos2d.cpp ..\draw_nodes\CCDrawingPrimitives.cpp ..\draw_nodes\CCDrawNode.cpp ..\effects\CCGrabber.cpp ..\effects\CCGrid.cpp ..\keypad_dispatcher\CCKeypadDelegate.cpp ..\keypad_dispatcher\CCKeypadDispatcher.cpp ..\label_nodes\CCLabelAtlas.cpp ..\label_nodes\CCLabelBMFont.cpp ..\label_nodes\CCLabelTTF.cpp ..\layers_scenes_transitions_nodes\CCLayer.cpp ..\layers_scenes_transitions_nodes\CCScene.cpp ..\layers_scenes_transitions_nodes\CCTransition.cpp ..\layers_scenes_transitions_nodes\CCTransitionPageTurn.cpp ..\layers_scenes_transitions_nodes\CCTransitionProgress.cpp ..\menu_nodes\CCMenu.cpp ..\menu_nodes\CCMenuItem.cpp ..\misc_nodes\CCClippingNode.cpp ..\misc_nodes\CCMotionStreak.cpp ..\misc_nodes\CCProgressTimer.cpp ..\misc_nodes\CCRenderTexture.cpp ..\particle_nodes\CCParticleBatchNode.cpp ..\particle_nodes\CCParticleExamples.cpp ..\particle_nodes\CCParticleSystem.cpp ..\particle_nodes\CCParticleSystemQuad.cpp ..\platform\CCEGLViewProtocol.cpp ..\platform\CCFileUtils.cpp ..\platform\CCSAXParser.cpp ..\platform\CCThread.cpp ..\platform\platform.cpp ..\platform\winrt\CCAccelerometer.cpp ..\platform\winrt\CCApplication.cpp ..\platform\winrt\CCCommon.cpp ..\platform\winrt\CCDevice.cpp ..\platform\winrt\CCFileUtilsWinRT.cpp ..\platform\winrt\CCFreeTypeFont.cpp ..\platform\winrt\CCImage.cpp ..\platform\winrt\CCPrecompiledShaders.cpp ..\platform\winrt\CCPThreadWinRT.cpp ..\platform\winrt\CCStdC.cpp ..\platform\winrt\CCWinRTUtils.cpp ..\platform\winrt\sha1.cpp ..\platform\wp8\CCEGLView.cpp ..\platform\wp8\WP8Keyboard.cpp ..\platform\wp8\ModalLayer.cpp ..\script_support\CCScriptSupport.cpp ..\shaders\CCGLProgram.cpp ..\shaders\ccGLStateCache.cpp ..\shaders\CCShaderCache.cpp ..\shaders\ccShaders.cpp ..\sprite_nodes\CCAnimation.cpp ..\sprite_nodes\CCAnimationCache.cpp ..\sprite_nodes\CCSprite.cpp ..\sprite_nodes\CCSpriteBatchNode.cpp ..\sprite_nodes\CCSpriteFrame.cpp ..\sprite_nodes\CCSpriteFrameCache.cpp ..\support\base64.cpp ..\support\CCNotificationCenter.cpp ..\support\CCPointExtension.cpp ..\support\CCProfiling.cpp ..\support\ccUTF8.cpp ..\support\ccUtils.cpp ..\support\CCVertex.cpp ..\support\component\CCComponent.cpp ..\support\component\CCComponentContainer.cpp ..\support\data_support\ccCArray.cpp ..\support\image_support\TGAlib.cpp ..\support\tinyxml2\tinyxml2.cpp ..\support\TransformUtils.cpp ..\support\user_default\CCUserDefault.cpp ..\support\zip_support\ioapi.cpp ..\support\zip_support\unzip.cpp ..\support\zip_support\ZipUtils.cpp ..\textures\CCTexture2D.cpp ..\textures\CCTextureAtlas.cpp ..\textures\CCTextureCache.cpp ..\textures\CCTextureETC.cpp ..\textures\CCTexturePVR.cpp ..\text_input_node\CCIMEDispatcher.cpp ..\text_input_node\CCTextFieldTTF.cpp ..\tilemap_parallax_nodes\CCParallaxNode.cpp ..\tilemap_parallax_nodes\CCTileMapAtlas.cpp ..\tilemap_parallax_nodes\CCTMXLayer.cpp ..\tilemap_parallax_nodes\CCTMXObjectGroup.cpp ..\tilemap_parallax_nodes\CCTMXTiledMap.cpp ..\tilemap_parallax_nodes\CCTMXXMLParser.cpp ..\touch_dispatcher\CCTouch.cpp ..\touch_dispatcher\CCTouchDispatcher.cpp ..\touch_dispatcher\CCTouchHandler.cpp
         CCAction.cpp
         CCActionCamera.cpp
         CCActionCatmullRom.cpp
         CCActionEase.cpp
         CCActionGrid.cpp
         CCActionGrid3D.cpp
         CCActionInstant.cpp
         CCActionInterval.cpp
         CCActionManager.cpp
         CCActionPageTurn3D.cpp
         CCActionProgressTimer.cpp
         CCActionTiledGrid.cpp
         CCActionTween.cpp
         CCAtlasNode.cpp
         CCGLBufferedNode.cpp
         CCNode.cpp
         CCCamera.cpp
         CCConfiguration.cpp
         CCDirector.cpp
         CCScheduler.cpp
         CCAffineTransform.cpp
         CCArray.cpp
         CCAutoreleasePool.cpp
         CCDataVisitor.cpp
         CCDictionary.cpp
         CCGeometry.cpp
         CCNS.cpp
         CCObject.cpp
         CCSet.cpp
         CCString.cpp
         CCZone.cpp
         cocos2d.cpp
         CCDrawingPrimitives.cpp
         CCDrawNode.cpp
         CCGrabber.cpp
         CCGrid.cpp
         CCKeypadDelegate.cpp
         CCKeypadDispatcher.cpp
         CCLabelAtlas.cpp
         CCLabelBMFont.cpp
         CCLabelTTF.cpp
         CCLayer.cpp
         CCScene.cpp
         CCTransition.cpp
         CCTransitionPageTurn.cpp
         CCTransitionProgress.cpp
         CCMenu.cpp
         CCMenuItem.cpp
         CCClippingNode.cpp
         CCMotionStreak.cpp
         CCProgressTimer.cpp
         CCRenderTexture.cpp
         CCParticleBatchNode.cpp
         CCParticleExamples.cpp
         CCParticleSystem.cpp
         CCParticleSystemQuad.cpp
         CCEGLViewProtocol.cpp
         CCFileUtils.cpp
         CCSAXParser.cpp
         CCThread.cpp
         platform.cpp
         CCAccelerometer.cpp
         CCApplication.cpp
         CCCommon.cpp
         CCDevice.cpp
         CCFileUtilsWinRT.cpp
         CCFreeTypeFont.cpp
         CCImage.cpp
         CCPrecompiledShaders.cpp
         CCPThreadWinRT.cpp
         CCStdC.cpp
         CCWinRTUtils.cpp
         sha1.cpp
         CCEGLView.cpp
         WP8Keyboard.cpp
         ModalLayer.cpp
         CCScriptSupport.cpp
         CCGLProgram.cpp
         ccGLStateCache.cpp
         CCShaderCache.cpp
         ccShaders.cpp
         CCAnimation.cpp
         CCAnimationCache.cpp
         CCSprite.cpp
         CCSpriteBatchNode.cpp
         CCSpriteFrame.cpp
         CCSpriteFrameCache.cpp
         base64.cpp
         CCNotificationCenter.cpp
         CCPointExtension.cpp
         CCProfiling.cpp
         ccUTF8.cpp
         ccUtils.cpp
         CCVertex.cpp
         CCComponent.cpp
         CCComponentContainer.cpp
         ccCArray.cpp
         TGAlib.cpp
         tinyxml2.cpp
         TransformUtils.cpp
         CCUserDefault.cpp
         ioapi.cpp
         unzip.cpp
         ZipUtils.cpp
         CCTexture2D.cpp
         CCTextureAtlas.cpp
         CCTextureCache.cpp
         CCTextureETC.cpp
         CCTexturePVR.cpp
         CCIMEDispatcher.cpp
         CCTextFieldTTF.cpp
         CCParallaxNode.cpp
         CCTileMapAtlas.cpp
         CCTMXLayer.cpp
         CCTMXObjectGroup.cpp
         CCTMXTiledMap.cpp
         CCTMXXMLParser.cpp
         CCTouch.cpp
         CCTouchDispatcher.cpp
         CCTouchHandler.cpp
         C:\Program Files (x86)\Microsoft Visual Studio 11.0\VC\WPSDK\WP80\bin\CL.exe /c /I../platform/wp8 /I../platform/winrt /I../include /I../ /I../kazmath/include /I../kazmath/include/GL /I../platform/third_party/wp8/zlib /I../platform/third_party/wp8/libpng /I../platform/third_party/wp8/freetype/include /I../platform/third_party/wp8/libjpeg /I../platform/third_party/wp8/libtiff /I../platform/third_party/wp8/libwebp /I../platform/third_party/winrt/angle/include /I../platform/third_party/winrt/angle/src/common /AI"C:\Program Files (x86)\Windows Phone Kits\8.0\Windows Metadata" /Zi /nologo /W1 /WX- /MP /Od /Oy- /D UNICODE /D COCOS2D_DEBUG=1 /D _USRDLL /D WP8 /D _WP8 /D GL_GLEXT_PROTOTYPES /D _CRT_SECURE_NO_WARNINGS /D _SCL_SECURE_NO_WARNINGS /D _WINDLL /D WINAPI_FAMILY=WINAPI_FAMILY_PHONE_APP /Gm- /EHsc /RTC1 /MDd /GS /fp:precise /Zc:wchar_t /Zc:forScope /Fo"Debug\\" /Fd"Debug\vc110.pdb" /Gd /TC /wd4267 /wd4251 /wd4244 /wd4453 /analyze- /errorReport:prompt ..\ccFPSImages.c ..\kazmath\src\aabb.c ..\kazmath\src\GL\mat4stack.c ..\kazmath\src\GL\matrix.c ..\kazmath\src\mat3.c ..\kazmath\src\mat4.c ..\kazmath\src\neon_matrix_impl.c ..\kazmath\src\plane.c ..\kazmath\src\quaternion.c ..\kazmath\src\ray2.c ..\kazmath\src\utility.c ..\kazmath\src\vec2.c ..\kazmath\src\vec3.c ..\kazmath\src\vec4.c
         ccFPSImages.c
         aabb.c
         mat4stack.c
         matrix.c
         mat3.c
         mat4.c
         neon_matrix_impl.c
         plane.c
         quaternion.c
         ray2.c
         utility.c
         vec2.c
         vec3.c
         vec4.c
       Link:
         C:\Program Files (x86)\Microsoft Visual Studio 11.0\VC\WPSDK\WP80\bin\link.exe /ERRORREPORT:PROMPT /OUT:"D:\Retro Infinity\Coco Setups\cocos2d-x-2.2.4\projects\RetroInfinityDemo\proj.wp8\WP8\Win32\Debug\libcocos2d\libcocos2d.dll" /INCREMENTAL:NO /NOLOGO /LIBPATH:..\platform\third_party\wp8\libraries\x86 d3d11.lib zlib.lib libpng.lib libjpeg.lib libtiff.lib freetype.lib xaudio2.lib libGLESv2_phone.lib libEGL_phone.lib esUtil_phone.lib WindowsPhoneCore.lib RuntimeObject.lib PhoneAppModelHost.lib /NODEFAULTLIB:ole32.lib /MANIFEST:NO /DEBUG /PDB:"D:\Retro Infinity\Coco Setups\cocos2d-x-2.2.4\projects\RetroInfinityDemo\proj.wp8\WP8\Win32\Debug\libcocos2d\libcocos2d.pdb" /SUBSYSTEM:CONSOLE /TLBID:1 /WINMD:NO /DYNAMICBASE /NXCOMPAT /IMPLIB:"D:\Retro Infinity\Coco Setups\cocos2d-x-2.2.4\projects\RetroInfinityDemo\proj.wp8\WP8\Win32\Debug\libcocos2d\libcocos2d.lib" /MACHINE:X86 /IGNORE:4264 /DLL Debug\CCAction.obj
         Debug\CCActionCamera.obj
         Debug\CCActionCatmullRom.obj
         Debug\CCActionEase.obj
         Debug\CCActionGrid.obj
         Debug\CCActionGrid3D.obj
         Debug\CCActionInstant.obj
         Debug\CCActionInterval.obj
         Debug\CCActionManager.obj
         Debug\CCActionPageTurn3D.obj
         Debug\CCActionProgressTimer.obj
         Debug\CCActionTiledGrid.obj
         Debug\CCActionTween.obj
         Debug\CCAtlasNode.obj
         Debug\CCGLBufferedNode.obj
         Debug\CCNode.obj
         Debug\CCCamera.obj
         Debug\CCConfiguration.obj
         Debug\CCDirector.obj
         Debug\ccFPSImages.obj
         Debug\CCScheduler.obj
         Debug\CCAffineTransform.obj
         Debug\CCArray.obj
         Debug\CCAutoreleasePool.obj
         Debug\CCDataVisitor.obj
         Debug\CCDictionary.obj
         Debug\CCGeometry.obj
         Debug\CCNS.obj
         Debug\CCObject.obj
         Debug\CCSet.obj
         Debug\CCString.obj
         Debug\CCZone.obj
         Debug\cocos2d.obj
         Debug\CCDrawingPrimitives.obj
         Debug\CCDrawNode.obj
         Debug\CCGrabber.obj
         Debug\CCGrid.obj
         Debug\aabb.obj
         Debug\mat4stack.obj
         Debug\matrix.obj
         Debug\mat3.obj
         Debug\mat4.obj
         Debug\neon_matrix_impl.obj
         Debug\plane.obj
         Debug\quaternion.obj
         Debug\ray2.obj
         Debug\utility.obj
         Debug\vec2.obj
         Debug\vec3.obj
         Debug\vec4.obj
         Debug\CCKeypadDelegate.obj
         Debug\CCKeypadDispatcher.obj
         Debug\CCLabelAtlas.obj
         Debug\CCLabelBMFont.obj
         Debug\CCLabelTTF.obj
         Debug\CCLayer.obj
         Debug\CCScene.obj
         Debug\CCTransition.obj
         Debug\CCTransitionPageTurn.obj
         Debug\CCTransitionProgress.obj
         Debug\CCMenu.obj
         Debug\CCMenuItem.obj
         Debug\CCClippingNode.obj
         Debug\CCMotionStreak.obj
         Debug\CCProgressTimer.obj
         Debug\CCRenderTexture.obj
         Debug\CCParticleBatchNode.obj
         Debug\CCParticleExamples.obj
         Debug\CCParticleSystem.obj
         Debug\CCParticleSystemQuad.obj
         Debug\CCEGLViewProtocol.obj
         Debug\CCFileUtils.obj
         Debug\CCSAXParser.obj
         Debug\CCThread.obj
         Debug\platform.obj
         Debug\CCAccelerometer.obj
         Debug\CCApplication.obj
         Debug\CCCommon.obj
         Debug\CCDevice.obj
         Debug\CCFileUtilsWinRT.obj
         Debug\CCFreeTypeFont.obj
         Debug\CCImage.obj
         Debug\CCPrecompiledShaders.obj
         Debug\CCPThreadWinRT.obj
         Debug\CCStdC.obj
         Debug\CCWinRTUtils.obj
         Debug\sha1.obj
         Debug\CCEGLView.obj
         Debug\WP8Keyboard.obj
         Debug\ModalLayer.obj
         Debug\CCScriptSupport.obj
         Debug\CCGLProgram.obj
         Debug\ccGLStateCache.obj
         Debug\CCShaderCache.obj
         Debug\ccShaders.obj
         Debug\CCAnimation.obj
         Debug\CCAnimationCache.obj
         Debug\CCSprite.obj
         Debug\CCSpriteBatchNode.obj
         Debug\CCSpriteFrame.obj
         Debug\CCSpriteFrameCache.obj
         Debug\base64.obj
         Debug\CCNotificationCenter.obj
         Debug\CCPointExtension.obj
         Debug\CCProfiling.obj
         Debug\ccUTF8.obj
         Debug\ccUtils.obj
         Debug\CCVertex.obj
         Debug\CCComponent.obj
         Debug\CCComponentContainer.obj
         Debug\ccCArray.obj
         Debug\TGAlib.obj
         Debug\tinyxml2.obj
         Debug\TransformUtils.obj
         Debug\CCUserDefault.obj
         Debug\ioapi.obj
         Debug\unzip.obj
         Debug\ZipUtils.obj
         Debug\CCTexture2D.obj
         Debug\CCTextureAtlas.obj
         Debug\CCTextureCache.obj
         Debug\CCTextureETC.obj
         Debug\CCTexturePVR.obj
         Debug\CCIMEDispatcher.obj
         Debug\CCTextFieldTTF.obj
         Debug\CCParallaxNode.obj
         Debug\CCTileMapAtlas.obj
         Debug\CCTMXLayer.obj
         Debug\CCTMXObjectGroup.obj
         Debug\CCTMXTiledMap.obj
         Debug\CCTMXXMLParser.obj
         Debug\CCTouch.obj
         Debug\CCTouchDispatcher.obj
         Debug\CCTouchHandler.obj
         Debug\pch.obj
         esUtil_phone.lib(esUtil_winrt.obj) : MSIL .netmodule or module compiled with /GL found; restarting link with /LTCG; add /LTCG to the link command line to improve linker performance
            Creating library D:\Retro Infinity\Coco Setups\cocos2d-x-2.2.4\projects\RetroInfinityDemo\proj.wp8\WP8\Win32\Debug\libcocos2d\libcocos2d.lib and object D:\Retro Infinity\Coco Setups\cocos2d-x-2.2.4\projects\RetroInfinityDemo\proj.wp8\WP8\Win32\Debug\libcocos2d\libcocos2d.exp
     1>LINK : warning LNK4098: defaultlib 'MSVCRT' conflicts with use of other libs; use /NODEFAULTLIB:library
         Generating code
         Finished generating code
         libcocos2d.vcxproj -> D:\Retro Infinity\Coco Setups\cocos2d-x-2.2.4\projects\RetroInfinityDemo\proj.wp8\WP8\Win32\Debug\libcocos2d\libcocos2d.dll
     1>Done Building Project "D:\Retro Infinity\Coco Setups\cocos2d-x-2.2.4\cocos2dx\proj.wp8\libcocos2d.vcxproj" (Rebuild target(s)).

Build succeeded.

Time Elapsed 00:01:17.81
