D:\RETRO INFINITY\DEMO\RETRO INIFINTY DEMO\RETRO INIFINTY DEMO\COCO2DXLIBS\COCOS2D-X-2.2.4\COCOSDENSHION\PROJ.WINRT\WIN32\DEBUG\VC110.PDB
D:\Retro Infinity\Demo\Retro Inifinty Demo\Retro Inifinty Demo\WinRT\Win32\Debug\CocosDenshion\CocosDenshion.lib
D:\Retro Infinity\Demo\Retro Inifinty Demo\Retro Inifinty Demo\WinRT\Win32\Debug\CocosDenshion\CocosDenshion.exp
D:\Retro Infinity\Demo\Retro Inifinty Demo\Retro Inifinty Demo\Coco2dxLibs\cocos2d-x-2.2.4\CocosDenshion\proj.winrt\Win32\Debug\priconfig.xml.intermediate
D:\Retro Infinity\Demo\Retro Inifinty Demo\Retro Inifinty Demo\Coco2dxLibs\cocos2d-x-2.2.4\CocosDenshion\proj.winrt\Win32\Debug\layout.resfiles.intermediate
D:\Retro Infinity\Demo\Retro Inifinty Demo\Retro Inifinty Demo\Coco2dxLibs\cocos2d-x-2.2.4\CocosDenshion\proj.winrt\Win32\Debug\resources.resfiles.intermediate
D:\Retro Infinity\Demo\Retro Inifinty Demo\Retro Inifinty Demo\Coco2dxLibs\cocos2d-x-2.2.4\CocosDenshion\proj.winrt\Win32\Debug\pri.resfiles.intermediate
D:\Retro Infinity\Demo\Retro Inifinty Demo\Retro Inifinty Demo\Coco2dxLibs\cocos2d-x-2.2.4\CocosDenshion\proj.winrt\Win32\Debug\priconfig.xml
D:\Retro Infinity\Demo\Retro Inifinty Demo\Retro Inifinty Demo\Coco2dxLibs\cocos2d-x-2.2.4\CocosDenshion\proj.winrt\Win32\Debug\layout.resfiles
D:\Retro Infinity\Demo\Retro Inifinty Demo\Retro Inifinty Demo\Coco2dxLibs\cocos2d-x-2.2.4\CocosDenshion\proj.winrt\Win32\Debug\resources.resfiles
D:\Retro Infinity\Demo\Retro Inifinty Demo\Retro Inifinty Demo\Coco2dxLibs\cocos2d-x-2.2.4\CocosDenshion\proj.winrt\Win32\Debug\pri.resfiles
D:\Retro Infinity\Demo\Retro Inifinty Demo\Retro Inifinty Demo\WinRT\Win32\Debug\CocosDenshion\CocosDenshion.pri
D:\Retro Infinity\Demo\Retro Inifinty Demo\Retro Inifinty Demo\Coco2dxLibs\cocos2d-x-2.2.4\CocosDenshion\proj.winrt\Win32\Debug\LanguageQualifiers.txt
D:\RETRO INFINITY\DEMO\RETRO INIFINTY DEMO\RETRO INIFINTY DEMO\WINRT\WIN32\DEBUG\COCOSDENSHION\COCOSDENSHION.DLL
D:\RETRO INFINITY\DEMO\RETRO INIFINTY DEMO\RETRO INIFINTY DEMO\WINRT\WIN32\DEBUG\COCOSDENSHION\COCOSDENSHION.PDB
D:\Retro Infinity\Demo\CocoWin8\Retro Inifinty Demo\Retro Inifinty Demo\Coco2dxLibs\cocos2d-x-2.2.4\CocosDenshion\proj.winrt\Win32\Debug\Audio.obj
D:\Retro Infinity\Demo\CocoWin8\Retro Inifinty Demo\Retro Inifinty Demo\Coco2dxLibs\cocos2d-x-2.2.4\CocosDenshion\proj.winrt\Win32\Debug\MediaStreamer.obj
D:\Retro Infinity\Demo\CocoWin8\Retro Inifinty Demo\Retro Inifinty Demo\Coco2dxLibs\cocos2d-x-2.2.4\CocosDenshion\proj.winrt\Win32\Debug\SimpleAudioEngine.obj
D:\Retro Infinity\Demo\CocoWin8\Retro Inifinty Demo\Retro Inifinty Demo\Coco2dxLibs\cocos2d-x-2.2.4\CocosDenshion\proj.winrt\Win32\Debug\CL.3716.read.1.tlog
D:\Retro Infinity\Demo\CocoWin8\Retro Inifinty Demo\Retro Inifinty Demo\Coco2dxLibs\cocos2d-x-2.2.4\CocosDenshion\proj.winrt\Win32\Debug\CL.3716.write.1.tlog
D:\Retro Infinity\Demo\CocoWin8\Retro Inifinty Demo\Retro Inifinty Demo\Coco2dxLibs\cocos2d-x-2.2.4\CocosDenshion\proj.winrt\Win32\Debug\CL.6656.read.1.tlog
D:\Retro Infinity\Demo\CocoWin8\Retro Inifinty Demo\Retro Inifinty Demo\Coco2dxLibs\cocos2d-x-2.2.4\CocosDenshion\proj.winrt\Win32\Debug\CL.6656.write.1.tlog
D:\Retro Infinity\Demo\CocoWin8\Retro Inifinty Demo\Retro Inifinty Demo\Coco2dxLibs\cocos2d-x-2.2.4\CocosDenshion\proj.winrt\Win32\Debug\CL.6912.read.1.tlog
D:\Retro Infinity\Demo\CocoWin8\Retro Inifinty Demo\Retro Inifinty Demo\Coco2dxLibs\cocos2d-x-2.2.4\CocosDenshion\proj.winrt\Win32\Debug\CL.6912.write.1.tlog
D:\Retro Infinity\Demo\CocoWin8\Retro Inifinty Demo\Retro Inifinty Demo\Coco2dxLibs\cocos2d-x-2.2.4\CocosDenshion\proj.winrt\Win32\Debug\cl.command.1.tlog
D:\Retro Infinity\Demo\CocoWin8\Retro Inifinty Demo\Retro Inifinty Demo\Coco2dxLibs\cocos2d-x-2.2.4\CocosDenshion\proj.winrt\Win32\Debug\CL.read.1.tlog
D:\Retro Infinity\Demo\CocoWin8\Retro Inifinty Demo\Retro Inifinty Demo\Coco2dxLibs\cocos2d-x-2.2.4\CocosDenshion\proj.winrt\Win32\Debug\cl.write.1.tlog
D:\Retro Infinity\Demo\CocoWin8\Retro Inifinty Demo\Retro Inifinty Demo\Coco2dxLibs\cocos2d-x-2.2.4\CocosDenshion\proj.winrt\Win32\Debug\CocosDenshion.read.1.tlog
D:\Retro Infinity\Demo\CocoWin8\Retro Inifinty Demo\Retro Inifinty Demo\Coco2dxLibs\cocos2d-x-2.2.4\CocosDenshion\proj.winrt\Win32\Debug\CocosDenshion.write.1.tlog
D:\Retro Infinity\Demo\CocoWin8\Retro Inifinty Demo\Retro Inifinty Demo\Coco2dxLibs\cocos2d-x-2.2.4\CocosDenshion\proj.winrt\Win32\Debug\link.command.1.tlog
D:\Retro Infinity\Demo\CocoWin8\Retro Inifinty Demo\Retro Inifinty Demo\Coco2dxLibs\cocos2d-x-2.2.4\CocosDenshion\proj.winrt\Win32\Debug\link.read.1.tlog
D:\Retro Infinity\Demo\CocoWin8\Retro Inifinty Demo\Retro Inifinty Demo\Coco2dxLibs\cocos2d-x-2.2.4\CocosDenshion\proj.winrt\Win32\Debug\link.write.1.tlog
D:\Retro Infinity\Demo\CocoWin8\Retro Inifinty Demo\Retro Inifinty Demo\Coco2dxLibs\cocos2d-x-2.2.4\CocosDenshion\proj.winrt\Win32\Debug\layout.resfiles
D:\Retro Infinity\Demo\CocoWin8\Retro Inifinty Demo\Retro Inifinty Demo\Coco2dxLibs\cocos2d-x-2.2.4\CocosDenshion\proj.winrt\Win32\Debug\pri.resfiles
D:\Retro Infinity\Demo\CocoWin8\Retro Inifinty Demo\Retro Inifinty Demo\Coco2dxLibs\cocos2d-x-2.2.4\CocosDenshion\proj.winrt\Win32\Debug\resources.resfiles
D:\Retro Infinity\Demo\CocoWin8\Retro Inifinty Demo\Retro Inifinty Demo\Coco2dxLibs\cocos2d-x-2.2.4\CocosDenshion\proj.winrt\Win32\Debug\vc110.pdb
D:\Retro Infinity\Demo\CocoWin8\Retro Inifinty Demo\Retro Inifinty Demo\Coco2dxLibs\cocos2d-x-2.2.4\CocosDenshion\proj.winrt\Win32\Debug\priconfig.xml
