Build started 7/11/2014 11:29:16 PM.
     1>Project "D:\Retro Infinity\Coco Setups\cocos2d-x-2.2.4\scripting\lua\proj.winrt\libcocoslua.vcxproj" on node 5 (Rebuild target(s)).
     1>ClCompile:
         C:\Program Files (x86)\Microsoft Visual Studio 11.0\VC\bin\CL.exe /c /I"D:\Retro Infinity\Coco Setups\cocos2d-x-2.2.4\scripting\lua\proj.winrt\..\..\..\cocos2dx" /I"D:\Retro Infinity\Coco Setups\cocos2d-x-2.2.4\scripting\lua\proj.winrt\..\..\..\cocos2dx\include" /I"D:\Retro Infinity\Coco Setups\cocos2d-x-2.2.4\scripting\lua\proj.winrt\..\..\..\cocos2dx\kazmath\include" /I"D:\Retro Infinity\Coco Setups\cocos2d-x-2.2.4\scripting\lua\proj.winrt\..\..\..\cocos2dx\platform\winrt" /I"D:\Retro Infinity\Coco Setups\cocos2d-x-2.2.4\scripting\lua\proj.winrt\..\..\..\CocosDenshion\include" /I"D:\Retro Infinity\Coco Setups\cocos2d-x-2.2.4\scripting\lua\proj.winrt\..\..\..\extensions" /I"D:\Retro Infinity\Coco Setups\cocos2d-x-2.2.4\scripting\lua\proj.winrt\..\..\..\extensions\network" /I"D:\Retro Infinity\Coco Setups\cocos2d-x-2.2.4\scripting\lua\proj.winrt\..\tolua" /I"D:\Retro Infinity\Coco Setups\cocos2d-x-2.2.4\scripting\lua\proj.winrt\..\luajit\include" /I"D:\Retro Infinity\Coco Setups\cocos2d-x-2.2.4\scripting\lua\proj.winrt\..\..\..\cocos2dx\platform\third_party\winrt\angle\include" /I"D:\Retro Infinity\Coco Setups\cocos2d-x-2.2.4\scripting\lua\proj.winrt\..\..\..\external\libwebsockets\win32\include" /I"D:\Retro Infinity\Coco Setups\cocos2d-x-2.2.4\scripting\lua\proj.winrt\..\..\..\scripting\lua\cocos2dx_support" /Zi /ZW /ZW:nostdlib /nologo /W3 /WX- /sdl /MP /Od /Oy- /GL /D _LIB /D WINRT /D _WINRT /D COCOS2D_DEBUG=1 /D _CRT_SECURE_NO_WARNINGS /D _SCL_SECURE_NO_WARNINGS /D _UNICODE /D UNICODE /D _DEBUG /D WINAPI_FAMILY=WINAPI_FAMILY_APP /Gm- /EHsc /RTC1 /MDd /GS /fp:precise /Zc:wchar_t /Zc:forScope /Fo"Debug\\" /Fd"Debug\vc110.pdb" /Gd /TP /wd4267 /wd4251 /wd4244 /wd4453 /FU"C:\Program Files (x86)\Microsoft SDKs\Windows\v8.0\ExtensionSDKs\Microsoft.VCLibs\11.0\References\CommonConfiguration\neutral\platform.winmd" /FU"C:\Program Files (x86)\Windows Kits\8.0\References\CommonConfiguration\Neutral\Windows.winmd" /FU"C:\Program Files (x86)\Windows Kits\8.0\References\CommonConfiguration\Neutral\Windows.winmd" /analyze- /errorReport:prompt ..\cocos2dx_support\CCBProxy.cpp ..\cocos2dx_support\CCLuaBridge.cpp ..\cocos2dx_support\CCLuaEngine.cpp ..\cocos2dx_support\CCLuaStack.cpp ..\cocos2dx_support\CCLuaValue.cpp ..\cocos2dx_support\Cocos2dxLuaLoader.cpp ..\cocos2dx_support\LuaCocoStudio.cpp ..\cocos2dx_support\lua_cocos2dx_cocostudio_manual.cpp ..\cocos2dx_support\lua_cocos2dx_extensions_manual.cpp ..\cocos2dx_support\lua_cocos2dx_manual.cpp ..\cocos2dx_support\Lua_extensions_CCB.cpp ..\cocos2dx_support\platform\winrt\LuaCocos2d.cpp
         CCBProxy.cpp
         CCLuaBridge.cpp
         CCLuaEngine.cpp
         CCLuaStack.cpp
     1>..\cocos2dx_support\CCLuaStack.cpp(498): warning C4800: 'int' : forcing value to bool 'true' or 'false' (performance warning)
         CCLuaValue.cpp
     1>d:\retro infinity\coco setups\cocos2d-x-2.2.4\extensions\cocostudio\armature\utils\../../Json/CocoLoader.h(72): warning C4018: '<' : signed/unsigned mismatch (..\cocos2dx_support\CCLuaEngine.cpp)
     1>d:\retro infinity\coco setups\cocos2d-x-2.2.4\extensions\cocostudio\armature\utils\../../Json/CocoLoader.h(72): warning C4018: '<' : signed/unsigned mismatch (..\cocos2dx_support\CCBProxy.cpp)
     1>..\cocos2dx_support\CCLuaEngine.cpp(456): warning C4800: 'int' : forcing value to bool 'true' or 'false' (performance warning)
         Cocos2dxLuaLoader.cpp
         LuaCocoStudio.cpp
         lua_cocos2dx_cocostudio_manual.cpp
         lua_cocos2dx_extensions_manual.cpp
         lua_cocos2dx_manual.cpp
     1>d:\retro infinity\coco setups\cocos2d-x-2.2.4\extensions\cocostudio\armature\utils\../../Json/CocoLoader.h(72): warning C4018: '<' : signed/unsigned mismatch (..\cocos2dx_support\lua_cocos2dx_cocostudio_manual.cpp)
     1>d:\retro infinity\coco setups\cocos2d-x-2.2.4\extensions\cocostudio\armature\utils\../../Json/CocoLoader.h(72): warning C4018: '<' : signed/unsigned mismatch (..\cocos2dx_support\lua_cocos2dx_extensions_manual.cpp)
     1>d:\retro infinity\coco setups\cocos2d-x-2.2.4\extensions\cocostudio\armature\utils\../../Json/CocoLoader.h(72): warning C4018: '<' : signed/unsigned mismatch (..\cocos2dx_support\LuaCocoStudio.cpp)
     1>..\cocos2dx_support\LuaCocoStudio.cpp(835): warning C4800: 'int' : forcing value to bool 'true' or 'false' (performance warning)
     1>..\cocos2dx_support\LuaCocoStudio.cpp(3328): warning C4800: 'int' : forcing value to bool 'true' or 'false' (performance warning)
     1>..\cocos2dx_support\LuaCocoStudio.cpp(3490): warning C4800: 'int' : forcing value to bool 'true' or 'false' (performance warning)
     1>..\cocos2dx_support\LuaCocoStudio.cpp(3522): warning C4800: 'int' : forcing value to bool 'true' or 'false' (performance warning)
     1>..\cocos2dx_support\LuaCocoStudio.cpp(3849): warning C4800: 'int' : forcing value to bool 'true' or 'false' (performance warning)
     1>..\cocos2dx_support\LuaCocoStudio.cpp(4307): warning C4800: 'int' : forcing value to bool 'true' or 'false' (performance warning)
     1>..\cocos2dx_support\LuaCocoStudio.cpp(4912): warning C4800: 'int' : forcing value to bool 'true' or 'false' (performance warning)
     1>..\cocos2dx_support\LuaCocoStudio.cpp(5769): warning C4800: 'int' : forcing value to bool 'true' or 'false' (performance warning)
     1>..\cocos2dx_support\LuaCocoStudio.cpp(5910): warning C4800: 'int' : forcing value to bool 'true' or 'false' (performance warning)
     1>..\cocos2dx_support\LuaCocoStudio.cpp(6464): warning C4800: 'int' : forcing value to bool 'true' or 'false' (performance warning)
     1>..\cocos2dx_support\LuaCocoStudio.cpp(6529): warning C4800: 'int' : forcing value to bool 'true' or 'false' (performance warning)
     1>..\cocos2dx_support\LuaCocoStudio.cpp(6594): warning C4800: 'int' : forcing value to bool 'true' or 'false' (performance warning)
     1>..\cocos2dx_support\LuaCocoStudio.cpp(6724): warning C4800: 'int' : forcing value to bool 'true' or 'false' (performance warning)
     1>..\cocos2dx_support\LuaCocoStudio.cpp(7144): warning C4800: 'int' : forcing value to bool 'true' or 'false' (performance warning)
     1>..\cocos2dx_support\LuaCocoStudio.cpp(7210): warning C4800: 'int' : forcing value to bool 'true' or 'false' (performance warning)
     1>..\cocos2dx_support\LuaCocoStudio.cpp(7242): warning C4800: 'int' : forcing value to bool 'true' or 'false' (performance warning)
     1>..\cocos2dx_support\LuaCocoStudio.cpp(7306): warning C4800: 'int' : forcing value to bool 'true' or 'false' (performance warning)
     1>..\cocos2dx_support\LuaCocoStudio.cpp(7831): warning C4800: 'int' : forcing value to bool 'true' or 'false' (performance warning)
     1>..\cocos2dx_support\LuaCocoStudio.cpp(7896): warning C4800: 'int' : forcing value to bool 'true' or 'false' (performance warning)
     1>..\cocos2dx_support\LuaCocoStudio.cpp(8889): warning C4800: 'int' : forcing value to bool 'true' or 'false' (performance warning)
     1>..\cocos2dx_support\LuaCocoStudio.cpp(9599): warning C4800: 'int' : forcing value to bool 'true' or 'false' (performance warning)
     1>..\cocos2dx_support\LuaCocoStudio.cpp(10146): warning C4800: 'int' : forcing value to bool 'true' or 'false' (performance warning)
     1>..\cocos2dx_support\LuaCocoStudio.cpp(10501): warning C4800: 'int' : forcing value to bool 'true' or 'false' (performance warning)
     1>..\cocos2dx_support\LuaCocoStudio.cpp(10562): warning C4800: 'int' : forcing value to bool 'true' or 'false' (performance warning)
     1>..\cocos2dx_support\LuaCocoStudio.cpp(11309): warning C4800: 'int' : forcing value to bool 'true' or 'false' (performance warning)
     1>..\cocos2dx_support\LuaCocoStudio.cpp(11374): warning C4800: 'int' : forcing value to bool 'true' or 'false' (performance warning)
     1>..\cocos2dx_support\LuaCocoStudio.cpp(11407): warning C4800: 'int' : forcing value to bool 'true' or 'false' (performance warning)
     1>..\cocos2dx_support\LuaCocoStudio.cpp(12137): warning C4800: 'int' : forcing value to bool 'true' or 'false' (performance warning)
     1>..\cocos2dx_support\LuaCocoStudio.cpp(12556): warning C4800: 'int' : forcing value to bool 'true' or 'false' (performance warning)
     1>..\cocos2dx_support\LuaCocoStudio.cpp(12622): warning C4800: 'int' : forcing value to bool 'true' or 'false' (performance warning)
     1>..\cocos2dx_support\LuaCocoStudio.cpp(12655): warning C4800: 'int' : forcing value to bool 'true' or 'false' (performance warning)
     1>..\cocos2dx_support\LuaCocoStudio.cpp(12785): warning C4800: 'int' : forcing value to bool 'true' or 'false' (performance warning)
     1>..\cocos2dx_support\LuaCocoStudio.cpp(13265): warning C4800: 'int' : forcing value to bool 'true' or 'false' (performance warning)
     1>..\cocos2dx_support\LuaCocoStudio.cpp(14655): warning C4800: 'int' : forcing value to bool 'true' or 'false' (performance warning)
     1>..\cocos2dx_support\LuaCocoStudio.cpp(14721): warning C4800: 'int' : forcing value to bool 'true' or 'false' (performance warning)
     1>..\cocos2dx_support\LuaCocoStudio.cpp(15007): warning C4800: 'int' : forcing value to bool 'true' or 'false' (performance warning)
     1>..\cocos2dx_support\LuaCocoStudio.cpp(15686): warning C4800: 'int' : forcing value to bool 'true' or 'false' (performance warning)
     1>..\cocos2dx_support\LuaCocoStudio.cpp(15946): warning C4800: 'int' : forcing value to bool 'true' or 'false' (performance warning)
     1>..\cocos2dx_support\LuaCocoStudio.cpp(16343): warning C4800: 'int' : forcing value to bool 'true' or 'false' (performance warning)
     1>..\cocos2dx_support\LuaCocoStudio.cpp(16473): warning C4800: 'int' : forcing value to bool 'true' or 'false' (performance warning)
     1>..\cocos2dx_support\LuaCocoStudio.cpp(16668): warning C4800: 'int' : forcing value to bool 'true' or 'false' (performance warning)
     1>..\cocos2dx_support\LuaCocoStudio.cpp(16733): warning C4800: 'int' : forcing value to bool 'true' or 'false' (performance warning)
     1>..\cocos2dx_support\LuaCocoStudio.cpp(16798): warning C4800: 'int' : forcing value to bool 'true' or 'false' (performance warning)
     1>..\cocos2dx_support\LuaCocoStudio.cpp(16863): warning C4800: 'int' : forcing value to bool 'true' or 'false' (performance warning)
     1>..\cocos2dx_support\LuaCocoStudio.cpp(17409): warning C4800: 'int' : forcing value to bool 'true' or 'false' (performance warning)
     1>..\cocos2dx_support\LuaCocoStudio.cpp(17444): warning C4800: 'int' : forcing value to bool 'true' or 'false' (performance warning)
     1>..\cocos2dx_support\LuaCocoStudio.cpp(17479): warning C4800: 'int' : forcing value to bool 'true' or 'false' (performance warning)
     1>..\cocos2dx_support\LuaCocoStudio.cpp(17514): warning C4800: 'int' : forcing value to bool 'true' or 'false' (performance warning)
     1>..\cocos2dx_support\LuaCocoStudio.cpp(17549): warning C4800: 'int' : forcing value to bool 'true' or 'false' (performance warning)
     1>..\cocos2dx_support\LuaCocoStudio.cpp(17584): warning C4800: 'int' : forcing value to bool 'true' or 'false' (performance warning)
     1>..\cocos2dx_support\LuaCocoStudio.cpp(17619): warning C4800: 'int' : forcing value to bool 'true' or 'false' (performance warning)
     1>..\cocos2dx_support\LuaCocoStudio.cpp(17654): warning C4800: 'int' : forcing value to bool 'true' or 'false' (performance warning)
     1>..\cocos2dx_support\LuaCocoStudio.cpp(17691): warning C4800: 'int' : forcing value to bool 'true' or 'false' (performance warning)
     1>..\cocos2dx_support\LuaCocoStudio.cpp(17728): warning C4800: 'int' : forcing value to bool 'true' or 'false' (performance warning)
     1>..\cocos2dx_support\LuaCocoStudio.cpp(17765): warning C4800: 'int' : forcing value to bool 'true' or 'false' (performance warning)
     1>..\cocos2dx_support\LuaCocoStudio.cpp(18336): warning C4800: 'int' : forcing value to bool 'true' or 'false' (performance warning)
     1>..\cocos2dx_support\LuaCocoStudio.cpp(18402): warning C4800: 'int' : forcing value to bool 'true' or 'false' (performance warning)
     1>..\cocos2dx_support\LuaCocoStudio.cpp(18865): warning C4800: 'int' : forcing value to bool 'true' or 'false' (performance warning)
     1>..\cocos2dx_support\LuaCocoStudio.cpp(18930): warning C4800: 'int' : forcing value to bool 'true' or 'false' (performance warning)
     1>..\cocos2dx_support\LuaCocoStudio.cpp(19233): warning C4800: 'int' : forcing value to bool 'true' or 'false' (performance warning)
     1>..\cocos2dx_support\LuaCocoStudio.cpp(22020): warning C4800: 'int' : forcing value to bool 'true' or 'false' (performance warning)
     1>..\cocos2dx_support\LuaCocoStudio.cpp(22164): warning C4800: 'int' : forcing value to bool 'true' or 'false' (performance warning)
     1>..\cocos2dx_support\LuaCocoStudio.cpp(22293): warning C4800: 'int' : forcing value to bool 'true' or 'false' (performance warning)
     1>..\cocos2dx_support\LuaCocoStudio.cpp(22380): warning C4800: 'int' : forcing value to bool 'true' or 'false' (performance warning)
     1>..\cocos2dx_support\LuaCocoStudio.cpp(22728): warning C4800: 'int' : forcing value to bool 'true' or 'false' (performance warning)
     1>..\cocos2dx_support\LuaCocoStudio.cpp(23141): warning C4800: 'int' : forcing value to bool 'true' or 'false' (performance warning)
     1>..\cocos2dx_support\LuaCocoStudio.cpp(23340): warning C4800: 'int' : forcing value to bool 'true' or 'false' (performance warning)
     1>..\cocos2dx_support\LuaCocoStudio.cpp(24665): warning C4800: 'int' : forcing value to bool 'true' or 'false' (performance warning)
     1>..\cocos2dx_support\LuaCocoStudio.cpp(26201): warning C4800: 'int' : forcing value to bool 'true' or 'false' (performance warning)
     1>..\cocos2dx_support\LuaCocoStudio.cpp(26419): warning C4800: 'int' : forcing value to bool 'true' or 'false' (performance warning)
     1>..\cocos2dx_support\LuaCocoStudio.cpp(26451): warning C4800: 'int' : forcing value to bool 'true' or 'false' (performance warning)
     1>..\cocos2dx_support\LuaCocoStudio.cpp(27682): warning C4800: 'int' : forcing value to bool 'true' or 'false' (performance warning)
     1>d:\retro infinity\coco setups\cocos2d-x-2.2.4\extensions\cocostudio\armature\utils\../../Json/CocoLoader.h(72): warning C4018: '<' : signed/unsigned mismatch (..\cocos2dx_support\lua_cocos2dx_manual.cpp)
         Lua_extensions_CCB.cpp
         LuaCocos2d.cpp
     1>d:\retro infinity\coco setups\cocos2d-x-2.2.4\extensions\cocostudio\armature\utils\../../Json/CocoLoader.h(72): warning C4018: '<' : signed/unsigned mismatch (..\cocos2dx_support\Lua_extensions_CCB.cpp)
     1>d:\retro infinity\coco setups\cocos2d-x-2.2.4\extensions\cocostudio\armature\utils\../../Json/CocoLoader.h(72): warning C4018: '<' : signed/unsigned mismatch (..\cocos2dx_support\platform\winrt\LuaCocos2d.cpp)
     1>..\cocos2dx_support\platform\winrt\LuaCocos2d.cpp(6053): warning C4800: 'int' : forcing value to bool 'true' or 'false' (performance warning)
     1>..\cocos2dx_support\platform\winrt\LuaCocos2d.cpp(6088): warning C4800: 'int' : forcing value to bool 'true' or 'false' (performance warning)
     1>..\cocos2dx_support\platform\winrt\LuaCocos2d.cpp(6123): warning C4800: 'int' : forcing value to bool 'true' or 'false' (performance warning)
     1>..\cocos2dx_support\platform\winrt\LuaCocos2d.cpp(6422): warning C4800: 'int' : forcing value to bool 'true' or 'false' (performance warning)
     1>..\cocos2dx_support\platform\winrt\LuaCocos2d.cpp(9165): warning C4800: 'int' : forcing value to bool 'true' or 'false' (performance warning)
     1>..\cocos2dx_support\platform\winrt\LuaCocos2d.cpp(9262): warning C4800: 'int' : forcing value to bool 'true' or 'false' (performance warning)
     1>..\cocos2dx_support\platform\winrt\LuaCocos2d.cpp(9360): warning C4800: 'int' : forcing value to bool 'true' or 'false' (performance warning)
     1>..\cocos2dx_support\platform\winrt\LuaCocos2d.cpp(9713): warning C4800: 'int' : forcing value to bool 'true' or 'false' (performance warning)
     1>..\cocos2dx_support\platform\winrt\LuaCocos2d.cpp(9930): warning C4800: 'int' : forcing value to bool 'true' or 'false' (performance warning)
     1>..\cocos2dx_support\platform\winrt\LuaCocos2d.cpp(10000): warning C4800: 'int' : forcing value to bool 'true' or 'false' (performance warning)
     1>..\cocos2dx_support\platform\winrt\LuaCocos2d.cpp(11171): warning C4800: 'int' : forcing value to bool 'true' or 'false' (performance warning)
     1>..\cocos2dx_support\platform\winrt\LuaCocos2d.cpp(11302): warning C4800: 'int' : forcing value to bool 'true' or 'false' (performance warning)
     1>..\cocos2dx_support\platform\winrt\LuaCocos2d.cpp(12055): warning C4800: 'int' : forcing value to bool 'true' or 'false' (performance warning)
     1>..\cocos2dx_support\platform\winrt\LuaCocos2d.cpp(12538): warning C4800: 'int' : forcing value to bool 'true' or 'false' (performance warning)
     1>..\cocos2dx_support\platform\winrt\LuaCocos2d.cpp(13581): warning C4800: 'int' : forcing value to bool 'true' or 'false' (performance warning)
     1>..\cocos2dx_support\Lua_extensions_CCB.cpp(2128): warning C4800: 'int' : forcing value to bool 'true' or 'false' (performance warning)
     1>..\cocos2dx_support\platform\winrt\LuaCocos2d.cpp(14460): warning C4800: 'int' : forcing value to bool 'true' or 'false' (performance warning)
     1>..\cocos2dx_support\platform\winrt\LuaCocos2d.cpp(14980): warning C4800: 'int' : forcing value to bool 'true' or 'false' (performance warning)
     1>..\cocos2dx_support\platform\winrt\LuaCocos2d.cpp(15626): warning C4800: 'int' : forcing value to bool 'true' or 'false' (performance warning)
     1>..\cocos2dx_support\platform\winrt\LuaCocos2d.cpp(15659): warning C4800: 'int' : forcing value to bool 'true' or 'false' (performance warning)
     1>..\cocos2dx_support\platform\winrt\LuaCocos2d.cpp(16625): warning C4800: 'int' : forcing value to bool 'true' or 'false' (performance warning)
     1>..\cocos2dx_support\platform\winrt\LuaCocos2d.cpp(16660): warning C4800: 'int' : forcing value to bool 'true' or 'false' (performance warning)
     1>..\cocos2dx_support\platform\winrt\LuaCocos2d.cpp(17166): warning C4800: 'int' : forcing value to bool 'true' or 'false' (performance warning)
     1>..\cocos2dx_support\platform\winrt\LuaCocos2d.cpp(17361): warning C4800: 'int' : forcing value to bool 'true' or 'false' (performance warning)
     1>..\cocos2dx_support\platform\winrt\LuaCocos2d.cpp(17394): warning C4800: 'int' : forcing value to bool 'true' or 'false' (performance warning)
     1>..\cocos2dx_support\platform\winrt\LuaCocos2d.cpp(20099): warning C4800: 'int' : forcing value to bool 'true' or 'false' (performance warning)
     1>..\cocos2dx_support\platform\winrt\LuaCocos2d.cpp(20529): warning C4800: 'int' : forcing value to bool 'true' or 'false' (performance warning)
     1>..\cocos2dx_support\platform\winrt\LuaCocos2d.cpp(20562): warning C4800: 'int' : forcing value to bool 'true' or 'false' (performance warning)
     1>..\cocos2dx_support\platform\winrt\LuaCocos2d.cpp(20595): warning C4800: 'int' : forcing value to bool 'true' or 'false' (performance warning)
     1>..\cocos2dx_support\platform\winrt\LuaCocos2d.cpp(20694): warning C4800: 'int' : forcing value to bool 'true' or 'false' (performance warning)
     1>..\cocos2dx_support\platform\winrt\LuaCocos2d.cpp(20727): warning C4800: 'int' : forcing value to bool 'true' or 'false' (performance warning)
     1>..\cocos2dx_support\platform\winrt\LuaCocos2d.cpp(21152): warning C4800: 'int' : forcing value to bool 'true' or 'false' (performance warning)
     1>..\cocos2dx_support\platform\winrt\LuaCocos2d.cpp(21325): warning C4800: 'int' : forcing value to bool 'true' or 'false' (performance warning)
     1>..\cocos2dx_support\platform\winrt\LuaCocos2d.cpp(21522): warning C4800: 'int' : forcing value to bool 'true' or 'false' (performance warning)
     1>..\cocos2dx_support\platform\winrt\LuaCocos2d.cpp(22134): warning C4800: 'int' : forcing value to bool 'true' or 'false' (performance warning)
     1>..\cocos2dx_support\platform\winrt\LuaCocos2d.cpp(22408): warning C4800: 'int' : forcing value to bool 'true' or 'false' (performance warning)
     1>..\cocos2dx_support\platform\winrt\LuaCocos2d.cpp(22715): warning C4800: 'int' : forcing value to bool 'true' or 'false' (performance warning)
     1>..\cocos2dx_support\platform\winrt\LuaCocos2d.cpp(22748): warning C4800: 'int' : forcing value to bool 'true' or 'false' (performance warning)
     1>..\cocos2dx_support\platform\winrt\LuaCocos2d.cpp(23041): warning C4800: 'int' : forcing value to bool 'true' or 'false' (performance warning)
     1>..\cocos2dx_support\platform\winrt\LuaCocos2d.cpp(23501): warning C4800: 'int' : forcing value to bool 'true' or 'false' (performance warning)
     1>..\cocos2dx_support\platform\winrt\LuaCocos2d.cpp(23570): warning C4800: 'int' : forcing value to bool 'true' or 'false' (performance warning)
     1>..\cocos2dx_support\platform\winrt\LuaCocos2d.cpp(24016): warning C4800: 'int' : forcing value to bool 'true' or 'false' (performance warning)
     1>..\cocos2dx_support\platform\winrt\LuaCocos2d.cpp(24081): warning C4800: 'int' : forcing value to bool 'true' or 'false' (performance warning)
     1>..\cocos2dx_support\platform\winrt\LuaCocos2d.cpp(24146): warning C4800: 'int' : forcing value to bool 'true' or 'false' (performance warning)
     1>..\cocos2dx_support\platform\winrt\LuaCocos2d.cpp(24345): warning C4800: 'int' : forcing value to bool 'true' or 'false' (performance warning)
     1>..\cocos2dx_support\platform\winrt\LuaCocos2d.cpp(24347): warning C4800: 'int' : forcing value to bool 'true' or 'false' (performance warning)
     1>..\cocos2dx_support\platform\winrt\LuaCocos2d.cpp(24877): warning C4800: 'int' : forcing value to bool 'true' or 'false' (performance warning)
     1>..\cocos2dx_support\platform\winrt\LuaCocos2d.cpp(25072): warning C4800: 'int' : forcing value to bool 'true' or 'false' (performance warning)
     1>..\cocos2dx_support\platform\winrt\LuaCocos2d.cpp(25105): warning C4800: 'int' : forcing value to bool 'true' or 'false' (performance warning)
     1>..\cocos2dx_support\platform\winrt\LuaCocos2d.cpp(25503): warning C4800: 'int' : forcing value to bool 'true' or 'false' (performance warning)
     1>..\cocos2dx_support\platform\winrt\LuaCocos2d.cpp(26011): warning C4800: 'int' : forcing value to bool 'true' or 'false' (performance warning)
     1>..\cocos2dx_support\platform\winrt\LuaCocos2d.cpp(27523): warning C4800: 'int' : forcing value to bool 'true' or 'false' (performance warning)
     1>..\cocos2dx_support\platform\winrt\LuaCocos2d.cpp(27927): warning C4800: 'int' : forcing value to bool 'true' or 'false' (performance warning)
     1>..\cocos2dx_support\platform\winrt\LuaCocos2d.cpp(28652): warning C4800: 'int' : forcing value to bool 'true' or 'false' (performance warning)
     1>..\cocos2dx_support\platform\winrt\LuaCocos2d.cpp(31001): warning C4800: 'int' : forcing value to bool 'true' or 'false' (performance warning)
     1>..\cocos2dx_support\platform\winrt\LuaCocos2d.cpp(31067): warning C4800: 'int' : forcing value to bool 'true' or 'false' (performance warning)
     1>..\cocos2dx_support\platform\winrt\LuaCocos2d.cpp(34996): warning C4800: 'int' : forcing value to bool 'true' or 'false' (performance warning)
     1>..\cocos2dx_support\platform\winrt\LuaCocos2d.cpp(35331): warning C4800: 'int' : forcing value to bool 'true' or 'false' (performance warning)
     1>..\cocos2dx_support\platform\winrt\LuaCocos2d.cpp(35332): warning C4800: 'int' : forcing value to bool 'true' or 'false' (performance warning)
     1>..\cocos2dx_support\platform\winrt\LuaCocos2d.cpp(35680): warning C4800: 'int' : forcing value to bool 'true' or 'false' (performance warning)
     1>..\cocos2dx_support\platform\winrt\LuaCocos2d.cpp(35716): warning C4800: 'int' : forcing value to bool 'true' or 'false' (performance warning)
     1>..\cocos2dx_support\platform\winrt\LuaCocos2d.cpp(36723): warning C4800: 'int' : forcing value to bool 'true' or 'false' (performance warning)
     1>..\cocos2dx_support\platform\winrt\LuaCocos2d.cpp(37504): warning C4800: 'int' : forcing value to bool 'true' or 'false' (performance warning)
     1>..\cocos2dx_support\platform\winrt\LuaCocos2d.cpp(37601): warning C4800: 'int' : forcing value to bool 'true' or 'false' (performance warning)
     1>..\cocos2dx_support\platform\winrt\LuaCocos2d.cpp(37666): warning C4800: 'int' : forcing value to bool 'true' or 'false' (performance warning)
     1>..\cocos2dx_support\platform\winrt\LuaCocos2d.cpp(38507): warning C4800: 'int' : forcing value to bool 'true' or 'false' (performance warning)
     1>..\cocos2dx_support\platform\winrt\LuaCocos2d.cpp(39234): warning C4800: 'int' : forcing value to bool 'true' or 'false' (performance warning)
     1>..\cocos2dx_support\platform\winrt\LuaCocos2d.cpp(39429): warning C4800: 'int' : forcing value to bool 'true' or 'false' (performance warning)
     1>..\cocos2dx_support\platform\winrt\LuaCocos2d.cpp(40202): warning C4800: 'int' : forcing value to bool 'true' or 'false' (performance warning)
     1>..\cocos2dx_support\platform\winrt\LuaCocos2d.cpp(40363): warning C4800: 'int' : forcing value to bool 'true' or 'false' (performance warning)
     1>..\cocos2dx_support\platform\winrt\LuaCocos2d.cpp(40722): warning C4800: 'int' : forcing value to bool 'true' or 'false' (performance warning)
     1>..\cocos2dx_support\platform\winrt\LuaCocos2d.cpp(41939): warning C4800: 'int' : forcing value to bool 'true' or 'false' (performance warning)
     1>..\cocos2dx_support\platform\winrt\LuaCocos2d.cpp(42036): warning C4800: 'int' : forcing value to bool 'true' or 'false' (performance warning)
     1>..\cocos2dx_support\platform\winrt\LuaCocos2d.cpp(42298): warning C4800: 'int' : forcing value to bool 'true' or 'false' (performance warning)
     1>..\cocos2dx_support\platform\winrt\LuaCocos2d.cpp(42857): warning C4800: 'int' : forcing value to bool 'true' or 'false' (performance warning)
     1>..\cocos2dx_support\platform\winrt\LuaCocos2d.cpp(42890): warning C4800: 'int' : forcing value to bool 'true' or 'false' (performance warning)
     1>..\cocos2dx_support\platform\winrt\LuaCocos2d.cpp(43706): warning C4800: 'int' : forcing value to bool 'true' or 'false' (performance warning)
     1>..\cocos2dx_support\platform\winrt\LuaCocos2d.cpp(43739): warning C4800: 'int' : forcing value to bool 'true' or 'false' (performance warning)
     1>..\cocos2dx_support\platform\winrt\LuaCocos2d.cpp(44630): warning C4800: 'int' : forcing value to bool 'true' or 'false' (performance warning)
     1>..\cocos2dx_support\platform\winrt\LuaCocos2d.cpp(44663): warning C4800: 'int' : forcing value to bool 'true' or 'false' (performance warning)
     1>..\cocos2dx_support\platform\winrt\LuaCocos2d.cpp(44833): warning C4800: 'int' : forcing value to bool 'true' or 'false' (performance warning)
     1>..\cocos2dx_support\platform\winrt\LuaCocos2d.cpp(44866): warning C4800: 'int' : forcing value to bool 'true' or 'false' (performance warning)
     1>..\cocos2dx_support\platform\winrt\LuaCocos2d.cpp(47446): warning C4800: 'int' : forcing value to bool 'true' or 'false' (performance warning)
     1>..\cocos2dx_support\platform\winrt\LuaCocos2d.cpp(47882): warning C4800: 'int' : forcing value to bool 'true' or 'false' (performance warning)
     1>..\cocos2dx_support\platform\winrt\LuaCocos2d.cpp(49014): warning C4800: 'int' : forcing value to bool 'true' or 'false' (performance warning)
     1>..\cocos2dx_support\platform\winrt\LuaCocos2d.cpp(49084): warning C4800: 'int' : forcing value to bool 'true' or 'false' (performance warning)
     1>..\cocos2dx_support\platform\winrt\LuaCocos2d.cpp(49117): warning C4800: 'int' : forcing value to bool 'true' or 'false' (performance warning)
     1>..\cocos2dx_support\platform\winrt\LuaCocos2d.cpp(49607): warning C4800: 'int' : forcing value to bool 'true' or 'false' (performance warning)
     1>..\cocos2dx_support\platform\winrt\LuaCocos2d.cpp(49770): warning C4800: 'int' : forcing value to bool 'true' or 'false' (performance warning)
     1>..\cocos2dx_support\platform\winrt\LuaCocos2d.cpp(50049): warning C4800: 'int' : forcing value to bool 'true' or 'false' (performance warning)
     1>..\cocos2dx_support\platform\winrt\LuaCocos2d.cpp(53057): warning C4800: 'int' : forcing value to bool 'true' or 'false' (performance warning)
     1>..\cocos2dx_support\platform\winrt\LuaCocos2d.cpp(54203): warning C4800: 'int' : forcing value to bool 'true' or 'false' (performance warning)
     1>..\cocos2dx_support\platform\winrt\LuaCocos2d.cpp(54236): warning C4800: 'int' : forcing value to bool 'true' or 'false' (performance warning)
     1>..\cocos2dx_support\platform\winrt\LuaCocos2d.cpp(54558): warning C4800: 'int' : forcing value to bool 'true' or 'false' (performance warning)
     1>..\cocos2dx_support\platform\winrt\LuaCocos2d.cpp(55460): warning C4800: 'int' : forcing value to bool 'true' or 'false' (performance warning)
     1>..\cocos2dx_support\platform\winrt\LuaCocos2d.cpp(56091): warning C4800: 'int' : forcing value to bool 'true' or 'false' (performance warning)
     1>..\cocos2dx_support\platform\winrt\LuaCocos2d.cpp(56227): warning C4800: 'int' : forcing value to bool 'true' or 'false' (performance warning)
     1>..\cocos2dx_support\platform\winrt\LuaCocos2d.cpp(56327): warning C4800: 'int' : forcing value to bool 'true' or 'false' (performance warning)
     1>..\cocos2dx_support\platform\winrt\LuaCocos2d.cpp(56392): warning C4800: 'int' : forcing value to bool 'true' or 'false' (performance warning)
     1>..\cocos2dx_support\platform\winrt\LuaCocos2d.cpp(56457): warning C4800: 'int' : forcing value to bool 'true' or 'false' (performance warning)
     1>..\cocos2dx_support\platform\winrt\LuaCocos2d.cpp(56617): warning C4800: 'int' : forcing value to bool 'true' or 'false' (performance warning)
     1>..\cocos2dx_support\platform\winrt\LuaCocos2d.cpp(57239): warning C4800: 'int' : forcing value to bool 'true' or 'false' (performance warning)
     1>..\cocos2dx_support\platform\winrt\LuaCocos2d.cpp(57272): warning C4800: 'int' : forcing value to bool 'true' or 'false' (performance warning)
     1>..\cocos2dx_support\platform\winrt\LuaCocos2d.cpp(57305): warning C4800: 'int' : forcing value to bool 'true' or 'false' (performance warning)
     1>..\cocos2dx_support\platform\winrt\LuaCocos2d.cpp(57436): warning C4800: 'int' : forcing value to bool 'true' or 'false' (performance warning)
     1>..\cocos2dx_support\platform\winrt\LuaCocos2d.cpp(57710): warning C4800: 'int' : forcing value to bool 'true' or 'false' (performance warning)
     1>..\cocos2dx_support\platform\winrt\LuaCocos2d.cpp(59437): warning C4800: 'int' : forcing value to bool 'true' or 'false' (performance warning)
     1>..\cocos2dx_support\platform\winrt\LuaCocos2d.cpp(60228): warning C4800: 'int' : forcing value to bool 'true' or 'false' (performance warning)
     1>..\cocos2dx_support\platform\winrt\LuaCocos2d.cpp(60835): warning C4800: 'int' : forcing value to bool 'true' or 'false' (performance warning)
     1>..\cocos2dx_support\platform\winrt\LuaCocos2d.cpp(60836): warning C4800: 'int' : forcing value to bool 'true' or 'false' (performance warning)
     1>..\cocos2dx_support\platform\winrt\LuaCocos2d.cpp(60867): warning C4800: 'int' : forcing value to bool 'true' or 'false' (performance warning)
     1>..\cocos2dx_support\platform\winrt\LuaCocos2d.cpp(60961): warning C4800: 'int' : forcing value to bool 'true' or 'false' (performance warning)
     1>..\cocos2dx_support\platform\winrt\LuaCocos2d.cpp(61538): warning C4800: 'int' : forcing value to bool 'true' or 'false' (performance warning)
     1>..\cocos2dx_support\platform\winrt\LuaCocos2d.cpp(62255): warning C4800: 'int' : forcing value to bool 'true' or 'false' (performance warning)
     1>..\cocos2dx_support\platform\winrt\LuaCocos2d.cpp(62454): warning C4800: 'int' : forcing value to bool 'true' or 'false' (performance warning)
     1>..\cocos2dx_support\platform\winrt\LuaCocos2d.cpp(63400): warning C4800: 'int' : forcing value to bool 'true' or 'false' (performance warning)
     1>..\cocos2dx_support\platform\winrt\LuaCocos2d.cpp(63543): warning C4800: 'int' : forcing value to bool 'true' or 'false' (performance warning)
     1>..\cocos2dx_support\platform\winrt\LuaCocos2d.cpp(63920): warning C4800: 'int' : forcing value to bool 'true' or 'false' (performance warning)
     1>..\cocos2dx_support\platform\winrt\LuaCocos2d.cpp(64396): warning C4800: 'int' : forcing value to bool 'true' or 'false' (performance warning)
     1>..\cocos2dx_support\platform\winrt\LuaCocos2d.cpp(64524): warning C4800: 'int' : forcing value to bool 'true' or 'false' (performance warning)
       Lib:
         C:\Program Files (x86)\Microsoft Visual Studio 11.0\VC\bin\Lib.exe /OUT:"D:\Retro Infinity\Coco Setups\cocos2d-x-2.2.4\WinRT\Win32\Debug\libcocoslua\libcocoslua.lib" /NOLOGO /LTCG /IGNORE:4264 Debug\CCBProxy.obj
         Debug\CCLuaBridge.obj
         Debug\CCLuaEngine.obj
         Debug\CCLuaStack.obj
         Debug\CCLuaValue.obj
         Debug\Cocos2dxLuaLoader.obj
         Debug\LuaCocoStudio.obj
         Debug\lua_cocos2dx_cocostudio_manual.obj
         Debug\lua_cocos2dx_extensions_manual.obj
         Debug\lua_cocos2dx_manual.obj
         Debug\Lua_extensions_CCB.obj
         Debug\LuaCocos2d.obj
         libcocoslua.vcxproj -> D:\Retro Infinity\Coco Setups\cocos2d-x-2.2.4\WinRT\Win32\Debug\libcocoslua\libcocoslua.lib
       _GenerateProjectPriFileCore:
         C:\Program Files (x86)\Windows Kits\8.0\bin\x86\MakePri.exe New -ProjectRoot "D:\Retro Infinity\Coco Setups\cocos2d-x-2.2.4\scripting\lua\proj.winrt\\" -ConfigXml Debug\priconfig.xml -OutputFile "D:\Retro Infinity\Coco Setups\cocos2d-x-2.2.4\WinRT\Win32\Debug\libcocoslua\libcocoslua.pri" -IndexName libcocoslua -Verbose -Overwrite  
     1>Done Building Project "D:\Retro Infinity\Coco Setups\cocos2d-x-2.2.4\scripting\lua\proj.winrt\libcocoslua.vcxproj" (Rebuild target(s)).

Build succeeded.

Time Elapsed 00:00:43.87
