Build started 7/15/2014 11:29:11 AM.
     1>Project "E:\Retro Inifinty Demo\Retro Inifinty Demo\Retro Inifinty Demo\Retro Inifinty Demo.vcxproj" on node 4 (Build target(s)).
     1>ClCompile:
         C:\Program Files (x86)\Microsoft Visual Studio 11.0\VC\bin\CL.exe /c /I"E:\Retro Inifinty Demo\Retro Inifinty Demo\Retro Inifinty Demo\\" /I"Generated Files\\" /IDebug\ /ZI /ZW /ZW:nostdlib /nologo /W3 /WX- /sdl /MP /Od /Oy- /D _UNICODE /D UNICODE /D _DEBUG /D WINAPI_FAMILY=WINAPI_FAMILY_APP /Gm- /EHsc /RTC1 /MDd /GS /fp:precise /Zc:wchar_t /Zc:forScope /Yu"pch.h" /Fp"Debug\Retro Inifinty Demo.pch" /Fo"Debug\\" /Fd"Debug\vc110.pdb" /Gd /TP /wd4453 /FU"C:\Program Files (x86)\Microsoft SDKs\Windows\v8.0\ExtensionSDKs\Microsoft.VCLibs\11.0\References\CommonConfiguration\neutral\platform.winmd" /FU"C:\Program Files (x86)\Windows Kits\8.0\References\CommonConfiguration\Neutral\Windows.winmd" /FU"C:\Program Files (x86)\Windows Kits\8.0\References\CommonConfiguration\Neutral\Windows.winmd" /analyze- /errorReport:prompt /bigobj MainPage.xaml.cpp
         MainPage.xaml.cpp
       CreateWinMD:
         C:\Program Files (x86)\Microsoft Visual Studio 11.0\VC\bin\link.exe /ERRORREPORT:PROMPT /OUT:"E:\Retro Inifinty Demo\Retro Inifinty Demo\Debug\Retro Inifinty Demo\Retro Inifinty Demo.exe" /INCREMENTAL /NOLOGO kernel32.lib /MANIFEST:NO /DEBUG /PDB:"E:\Retro Inifinty Demo\Retro Inifinty Demo\Debug\Retro Inifinty Demo\Retro Inifinty Demo.pdb" /SUBSYSTEM:WINDOWS /TLBID:1 /APPCONTAINER /WINMD:ONLY /WINMDFILE:"E:\Retro Inifinty Demo\Retro Inifinty Demo\Debug\Retro Inifinty Demo\Retro_Inifinty_Demo.winmd" /DYNAMICBASE /NXCOMPAT /MACHINE:X86 Debug\App.xaml.obj
         Debug\MainPage.xaml.obj
         Debug\pch.obj
         Debug\XamlTypeInfo.Impl.g.obj
         "E:\Retro Inifinty Demo\Retro Inifinty Demo\WinRT\Win32\Debug\cocos2d\libcocos2d.lib"
         "E:\Retro Inifinty Demo\Retro Inifinty Demo\WinRT\Win32\Debug\CocosDenshion\CocosDenshion.lib"
         "E:\Retro Inifinty Demo\Retro Inifinty Demo\WinRT\Win32\Debug\libExtensions\libExtensions.lib"
         "E:\Retro Inifinty Demo\Retro Inifinty Demo\WinRT\Win32\Debug\Box2D\libBox2D.lib"
         "E:\Retro Inifinty Demo\Retro Inifinty Demo\WinRT\Win32\Debug\chipmunk\libchipmunk.lib"
         "E:\Retro Inifinty Demo\Retro Inifinty Demo\WinRT\Win32\Debug\libcocoslua\libcocoslua.lib"
         "E:\Retro Inifinty Demo\Retro Inifinty Demo\WinRT\Win32\Debug\liblua\liblua.lib"
       CompileXamlGeneratedFiles:
         C:\Program Files (x86)\Microsoft Visual Studio 11.0\VC\bin\CL.exe /c /I"E:\Retro Inifinty Demo\Retro Inifinty Demo\Retro Inifinty Demo\\" /I"Generated Files\\" /IDebug\ /ZI /ZW /ZW:nostdlib /nologo /W3 /WX- /sdl /MP /Od /Oy- /D _UNICODE /D UNICODE /D _DEBUG /D WINAPI_FAMILY=WINAPI_FAMILY_APP /Gm- /EHsc /RTC1 /MDd /GS /fp:precise /Zc:wchar_t /Zc:forScope /Yu"pch.h" /Fp"Debug\Retro Inifinty Demo.pch" /Fo"Debug\\" /Fd"Debug\vc110.pdb" /Gd /TP /wd4453 /FU"C:\Program Files (x86)\Microsoft SDKs\Windows\v8.0\ExtensionSDKs\Microsoft.VCLibs\11.0\References\CommonConfiguration\neutral\platform.winmd" /FU"C:\Program Files (x86)\Windows Kits\8.0\References\CommonConfiguration\Neutral\Windows.winmd" /FU"C:\Program Files (x86)\Windows Kits\8.0\References\CommonConfiguration\Neutral\Windows.winmd" /analyze- /errorReport:prompt /bigobj "Generated Files\XamlTypeInfo.g.cpp"
         XamlTypeInfo.g.cpp
       Link:
         C:\Program Files (x86)\Microsoft Visual Studio 11.0\VC\bin\link.exe /ERRORREPORT:PROMPT /OUT:"E:\Retro Inifinty Demo\Retro Inifinty Demo\Debug\Retro Inifinty Demo\Retro Inifinty Demo.exe" /INCREMENTAL /NOLOGO kernel32.lib /MANIFEST:NO /DEBUG /PDB:"E:\Retro Inifinty Demo\Retro Inifinty Demo\Debug\Retro Inifinty Demo\Retro Inifinty Demo.pdb" /SUBSYSTEM:WINDOWS /TLBID:1 /APPCONTAINER /WINMD:NO /WINMDFILE:"E:\Retro Inifinty Demo\Retro Inifinty Demo\Debug\Retro Inifinty Demo\Retro_Inifinty_Demo.winmd" /DYNAMICBASE /NXCOMPAT /MACHINE:X86 Debug\App.xaml.obj
         Debug\MainPage.xaml.obj
         Debug\pch.obj
         Debug\XamlTypeInfo.Impl.g.obj
         "E:\Retro Inifinty Demo\Retro Inifinty Demo\WinRT\Win32\Debug\cocos2d\libcocos2d.lib"
         "E:\Retro Inifinty Demo\Retro Inifinty Demo\WinRT\Win32\Debug\CocosDenshion\CocosDenshion.lib"
         "E:\Retro Inifinty Demo\Retro Inifinty Demo\WinRT\Win32\Debug\libExtensions\libExtensions.lib"
         "E:\Retro Inifinty Demo\Retro Inifinty Demo\WinRT\Win32\Debug\Box2D\libBox2D.lib"
         "E:\Retro Inifinty Demo\Retro Inifinty Demo\WinRT\Win32\Debug\chipmunk\libchipmunk.lib"
         "E:\Retro Inifinty Demo\Retro Inifinty Demo\WinRT\Win32\Debug\libcocoslua\libcocoslua.lib"
         "E:\Retro Inifinty Demo\Retro Inifinty Demo\WinRT\Win32\Debug\liblua\liblua.lib"
         Debug\XamlTypeInfo.g.obj
            Creating library E:\Retro Inifinty Demo\Retro Inifinty Demo\Debug\Retro Inifinty Demo\Retro Inifinty Demo.lib and object E:\Retro Inifinty Demo\Retro Inifinty Demo\Debug\Retro Inifinty Demo\Retro Inifinty Demo.exp
         Retro Inifinty Demo.vcxproj -> E:\Retro Inifinty Demo\Retro Inifinty Demo\Debug\Retro Inifinty Demo\Retro Inifinty Demo.exe
       _GenerateProjectPriFileCore:
         C:\Program Files (x86)\Windows Kits\8.0\bin\x86\MakePri.exe New -ProjectRoot "E:\Retro Inifinty Demo\Retro Inifinty Demo\Retro Inifinty Demo\\" -ConfigXml Debug\priconfig.xml -OutputFile "E:\Retro Inifinty Demo\Retro Inifinty Demo\Debug\Retro Inifinty Demo\resources.pri" -IndexName cd13bf8e-4322-493f-807f-86e2d9f304b0 -Verbose -Overwrite  
     1>Done Building Project "E:\Retro Inifinty Demo\Retro Inifinty Demo\Retro Inifinty Demo\Retro Inifinty Demo.vcxproj" (Build target(s)).

Build succeeded.

Time Elapsed 00:00:10.04
