D:\RETRO INFINITY\COCO SETUPS\COCOS2D-X-2.2.4\EXTENSIONS\PROJ.WP8\DEBUG\LIBEXTENSIONS.PCH
D:\RETRO INFINITY\COCO SETUPS\COCOS2D-X-2.2.4\EXTENSIONS\PROJ.WP8\DEBUG\PCH.OBJ
D:\RETRO INFINITY\COCO SETUPS\COCOS2D-X-2.2.4\EXTENSIONS\PROJ.WP8\DEBUG\VC110.PDB
D:\RETRO INFINITY\COCO SETUPS\COCOS2D-X-2.2.4\EXTENSIONS\PROJ.WP8\DEBUG\CCBFILELOADER.OBJ
D:\RETRO INFINITY\COCO SETUPS\COCOS2D-X-2.2.4\EXTENSIONS\PROJ.WP8\DEBUG\CCBREADER.OBJ
D:\RETRO INFINITY\COCO SETUPS\COCOS2D-X-2.2.4\EXTENSIONS\PROJ.WP8\DEBUG\CCLABELBMFONTLOADER.OBJ
D:\RETRO INFINITY\COCO SETUPS\COCOS2D-X-2.2.4\EXTENSIONS\PROJ.WP8\DEBUG\CCLAYERGRADIENTLOADER.OBJ
D:\RETRO INFINITY\COCO SETUPS\COCOS2D-X-2.2.4\EXTENSIONS\PROJ.WP8\DEBUG\CCNODELOADER.OBJ
D:\RETRO INFINITY\COCO SETUPS\COCOS2D-X-2.2.4\EXTENSIONS\PROJ.WP8\DEBUG\CCSCROLLVIEWLOADER.OBJ
D:\RETRO INFINITY\COCO SETUPS\COCOS2D-X-2.2.4\EXTENSIONS\PROJ.WP8\DEBUG\CCNODEREADER.OBJ
D:\RETRO INFINITY\COCO SETUPS\COCOS2D-X-2.2.4\EXTENSIONS\PROJ.WP8\DEBUG\CCACTIONNODE.OBJ
D:\RETRO INFINITY\COCO SETUPS\COCOS2D-X-2.2.4\EXTENSIONS\PROJ.WP8\DEBUG\CCARMATURE.OBJ
D:\RETRO INFINITY\COCO SETUPS\COCOS2D-X-2.2.4\EXTENSIONS\PROJ.WP8\DEBUG\CCDISPLAYFACTORY.OBJ
D:\RETRO INFINITY\COCO SETUPS\COCOS2D-X-2.2.4\EXTENSIONS\PROJ.WP8\DEBUG\CCARMATUREDEFINE.OBJ
D:\RETRO INFINITY\COCO SETUPS\COCOS2D-X-2.2.4\EXTENSIONS\PROJ.WP8\DEBUG\CCDATAREADERHELPER.OBJ
D:\RETRO INFINITY\COCO SETUPS\COCOS2D-X-2.2.4\EXTENSIONS\PROJ.WP8\DEBUG\GUIREADER.OBJ
D:\RETRO INFINITY\COCO SETUPS\COCOS2D-X-2.2.4\EXTENSIONS\PROJ.WP8\DEBUG\PAGEVIEWREADER.OBJ
D:\RETRO INFINITY\COCO SETUPS\COCOS2D-X-2.2.4\EXTENSIONS\PROJ.WP8\DEBUG\TEXTFIELDREADER.OBJ
D:\RETRO INFINITY\COCO SETUPS\COCOS2D-X-2.2.4\EXTENSIONS\PROJ.WP8\DEBUG\TRIGGERMNG.OBJ
D:\RETRO INFINITY\COCO SETUPS\COCOS2D-X-2.2.4\EXTENSIONS\PROJ.WP8\DEBUG\CCCONTROLSWITCH.OBJ
D:\RETRO INFINITY\COCO SETUPS\COCOS2D-X-2.2.4\EXTENSIONS\PROJ.WP8\DEBUG\CCEDITBOXIMPLWP8.OBJ
D:\RETRO INFINITY\COCO SETUPS\COCOS2D-X-2.2.4\EXTENSIONS\PROJ.WP8\DEBUG\CCTABLEVIEWCELL.OBJ
D:\RETRO INFINITY\COCO SETUPS\COCOS2D-X-2.2.4\EXTENSIONS\PROJ.WP8\DEBUG\CCPHYSICSDEBUGNODE.OBJ
D:\RETRO INFINITY\COCO SETUPS\COCOS2D-X-2.2.4\EXTENSIONS\PROJ.WP8\DEBUG\ANIMATION.OBJ
D:\RETRO INFINITY\COCO SETUPS\COCOS2D-X-2.2.4\EXTENSIONS\PROJ.WP8\DEBUG\ATTACHMENTLOADER.OBJ
D:\RETRO INFINITY\COCO SETUPS\COCOS2D-X-2.2.4\EXTENSIONS\PROJ.WP8\DEBUG\EXTENSION.OBJ
D:\RETRO INFINITY\COCO SETUPS\COCOS2D-X-2.2.4\EXTENSIONS\PROJ.WP8\DEBUG\SKELETON.OBJ
D:\RETRO INFINITY\COCO SETUPS\COCOS2D-X-2.2.4\EXTENSIONS\PROJ.WP8\DEBUG\SLOTDATA.OBJ
D:\RETRO INFINITY\COCO SETUPS\COCOS2D-X-2.2.4\EXTENSIONS\PROJ.WP8\DEBUG\EDITBOXEVENT.OBJ
D:\RETRO INFINITY\COCO SETUPS\COCOS2D-X-2.2.4\EXTENSIONS\PROJ.WP8\DEBUG\CCPTHREADWINRT.OBJ
D:\RETRO INFINITY\COCO SETUPS\COCOS2D-X-2.2.4\EXTENSIONS\PROJ.WP8\DEBUG\CCDATA.OBJ
D:\RETRO INFINITY\COCO SETUPS\COCOS2D-X-2.2.4\EXTENSIONS\PROJ.WP8\DEBUG\CCLABELTTFLOADER.OBJ
D:\RETRO INFINITY\COCO SETUPS\COCOS2D-X-2.2.4\EXTENSIONS\PROJ.WP8\DEBUG\CCMENUITEMIMAGELOADER.OBJ
D:\RETRO INFINITY\COCO SETUPS\COCOS2D-X-2.2.4\EXTENSIONS\PROJ.WP8\DEBUG\CCNODELOADERLIBRARY.OBJ
D:\RETRO INFINITY\COCO SETUPS\COCOS2D-X-2.2.4\EXTENSIONS\PROJ.WP8\DEBUG\CCACTIONTIMELINECACHE.OBJ
D:\RETRO INFINITY\COCO SETUPS\COCOS2D-X-2.2.4\EXTENSIONS\PROJ.WP8\DEBUG\CCTIMELINE.OBJ
D:\RETRO INFINITY\COCO SETUPS\COCOS2D-X-2.2.4\EXTENSIONS\PROJ.WP8\DEBUG\CCACTIONFRAMEEASING.OBJ
D:\RETRO INFINITY\COCO SETUPS\COCOS2D-X-2.2.4\EXTENSIONS\PROJ.WP8\DEBUG\CCACTIONMANAGER.OBJ
D:\RETRO INFINITY\COCO SETUPS\COCOS2D-X-2.2.4\EXTENSIONS\PROJ.WP8\DEBUG\CCPROCESSBASE.OBJ
D:\RETRO INFINITY\COCO SETUPS\COCOS2D-X-2.2.4\EXTENSIONS\PROJ.WP8\DEBUG\CCDATAS.OBJ
D:\RETRO INFINITY\COCO SETUPS\COCOS2D-X-2.2.4\EXTENSIONS\PROJ.WP8\DEBUG\CCDISPLAYMANAGER.OBJ
D:\RETRO INFINITY\COCO SETUPS\COCOS2D-X-2.2.4\EXTENSIONS\PROJ.WP8\DEBUG\CCARMATUREDATAMANAGER.OBJ
D:\RETRO INFINITY\COCO SETUPS\COCOS2D-X-2.2.4\EXTENSIONS\PROJ.WP8\DEBUG\CCCOMATTRIBUTE.OBJ
D:\RETRO INFINITY\COCO SETUPS\COCOS2D-X-2.2.4\EXTENSIONS\PROJ.WP8\DEBUG\UIWIDGET.OBJ
D:\RETRO INFINITY\COCO SETUPS\COCOS2D-X-2.2.4\EXTENSIONS\PROJ.WP8\DEBUG\UILAYOUTDEFINE.OBJ
D:\RETRO INFINITY\COCO SETUPS\COCOS2D-X-2.2.4\EXTENSIONS\PROJ.WP8\DEBUG\COCOSGUI.OBJ
D:\RETRO INFINITY\COCO SETUPS\COCOS2D-X-2.2.4\EXTENSIONS\PROJ.WP8\DEBUG\UILISTVIEW.OBJ
D:\RETRO INFINITY\COCO SETUPS\COCOS2D-X-2.2.4\EXTENSIONS\PROJ.WP8\DEBUG\UIBUTTON.OBJ
D:\RETRO INFINITY\COCO SETUPS\COCOS2D-X-2.2.4\EXTENSIONS\PROJ.WP8\DEBUG\UILABELBMFONT.OBJ
D:\RETRO INFINITY\COCO SETUPS\COCOS2D-X-2.2.4\EXTENSIONS\PROJ.WP8\DEBUG\UISLIDER.OBJ
D:\RETRO INFINITY\COCO SETUPS\COCOS2D-X-2.2.4\EXTENSIONS\PROJ.WP8\DEBUG\DICTIONARYHELPER.OBJ
D:\RETRO INFINITY\COCO SETUPS\COCOS2D-X-2.2.4\EXTENSIONS\PROJ.WP8\DEBUG\BUTTONREADER.OBJ
D:\RETRO INFINITY\COCO SETUPS\COCOS2D-X-2.2.4\EXTENSIONS\PROJ.WP8\DEBUG\IMAGEVIEWREADER.OBJ
D:\RETRO INFINITY\COCO SETUPS\COCOS2D-X-2.2.4\EXTENSIONS\PROJ.WP8\DEBUG\LABELREADER.OBJ
D:\RETRO INFINITY\COCO SETUPS\COCOS2D-X-2.2.4\EXTENSIONS\PROJ.WP8\DEBUG\LISTVIEWREADER.OBJ
D:\RETRO INFINITY\COCO SETUPS\COCOS2D-X-2.2.4\EXTENSIONS\PROJ.WP8\DEBUG\SLIDERREADER.OBJ
D:\RETRO INFINITY\COCO SETUPS\COCOS2D-X-2.2.4\EXTENSIONS\PROJ.WP8\DEBUG\TRIGGERBASE.OBJ
D:\RETRO INFINITY\COCO SETUPS\COCOS2D-X-2.2.4\EXTENSIONS\PROJ.WP8\DEBUG\TRIGGEROBJ.OBJ
D:\RETRO INFINITY\COCO SETUPS\COCOS2D-X-2.2.4\EXTENSIONS\PROJ.WP8\DEBUG\CCCONTROLCOLOURPICKER.OBJ
D:\RETRO INFINITY\COCO SETUPS\COCOS2D-X-2.2.4\EXTENSIONS\PROJ.WP8\DEBUG\CCCONTROLHUEPICKER.OBJ
D:\RETRO INFINITY\COCO SETUPS\COCOS2D-X-2.2.4\EXTENSIONS\PROJ.WP8\DEBUG\CCCONTROLSTEPPER.OBJ
D:\RETRO INFINITY\COCO SETUPS\COCOS2D-X-2.2.4\EXTENSIONS\PROJ.WP8\DEBUG\CCSCROLLVIEW.OBJ
D:\RETRO INFINITY\COCO SETUPS\COCOS2D-X-2.2.4\EXTENSIONS\PROJ.WP8\DEBUG\HTTPCLIENT.OBJ
D:\RETRO INFINITY\COCO SETUPS\COCOS2D-X-2.2.4\EXTENSIONS\PROJ.WP8\DEBUG\ANIMATIONSTATEDATA.OBJ
D:\RETRO INFINITY\COCO SETUPS\COCOS2D-X-2.2.4\EXTENSIONS\PROJ.WP8\DEBUG\ATTACHMENT.OBJ
D:\RETRO INFINITY\COCO SETUPS\COCOS2D-X-2.2.4\EXTENSIONS\PROJ.WP8\DEBUG\BONEDATA.OBJ
D:\RETRO INFINITY\COCO SETUPS\COCOS2D-X-2.2.4\EXTENSIONS\PROJ.WP8\DEBUG\JSON.OBJ
D:\RETRO INFINITY\COCO SETUPS\COCOS2D-X-2.2.4\EXTENSIONS\PROJ.WP8\DEBUG\SKELETONJSON.OBJ
D:\RETRO INFINITY\COCO SETUPS\COCOS2D-X-2.2.4\EXTENSIONS\PROJ.WP8\DEBUG\SLOT.OBJ
D:\RETRO INFINITY\COCO SETUPS\COCOS2D-X-2.2.4\EXTENSIONS\PROJ.WP8\DEBUG\CCBANIMATIONMANAGER.OBJ
D:\RETRO INFINITY\COCO SETUPS\COCOS2D-X-2.2.4\EXTENSIONS\PROJ.WP8\DEBUG\CCBSEQUENCE.OBJ
D:\RETRO INFINITY\COCO SETUPS\COCOS2D-X-2.2.4\EXTENSIONS\PROJ.WP8\DEBUG\CCBVALUE.OBJ
D:\RETRO INFINITY\COCO SETUPS\COCOS2D-X-2.2.4\EXTENSIONS\PROJ.WP8\DEBUG\CCCONTROLBUTTONLOADER.OBJ
D:\RETRO INFINITY\COCO SETUPS\COCOS2D-X-2.2.4\EXTENSIONS\PROJ.WP8\DEBUG\CCLAYERLOADER.OBJ
D:\RETRO INFINITY\COCO SETUPS\COCOS2D-X-2.2.4\EXTENSIONS\PROJ.WP8\DEBUG\CCMENUITEMLOADER.OBJ
D:\RETRO INFINITY\COCO SETUPS\COCOS2D-X-2.2.4\EXTENSIONS\PROJ.WP8\DEBUG\CCPARTICLESYSTEMQUADLOADER.OBJ
D:\RETRO INFINITY\COCO SETUPS\COCOS2D-X-2.2.4\EXTENSIONS\PROJ.WP8\DEBUG\CCSPRITELOADER.OBJ
D:\RETRO INFINITY\COCO SETUPS\COCOS2D-X-2.2.4\EXTENSIONS\PROJ.WP8\DEBUG\CCFRAME.OBJ
D:\RETRO INFINITY\COCO SETUPS\COCOS2D-X-2.2.4\EXTENSIONS\PROJ.WP8\DEBUG\CCACTIONFRAME.OBJ
D:\RETRO INFINITY\COCO SETUPS\COCOS2D-X-2.2.4\EXTENSIONS\PROJ.WP8\DEBUG\CCARMATUREANIMATION.OBJ
D:\RETRO INFINITY\COCO SETUPS\COCOS2D-X-2.2.4\EXTENSIONS\PROJ.WP8\DEBUG\CCTWEEN.OBJ
D:\RETRO INFINITY\COCO SETUPS\COCOS2D-X-2.2.4\EXTENSIONS\PROJ.WP8\DEBUG\CCBATCHNODE.OBJ
D:\RETRO INFINITY\COCO SETUPS\COCOS2D-X-2.2.4\EXTENSIONS\PROJ.WP8\DEBUG\CCCOLLIDERDETECTOR.OBJ
D:\RETRO INFINITY\COCO SETUPS\COCOS2D-X-2.2.4\EXTENSIONS\PROJ.WP8\DEBUG\CCSPRITEFRAMECACHEHELPER.OBJ
D:\RETRO INFINITY\COCO SETUPS\COCOS2D-X-2.2.4\EXTENSIONS\PROJ.WP8\DEBUG\CCTWEENFUNCTION.OBJ
D:\RETRO INFINITY\COCO SETUPS\COCOS2D-X-2.2.4\EXTENSIONS\PROJ.WP8\DEBUG\CCCOMAUDIO.OBJ
D:\RETRO INFINITY\COCO SETUPS\COCOS2D-X-2.2.4\EXTENSIONS\PROJ.WP8\DEBUG\CCCOMRENDER.OBJ
D:\RETRO INFINITY\COCO SETUPS\COCOS2D-X-2.2.4\EXTENSIONS\PROJ.WP8\DEBUG\UILAYOUTPARAMETER.OBJ
D:\RETRO INFINITY\COCO SETUPS\COCOS2D-X-2.2.4\EXTENSIONS\PROJ.WP8\DEBUG\UIHELPER.OBJ
D:\RETRO INFINITY\COCO SETUPS\COCOS2D-X-2.2.4\EXTENSIONS\PROJ.WP8\DEBUG\UIPAGEVIEW.OBJ
D:\RETRO INFINITY\COCO SETUPS\COCOS2D-X-2.2.4\EXTENSIONS\PROJ.WP8\DEBUG\UICHECKBOX.OBJ
D:\RETRO INFINITY\COCO SETUPS\COCOS2D-X-2.2.4\EXTENSIONS\PROJ.WP8\DEBUG\UILABEL.OBJ
D:\RETRO INFINITY\COCO SETUPS\COCOS2D-X-2.2.4\EXTENSIONS\PROJ.WP8\DEBUG\UILOADINGBAR.OBJ
D:\RETRO INFINITY\COCO SETUPS\COCOS2D-X-2.2.4\EXTENSIONS\PROJ.WP8\DEBUG\UITEXTFIELD.OBJ
D:\RETRO INFINITY\COCO SETUPS\COCOS2D-X-2.2.4\EXTENSIONS\PROJ.WP8\DEBUG\CHECKBOXREADER.OBJ
D:\RETRO INFINITY\COCO SETUPS\COCOS2D-X-2.2.4\EXTENSIONS\PROJ.WP8\DEBUG\LABELATLASREADER.OBJ
D:\RETRO INFINITY\COCO SETUPS\COCOS2D-X-2.2.4\EXTENSIONS\PROJ.WP8\DEBUG\LAYOUTREADER.OBJ
D:\RETRO INFINITY\COCO SETUPS\COCOS2D-X-2.2.4\EXTENSIONS\PROJ.WP8\DEBUG\SCROLLVIEWREADER.OBJ
D:\RETRO INFINITY\COCO SETUPS\COCOS2D-X-2.2.4\EXTENSIONS\PROJ.WP8\DEBUG\WIDGETREADER.OBJ
D:\RETRO INFINITY\COCO SETUPS\COCOS2D-X-2.2.4\EXTENSIONS\PROJ.WP8\DEBUG\CCCONTROL.OBJ
D:\RETRO INFINITY\COCO SETUPS\COCOS2D-X-2.2.4\EXTENSIONS\PROJ.WP8\DEBUG\CCCONTROLSATURATIONBRIGHTNESSPICKER.OBJ
D:\RETRO INFINITY\COCO SETUPS\COCOS2D-X-2.2.4\EXTENSIONS\PROJ.WP8\DEBUG\CCCONTROLUTILS.OBJ
D:\RETRO INFINITY\COCO SETUPS\COCOS2D-X-2.2.4\EXTENSIONS\PROJ.WP8\DEBUG\CCSCALE9SPRITE.OBJ
D:\RETRO INFINITY\COCO SETUPS\COCOS2D-X-2.2.4\EXTENSIONS\PROJ.WP8\DEBUG\CCSORTING.OBJ
D:\RETRO INFINITY\COCO SETUPS\COCOS2D-X-2.2.4\EXTENSIONS\PROJ.WP8\DEBUG\WEBSOCKETWINRT.OBJ
D:\RETRO INFINITY\COCO SETUPS\COCOS2D-X-2.2.4\EXTENSIONS\PROJ.WP8\DEBUG\ATLAS.OBJ
D:\RETRO INFINITY\COCO SETUPS\COCOS2D-X-2.2.4\EXTENSIONS\PROJ.WP8\DEBUG\BONE.OBJ
D:\RETRO INFINITY\COCO SETUPS\COCOS2D-X-2.2.4\EXTENSIONS\PROJ.WP8\DEBUG\CCSKELETONANIMATION.OBJ
D:\RETRO INFINITY\COCO SETUPS\COCOS2D-X-2.2.4\EXTENSIONS\PROJ.WP8\DEBUG\SPINE-COCOS2DX.OBJ
D:\RETRO INFINITY\COCO SETUPS\COCOS2D-X-2.2.4\EXTENSIONS\PROJ.WP8\DEBUG\ASSETSMANAGER.OBJ
D:\RETRO INFINITY\COCO SETUPS\COCOS2D-X-2.2.4\EXTENSIONS\PROJ.WP8\DEBUG\CCBKEYFRAME.OBJ
D:\RETRO INFINITY\COCO SETUPS\COCOS2D-X-2.2.4\EXTENSIONS\PROJ.WP8\DEBUG\CCBSEQUENCEPROPERTY.OBJ
D:\RETRO INFINITY\COCO SETUPS\COCOS2D-X-2.2.4\EXTENSIONS\PROJ.WP8\DEBUG\CCCONTROLLOADER.OBJ
D:\RETRO INFINITY\COCO SETUPS\COCOS2D-X-2.2.4\EXTENSIONS\PROJ.WP8\DEBUG\CCLAYERCOLORLOADER.OBJ
D:\RETRO INFINITY\COCO SETUPS\COCOS2D-X-2.2.4\EXTENSIONS\PROJ.WP8\DEBUG\CCNODE+CCBRELATIVEPOSITIONING.OBJ
D:\RETRO INFINITY\COCO SETUPS\COCOS2D-X-2.2.4\EXTENSIONS\PROJ.WP8\DEBUG\CCSCALE9SPRITELOADER.OBJ
D:\RETRO INFINITY\COCO SETUPS\COCOS2D-X-2.2.4\EXTENSIONS\PROJ.WP8\DEBUG\CCACTIONTIMELINE.OBJ
D:\RETRO INFINITY\COCO SETUPS\COCOS2D-X-2.2.4\EXTENSIONS\PROJ.WP8\DEBUG\CCACTIONEASEEX.OBJ
D:\RETRO INFINITY\COCO SETUPS\COCOS2D-X-2.2.4\EXTENSIONS\PROJ.WP8\DEBUG\CCACTIONOBJECT.OBJ
D:\RETRO INFINITY\COCO SETUPS\COCOS2D-X-2.2.4\EXTENSIONS\PROJ.WP8\DEBUG\CCBONE.OBJ
D:\RETRO INFINITY\COCO SETUPS\COCOS2D-X-2.2.4\EXTENSIONS\PROJ.WP8\DEBUG\CCDECORATIVEDISPLAY.OBJ
D:\RETRO INFINITY\COCO SETUPS\COCOS2D-X-2.2.4\EXTENSIONS\PROJ.WP8\DEBUG\CCSKIN.OBJ
D:\RETRO INFINITY\COCO SETUPS\COCOS2D-X-2.2.4\EXTENSIONS\PROJ.WP8\DEBUG\CCTRANSFORMHELP.OBJ
D:\RETRO INFINITY\COCO SETUPS\COCOS2D-X-2.2.4\EXTENSIONS\PROJ.WP8\DEBUG\CCUTILMATH.OBJ
D:\RETRO INFINITY\COCO SETUPS\COCOS2D-X-2.2.4\EXTENSIONS\PROJ.WP8\DEBUG\CCCOMCONTROLLER.OBJ
D:\RETRO INFINITY\COCO SETUPS\COCOS2D-X-2.2.4\EXTENSIONS\PROJ.WP8\DEBUG\CCINPUTDELEGATE.OBJ
D:\RETRO INFINITY\COCO SETUPS\COCOS2D-X-2.2.4\EXTENSIONS\PROJ.WP8\DEBUG\UILAYOUT.OBJ
D:\RETRO INFINITY\COCO SETUPS\COCOS2D-X-2.2.4\EXTENSIONS\PROJ.WP8\DEBUG\UITOUCHGROUP.OBJ
D:\RETRO INFINITY\COCO SETUPS\COCOS2D-X-2.2.4\EXTENSIONS\PROJ.WP8\DEBUG\UISCROLLVIEW.OBJ
D:\RETRO INFINITY\COCO SETUPS\COCOS2D-X-2.2.4\EXTENSIONS\PROJ.WP8\DEBUG\UIIMAGEVIEW.OBJ
D:\RETRO INFINITY\COCO SETUPS\COCOS2D-X-2.2.4\EXTENSIONS\PROJ.WP8\DEBUG\UILABELATLAS.OBJ
D:\RETRO INFINITY\COCO SETUPS\COCOS2D-X-2.2.4\EXTENSIONS\PROJ.WP8\DEBUG\UIRICHTEXT.OBJ
D:\RETRO INFINITY\COCO SETUPS\COCOS2D-X-2.2.4\EXTENSIONS\PROJ.WP8\DEBUG\COCOLOADER.OBJ
D:\RETRO INFINITY\COCO SETUPS\COCOS2D-X-2.2.4\EXTENSIONS\PROJ.WP8\DEBUG\SCENEREADER.OBJ
D:\RETRO INFINITY\COCO SETUPS\COCOS2D-X-2.2.4\EXTENSIONS\PROJ.WP8\DEBUG\LABELBMFONTREADER.OBJ
D:\RETRO INFINITY\COCO SETUPS\COCOS2D-X-2.2.4\EXTENSIONS\PROJ.WP8\DEBUG\LOADINGBARREADER.OBJ
D:\RETRO INFINITY\COCO SETUPS\COCOS2D-X-2.2.4\EXTENSIONS\PROJ.WP8\DEBUG\OBJECTFACTORY.OBJ
D:\RETRO INFINITY\COCO SETUPS\COCOS2D-X-2.2.4\EXTENSIONS\PROJ.WP8\DEBUG\CCCONTROLBUTTON.OBJ
D:\RETRO INFINITY\COCO SETUPS\COCOS2D-X-2.2.4\EXTENSIONS\PROJ.WP8\DEBUG\CCCONTROLPOTENTIOMETER.OBJ
D:\RETRO INFINITY\COCO SETUPS\COCOS2D-X-2.2.4\EXTENSIONS\PROJ.WP8\DEBUG\CCCONTROLSLIDER.OBJ
D:\RETRO INFINITY\COCO SETUPS\COCOS2D-X-2.2.4\EXTENSIONS\PROJ.WP8\DEBUG\CCINVOCATION.OBJ
D:\RETRO INFINITY\COCO SETUPS\COCOS2D-X-2.2.4\EXTENSIONS\PROJ.WP8\DEBUG\CCEDITBOX.OBJ
D:\RETRO INFINITY\COCO SETUPS\COCOS2D-X-2.2.4\EXTENSIONS\PROJ.WP8\DEBUG\CCTABLEVIEW.OBJ
D:\RETRO INFINITY\COCO SETUPS\COCOS2D-X-2.2.4\EXTENSIONS\PROJ.WP8\DEBUG\CCPHYSICSSPRITE.OBJ
D:\RETRO INFINITY\COCO SETUPS\COCOS2D-X-2.2.4\EXTENSIONS\PROJ.WP8\DEBUG\ANIMATIONSTATE.OBJ
D:\RETRO INFINITY\COCO SETUPS\COCOS2D-X-2.2.4\EXTENSIONS\PROJ.WP8\DEBUG\ATLASATTACHMENTLOADER.OBJ
D:\RETRO INFINITY\COCO SETUPS\COCOS2D-X-2.2.4\EXTENSIONS\PROJ.WP8\DEBUG\CCSKELETON.OBJ
D:\RETRO INFINITY\COCO SETUPS\COCOS2D-X-2.2.4\EXTENSIONS\PROJ.WP8\DEBUG\REGIONATTACHMENT.OBJ
D:\RETRO INFINITY\COCO SETUPS\COCOS2D-X-2.2.4\EXTENSIONS\PROJ.WP8\DEBUG\SKELETONDATA.OBJ
D:\RETRO INFINITY\COCO SETUPS\COCOS2D-X-2.2.4\EXTENSIONS\PROJ.WP8\DEBUG\SKIN.OBJ
D:\RETRO INFINITY\COCO SETUPS\COCOS2D-X-2.2.4\PROJECTS\RETROINFINITYDEMO\PROJ.WP8\WP8\WIN32\DEBUG\LIBEXTENSIONS\LIBEXTENSIONS.LIB
D:\Retro Infinity\Coco Setups\cocos2d-x-2.2.4\extensions\proj.wp8\Debug\libExtensions.vcxprojResolveAssemblyReference.cache
D:\Retro Infinity\Coco Setups\cocos2d-x-2.2.4\extensions\proj.wp8\Debug\Animation.obj
D:\Retro Infinity\Coco Setups\cocos2d-x-2.2.4\extensions\proj.wp8\Debug\AnimationState.obj
D:\Retro Infinity\Coco Setups\cocos2d-x-2.2.4\extensions\proj.wp8\Debug\AnimationStateData.obj
D:\Retro Infinity\Coco Setups\cocos2d-x-2.2.4\extensions\proj.wp8\Debug\AssetsManager.obj
D:\Retro Infinity\Coco Setups\cocos2d-x-2.2.4\extensions\proj.wp8\Debug\Atlas.obj
D:\Retro Infinity\Coco Setups\cocos2d-x-2.2.4\extensions\proj.wp8\Debug\AtlasAttachmentLoader.obj
D:\Retro Infinity\Coco Setups\cocos2d-x-2.2.4\extensions\proj.wp8\Debug\Attachment.obj
D:\Retro Infinity\Coco Setups\cocos2d-x-2.2.4\extensions\proj.wp8\Debug\AttachmentLoader.obj
D:\Retro Infinity\Coco Setups\cocos2d-x-2.2.4\extensions\proj.wp8\Debug\Bone.obj
D:\Retro Infinity\Coco Setups\cocos2d-x-2.2.4\extensions\proj.wp8\Debug\BoneData.obj
D:\Retro Infinity\Coco Setups\cocos2d-x-2.2.4\extensions\proj.wp8\Debug\ButtonReader.obj
D:\Retro Infinity\Coco Setups\cocos2d-x-2.2.4\extensions\proj.wp8\Debug\CCActionEaseEx.obj
D:\Retro Infinity\Coco Setups\cocos2d-x-2.2.4\extensions\proj.wp8\Debug\CCActionFrame.obj
D:\Retro Infinity\Coco Setups\cocos2d-x-2.2.4\extensions\proj.wp8\Debug\CCActionFrameEasing.obj
D:\Retro Infinity\Coco Setups\cocos2d-x-2.2.4\extensions\proj.wp8\Debug\CCActionManager.obj
D:\Retro Infinity\Coco Setups\cocos2d-x-2.2.4\extensions\proj.wp8\Debug\CCActionNode.obj
D:\Retro Infinity\Coco Setups\cocos2d-x-2.2.4\extensions\proj.wp8\Debug\CCActionObject.obj
D:\Retro Infinity\Coco Setups\cocos2d-x-2.2.4\extensions\proj.wp8\Debug\CCActionTimeline.obj
D:\Retro Infinity\Coco Setups\cocos2d-x-2.2.4\extensions\proj.wp8\Debug\CCActionTimelineCache.obj
D:\Retro Infinity\Coco Setups\cocos2d-x-2.2.4\extensions\proj.wp8\Debug\CCArmature.obj
D:\Retro Infinity\Coco Setups\cocos2d-x-2.2.4\extensions\proj.wp8\Debug\CCArmatureAnimation.obj
D:\Retro Infinity\Coco Setups\cocos2d-x-2.2.4\extensions\proj.wp8\Debug\CCArmatureDataManager.obj
D:\Retro Infinity\Coco Setups\cocos2d-x-2.2.4\extensions\proj.wp8\Debug\CCArmatureDefine.obj
D:\Retro Infinity\Coco Setups\cocos2d-x-2.2.4\extensions\proj.wp8\Debug\CCBAnimationManager.obj
D:\Retro Infinity\Coco Setups\cocos2d-x-2.2.4\extensions\proj.wp8\Debug\CCBatchNode.obj
D:\Retro Infinity\Coco Setups\cocos2d-x-2.2.4\extensions\proj.wp8\Debug\CCBFileLoader.obj
D:\Retro Infinity\Coco Setups\cocos2d-x-2.2.4\extensions\proj.wp8\Debug\CCBKeyframe.obj
D:\Retro Infinity\Coco Setups\cocos2d-x-2.2.4\extensions\proj.wp8\Debug\CCBone.obj
D:\Retro Infinity\Coco Setups\cocos2d-x-2.2.4\extensions\proj.wp8\Debug\CCBReader.obj
D:\Retro Infinity\Coco Setups\cocos2d-x-2.2.4\extensions\proj.wp8\Debug\CCBSequence.obj
D:\Retro Infinity\Coco Setups\cocos2d-x-2.2.4\extensions\proj.wp8\Debug\CCBSequenceProperty.obj
D:\Retro Infinity\Coco Setups\cocos2d-x-2.2.4\extensions\proj.wp8\Debug\CCBValue.obj
D:\Retro Infinity\Coco Setups\cocos2d-x-2.2.4\extensions\proj.wp8\Debug\CCColliderDetector.obj
D:\Retro Infinity\Coco Setups\cocos2d-x-2.2.4\extensions\proj.wp8\Debug\CCComAttribute.obj
D:\Retro Infinity\Coco Setups\cocos2d-x-2.2.4\extensions\proj.wp8\Debug\CCComAudio.obj
D:\Retro Infinity\Coco Setups\cocos2d-x-2.2.4\extensions\proj.wp8\Debug\CCComController.obj
D:\Retro Infinity\Coco Setups\cocos2d-x-2.2.4\extensions\proj.wp8\Debug\CCComRender.obj
D:\Retro Infinity\Coco Setups\cocos2d-x-2.2.4\extensions\proj.wp8\Debug\CCControl.obj
D:\Retro Infinity\Coco Setups\cocos2d-x-2.2.4\extensions\proj.wp8\Debug\CCControlButton.obj
D:\Retro Infinity\Coco Setups\cocos2d-x-2.2.4\extensions\proj.wp8\Debug\CCControlButtonLoader.obj
D:\Retro Infinity\Coco Setups\cocos2d-x-2.2.4\extensions\proj.wp8\Debug\CCControlColourPicker.obj
D:\Retro Infinity\Coco Setups\cocos2d-x-2.2.4\extensions\proj.wp8\Debug\CCControlHuePicker.obj
D:\Retro Infinity\Coco Setups\cocos2d-x-2.2.4\extensions\proj.wp8\Debug\CCControlLoader.obj
D:\Retro Infinity\Coco Setups\cocos2d-x-2.2.4\extensions\proj.wp8\Debug\CCControlPotentiometer.obj
D:\Retro Infinity\Coco Setups\cocos2d-x-2.2.4\extensions\proj.wp8\Debug\CCControlSaturationBrightnessPicker.obj
D:\Retro Infinity\Coco Setups\cocos2d-x-2.2.4\extensions\proj.wp8\Debug\CCControlSlider.obj
D:\Retro Infinity\Coco Setups\cocos2d-x-2.2.4\extensions\proj.wp8\Debug\CCControlStepper.obj
D:\Retro Infinity\Coco Setups\cocos2d-x-2.2.4\extensions\proj.wp8\Debug\CCControlSwitch.obj
D:\Retro Infinity\Coco Setups\cocos2d-x-2.2.4\extensions\proj.wp8\Debug\CCControlUtils.obj
D:\Retro Infinity\Coco Setups\cocos2d-x-2.2.4\extensions\proj.wp8\Debug\CCData.obj
D:\Retro Infinity\Coco Setups\cocos2d-x-2.2.4\extensions\proj.wp8\Debug\CCDataReaderHelper.obj
D:\Retro Infinity\Coco Setups\cocos2d-x-2.2.4\extensions\proj.wp8\Debug\CCDatas.obj
D:\Retro Infinity\Coco Setups\cocos2d-x-2.2.4\extensions\proj.wp8\Debug\CCDecorativeDisplay.obj
D:\Retro Infinity\Coco Setups\cocos2d-x-2.2.4\extensions\proj.wp8\Debug\CCDisplayFactory.obj
D:\Retro Infinity\Coco Setups\cocos2d-x-2.2.4\extensions\proj.wp8\Debug\CCDisplayManager.obj
D:\Retro Infinity\Coco Setups\cocos2d-x-2.2.4\extensions\proj.wp8\Debug\CCEditBox.obj
D:\Retro Infinity\Coco Setups\cocos2d-x-2.2.4\extensions\proj.wp8\Debug\CCEditBoxImplWp8.obj
D:\Retro Infinity\Coco Setups\cocos2d-x-2.2.4\extensions\proj.wp8\Debug\CCFrame.obj
D:\Retro Infinity\Coco Setups\cocos2d-x-2.2.4\extensions\proj.wp8\Debug\CCInputDelegate.obj
D:\Retro Infinity\Coco Setups\cocos2d-x-2.2.4\extensions\proj.wp8\Debug\CCInvocation.obj
D:\Retro Infinity\Coco Setups\cocos2d-x-2.2.4\extensions\proj.wp8\Debug\CCLabelBMFontLoader.obj
D:\Retro Infinity\Coco Setups\cocos2d-x-2.2.4\extensions\proj.wp8\Debug\CCLabelTTFLoader.obj
D:\Retro Infinity\Coco Setups\cocos2d-x-2.2.4\extensions\proj.wp8\Debug\CCLayerColorLoader.obj
D:\Retro Infinity\Coco Setups\cocos2d-x-2.2.4\extensions\proj.wp8\Debug\CCLayerGradientLoader.obj
D:\Retro Infinity\Coco Setups\cocos2d-x-2.2.4\extensions\proj.wp8\Debug\CCLayerLoader.obj
D:\Retro Infinity\Coco Setups\cocos2d-x-2.2.4\extensions\proj.wp8\Debug\CCMenuItemImageLoader.obj
D:\Retro Infinity\Coco Setups\cocos2d-x-2.2.4\extensions\proj.wp8\Debug\CCMenuItemLoader.obj
D:\Retro Infinity\Coco Setups\cocos2d-x-2.2.4\extensions\proj.wp8\Debug\CCNode+CCBRelativePositioning.obj
D:\Retro Infinity\Coco Setups\cocos2d-x-2.2.4\extensions\proj.wp8\Debug\CCNodeLoader.obj
D:\Retro Infinity\Coco Setups\cocos2d-x-2.2.4\extensions\proj.wp8\Debug\CCNodeLoaderLibrary.obj
D:\Retro Infinity\Coco Setups\cocos2d-x-2.2.4\extensions\proj.wp8\Debug\CCNodeReader.obj
D:\Retro Infinity\Coco Setups\cocos2d-x-2.2.4\extensions\proj.wp8\Debug\CCParticleSystemQuadLoader.obj
D:\Retro Infinity\Coco Setups\cocos2d-x-2.2.4\extensions\proj.wp8\Debug\CCPhysicsDebugNode.obj
D:\Retro Infinity\Coco Setups\cocos2d-x-2.2.4\extensions\proj.wp8\Debug\CCPhysicsSprite.obj
D:\Retro Infinity\Coco Setups\cocos2d-x-2.2.4\extensions\proj.wp8\Debug\CCProcessBase.obj
D:\Retro Infinity\Coco Setups\cocos2d-x-2.2.4\extensions\proj.wp8\Debug\CCPThreadWinRT.obj
D:\Retro Infinity\Coco Setups\cocos2d-x-2.2.4\extensions\proj.wp8\Debug\CCScale9Sprite.obj
D:\Retro Infinity\Coco Setups\cocos2d-x-2.2.4\extensions\proj.wp8\Debug\CCScale9SpriteLoader.obj
D:\Retro Infinity\Coco Setups\cocos2d-x-2.2.4\extensions\proj.wp8\Debug\CCScrollView.obj
D:\Retro Infinity\Coco Setups\cocos2d-x-2.2.4\extensions\proj.wp8\Debug\CCScrollViewLoader.obj
D:\Retro Infinity\Coco Setups\cocos2d-x-2.2.4\extensions\proj.wp8\Debug\CCSkeleton.obj
D:\Retro Infinity\Coco Setups\cocos2d-x-2.2.4\extensions\proj.wp8\Debug\CCSkeletonAnimation.obj
D:\Retro Infinity\Coco Setups\cocos2d-x-2.2.4\extensions\proj.wp8\Debug\CCSkin.obj
D:\Retro Infinity\Coco Setups\cocos2d-x-2.2.4\extensions\proj.wp8\Debug\CCSorting.obj
D:\Retro Infinity\Coco Setups\cocos2d-x-2.2.4\extensions\proj.wp8\Debug\CCSpriteFrameCacheHelper.obj
D:\Retro Infinity\Coco Setups\cocos2d-x-2.2.4\extensions\proj.wp8\Debug\CCSpriteLoader.obj
D:\Retro Infinity\Coco Setups\cocos2d-x-2.2.4\extensions\proj.wp8\Debug\CCTableView.obj
D:\Retro Infinity\Coco Setups\cocos2d-x-2.2.4\extensions\proj.wp8\Debug\CCTableViewCell.obj
D:\Retro Infinity\Coco Setups\cocos2d-x-2.2.4\extensions\proj.wp8\Debug\CCTimeLine.obj
D:\Retro Infinity\Coco Setups\cocos2d-x-2.2.4\extensions\proj.wp8\Debug\CCTransformHelp.obj
D:\Retro Infinity\Coco Setups\cocos2d-x-2.2.4\extensions\proj.wp8\Debug\CCTween.obj
D:\Retro Infinity\Coco Setups\cocos2d-x-2.2.4\extensions\proj.wp8\Debug\CCTweenFunction.obj
D:\Retro Infinity\Coco Setups\cocos2d-x-2.2.4\extensions\proj.wp8\Debug\CCUtilMath.obj
D:\Retro Infinity\Coco Setups\cocos2d-x-2.2.4\extensions\proj.wp8\Debug\CheckBoxReader.obj
D:\Retro Infinity\Coco Setups\cocos2d-x-2.2.4\extensions\proj.wp8\Debug\CocoLoader.obj
D:\Retro Infinity\Coco Setups\cocos2d-x-2.2.4\extensions\proj.wp8\Debug\CocosGUI.obj
D:\Retro Infinity\Coco Setups\cocos2d-x-2.2.4\extensions\proj.wp8\Debug\DictionaryHelper.obj
D:\Retro Infinity\Coco Setups\cocos2d-x-2.2.4\extensions\proj.wp8\Debug\EditBoxEvent.obj
D:\Retro Infinity\Coco Setups\cocos2d-x-2.2.4\extensions\proj.wp8\Debug\extension.obj
D:\Retro Infinity\Coco Setups\cocos2d-x-2.2.4\extensions\proj.wp8\Debug\GUIReader.obj
D:\Retro Infinity\Coco Setups\cocos2d-x-2.2.4\extensions\proj.wp8\Debug\HttpClient.obj
D:\Retro Infinity\Coco Setups\cocos2d-x-2.2.4\extensions\proj.wp8\Debug\ImageViewReader.obj
D:\Retro Infinity\Coco Setups\cocos2d-x-2.2.4\extensions\proj.wp8\Debug\Json.obj
D:\Retro Infinity\Coco Setups\cocos2d-x-2.2.4\extensions\proj.wp8\Debug\LabelAtlasReader.obj
D:\Retro Infinity\Coco Setups\cocos2d-x-2.2.4\extensions\proj.wp8\Debug\LabelBMFontReader.obj
D:\Retro Infinity\Coco Setups\cocos2d-x-2.2.4\extensions\proj.wp8\Debug\LabelReader.obj
D:\Retro Infinity\Coco Setups\cocos2d-x-2.2.4\extensions\proj.wp8\Debug\LayoutReader.obj
D:\Retro Infinity\Coco Setups\cocos2d-x-2.2.4\extensions\proj.wp8\Debug\ListViewReader.obj
D:\Retro Infinity\Coco Setups\cocos2d-x-2.2.4\extensions\proj.wp8\Debug\LoadingBarReader.obj
D:\Retro Infinity\Coco Setups\cocos2d-x-2.2.4\extensions\proj.wp8\Debug\ObjectFactory.obj
D:\Retro Infinity\Coco Setups\cocos2d-x-2.2.4\extensions\proj.wp8\Debug\PageViewReader.obj
D:\Retro Infinity\Coco Setups\cocos2d-x-2.2.4\extensions\proj.wp8\Debug\pch.obj
D:\Retro Infinity\Coco Setups\cocos2d-x-2.2.4\extensions\proj.wp8\Debug\RegionAttachment.obj
D:\Retro Infinity\Coco Setups\cocos2d-x-2.2.4\extensions\proj.wp8\Debug\SceneReader.obj
D:\Retro Infinity\Coco Setups\cocos2d-x-2.2.4\extensions\proj.wp8\Debug\ScrollViewReader.obj
D:\Retro Infinity\Coco Setups\cocos2d-x-2.2.4\extensions\proj.wp8\Debug\Skeleton.obj
D:\Retro Infinity\Coco Setups\cocos2d-x-2.2.4\extensions\proj.wp8\Debug\SkeletonData.obj
D:\Retro Infinity\Coco Setups\cocos2d-x-2.2.4\extensions\proj.wp8\Debug\SkeletonJson.obj
D:\Retro Infinity\Coco Setups\cocos2d-x-2.2.4\extensions\proj.wp8\Debug\Skin.obj
D:\Retro Infinity\Coco Setups\cocos2d-x-2.2.4\extensions\proj.wp8\Debug\SliderReader.obj
D:\Retro Infinity\Coco Setups\cocos2d-x-2.2.4\extensions\proj.wp8\Debug\Slot.obj
D:\Retro Infinity\Coco Setups\cocos2d-x-2.2.4\extensions\proj.wp8\Debug\SlotData.obj
D:\Retro Infinity\Coco Setups\cocos2d-x-2.2.4\extensions\proj.wp8\Debug\spine-cocos2dx.obj
D:\Retro Infinity\Coco Setups\cocos2d-x-2.2.4\extensions\proj.wp8\Debug\TextFieldReader.obj
D:\Retro Infinity\Coco Setups\cocos2d-x-2.2.4\extensions\proj.wp8\Debug\TriggerBase.obj
D:\Retro Infinity\Coco Setups\cocos2d-x-2.2.4\extensions\proj.wp8\Debug\TriggerMng.obj
D:\Retro Infinity\Coco Setups\cocos2d-x-2.2.4\extensions\proj.wp8\Debug\TriggerObj.obj
D:\Retro Infinity\Coco Setups\cocos2d-x-2.2.4\extensions\proj.wp8\Debug\UIButton.obj
D:\Retro Infinity\Coco Setups\cocos2d-x-2.2.4\extensions\proj.wp8\Debug\UICheckBox.obj
D:\Retro Infinity\Coco Setups\cocos2d-x-2.2.4\extensions\proj.wp8\Debug\UIHelper.obj
D:\Retro Infinity\Coco Setups\cocos2d-x-2.2.4\extensions\proj.wp8\Debug\UIImageView.obj
D:\Retro Infinity\Coco Setups\cocos2d-x-2.2.4\extensions\proj.wp8\Debug\UILabel.obj
D:\Retro Infinity\Coco Setups\cocos2d-x-2.2.4\extensions\proj.wp8\Debug\UILabelAtlas.obj
D:\Retro Infinity\Coco Setups\cocos2d-x-2.2.4\extensions\proj.wp8\Debug\UILabelBMFont.obj
D:\Retro Infinity\Coco Setups\cocos2d-x-2.2.4\extensions\proj.wp8\Debug\UILayout.obj
D:\Retro Infinity\Coco Setups\cocos2d-x-2.2.4\extensions\proj.wp8\Debug\UILayoutDefine.obj
D:\Retro Infinity\Coco Setups\cocos2d-x-2.2.4\extensions\proj.wp8\Debug\UILayoutParameter.obj
D:\Retro Infinity\Coco Setups\cocos2d-x-2.2.4\extensions\proj.wp8\Debug\UIListView.obj
D:\Retro Infinity\Coco Setups\cocos2d-x-2.2.4\extensions\proj.wp8\Debug\UILoadingBar.obj
D:\Retro Infinity\Coco Setups\cocos2d-x-2.2.4\extensions\proj.wp8\Debug\UIPageView.obj
D:\Retro Infinity\Coco Setups\cocos2d-x-2.2.4\extensions\proj.wp8\Debug\UIRichText.obj
D:\Retro Infinity\Coco Setups\cocos2d-x-2.2.4\extensions\proj.wp8\Debug\UIScrollView.obj
D:\Retro Infinity\Coco Setups\cocos2d-x-2.2.4\extensions\proj.wp8\Debug\UISlider.obj
D:\Retro Infinity\Coco Setups\cocos2d-x-2.2.4\extensions\proj.wp8\Debug\UITextField.obj
D:\Retro Infinity\Coco Setups\cocos2d-x-2.2.4\extensions\proj.wp8\Debug\UITouchGroup.obj
D:\Retro Infinity\Coco Setups\cocos2d-x-2.2.4\extensions\proj.wp8\Debug\UIWidget.obj
D:\Retro Infinity\Coco Setups\cocos2d-x-2.2.4\extensions\proj.wp8\Debug\WebSocketWinRT.obj
D:\Retro Infinity\Coco Setups\cocos2d-x-2.2.4\extensions\proj.wp8\Debug\WidgetReader.obj
D:\Retro Infinity\Coco Setups\cocos2d-x-2.2.4\extensions\proj.wp8\Debug\CL.3264.read.1.tlog
D:\Retro Infinity\Coco Setups\cocos2d-x-2.2.4\extensions\proj.wp8\Debug\CL.3264.write.1.tlog
D:\Retro Infinity\Coco Setups\cocos2d-x-2.2.4\extensions\proj.wp8\Debug\CL.5428.read.1.tlog
D:\Retro Infinity\Coco Setups\cocos2d-x-2.2.4\extensions\proj.wp8\Debug\CL.5428.write.1.tlog
D:\Retro Infinity\Coco Setups\cocos2d-x-2.2.4\extensions\proj.wp8\Debug\CL.6248.read.1.tlog
D:\Retro Infinity\Coco Setups\cocos2d-x-2.2.4\extensions\proj.wp8\Debug\CL.6248.write.1.tlog
D:\Retro Infinity\Coco Setups\cocos2d-x-2.2.4\extensions\proj.wp8\Debug\CL.7808.read.1.tlog
D:\Retro Infinity\Coco Setups\cocos2d-x-2.2.4\extensions\proj.wp8\Debug\CL.7808.write.1.tlog
D:\Retro Infinity\Coco Setups\cocos2d-x-2.2.4\extensions\proj.wp8\Debug\cl.command.1.tlog
D:\Retro Infinity\Coco Setups\cocos2d-x-2.2.4\extensions\proj.wp8\Debug\CL.read.1.tlog
D:\Retro Infinity\Coco Setups\cocos2d-x-2.2.4\extensions\proj.wp8\Debug\CL.write.1.tlog
D:\Retro Infinity\Coco Setups\cocos2d-x-2.2.4\extensions\proj.wp8\Debug\Lib-link.read.1.tlog
D:\Retro Infinity\Coco Setups\cocos2d-x-2.2.4\extensions\proj.wp8\Debug\Lib-link.write.1.tlog
D:\Retro Infinity\Coco Setups\cocos2d-x-2.2.4\extensions\proj.wp8\Debug\lib.command.1.tlog
D:\Retro Infinity\Coco Setups\cocos2d-x-2.2.4\extensions\proj.wp8\Debug\libExtensions.pch
D:\Retro Infinity\Coco Setups\cocos2d-x-2.2.4\extensions\proj.wp8\Debug\vc110.pdb
D:\Retro Infinity\Coco Setups\cocos2d-x-2.2.4\projects\RetroInfinityDemo\proj.wp8\WP8\Win32\Debug\libExtensions\libExtensions.lib
