Build started 7/22/2014 4:05:16 PM.
     1>Project "D:\Retro Infinity\Coco Setups\cocos2d-x-2.2.4\extensions\proj.wp8\libExtensions.vcxproj" on node 4 (Rebuild target(s)).
     1>ClCompile:
         C:\Program Files (x86)\Microsoft Visual Studio 11.0\VC\WPSDK\WP80\bin\CL.exe /c /I"D:\Retro Infinity\Coco Setups\cocos2d-x-2.2.4\extensions\proj.wp8\..\..\external\chipmunk\include\chipmunk" /I"D:\Retro Infinity\Coco Setups\cocos2d-x-2.2.4\extensions\proj.wp8\..\..\external\sqlite3\include" /I"D:\Retro Infinity\Coco Setups\cocos2d-x-2.2.4\extensions\proj.wp8\..\..\external" /I"D:\Retro Infinity\Coco Setups\cocos2d-x-2.2.4\extensions\proj.wp8\..\..\cocos2dx" /I"D:\Retro Infinity\Coco Setups\cocos2d-x-2.2.4\extensions\proj.wp8\..\..\cocos2dx\include" /I"D:\Retro Infinity\Coco Setups\cocos2d-x-2.2.4\extensions\proj.wp8\..\..\cocos2dx\platform\third_party\winrt\angle\include" /I"D:\Retro Infinity\Coco Setups\cocos2d-x-2.2.4\extensions\proj.wp8\..\..\cocos2dx\kazmath\include" /I"D:\Retro Infinity\Coco Setups\cocos2d-x-2.2.4\extensions\proj.wp8\..\..\cocos2dx\platform\winrt" /I"D:\Retro Infinity\Coco Setups\cocos2d-x-2.2.4\extensions\proj.wp8\..\..\cocos2dx\platform\third_party\wp8" /I"D:\Retro Infinity\Coco Setups\cocos2d-x-2.2.4\extensions\proj.wp8\..\..\cocos2dx\platform\third_party\wp8\libcurl" /I"D:\Retro Infinity\Coco Setups\cocos2d-x-2.2.4\extensions\proj.wp8\..\..\cocos2dx\platform\third_party\wp8\zlib" /I"D:\Retro Infinity\Coco Setups\cocos2d-x-2.2.4\extensions\proj.wp8\..\..\external\libwebsockets\wp8\include" /I"D:\Retro Infinity\Coco Setups\cocos2d-x-2.2.4\extensions\proj.wp8\..\..\CocosDenshion\include" /I..\ /AI"C:\Program Files (x86)\Windows Phone Kits\8.0\Windows Metadata" /Zi /ZW /nologo /W1 /WX- /MP /Od /Oy- /D _LIB /D WP8 /D _WP8 /D COCOS2D_DEBUG=1 /D CC_ENABLE_CHIPMUNK_INTEGRATION=1 /D _CRT_SECURE_NO_WARNINGS /D _SCL_SECURE_NO_WARNINGS /D UNICODE /D _UNICODE /D WINAPI_FAMILY=WINAPI_FAMILY_PHONE_APP /Gm- /EHsc /RTC1 /MDd /GS /fp:precise /Zc:wchar_t /Zc:forScope /Yc"pch.h" /Fp"Debug\libExtensions.pch" /Fo"Debug\\" /Fd"Debug\vc110.pdb" /Gd /TP /FIpch.h /FU"C:\Program Files (x86)\Microsoft Visual Studio 11.0\VC\WPSDK\WP80\lib\platform.winmd" /FU"C:\Program Files (x86)\Windows Phone Kits\8.0\Windows Metadata\Windows.winmd" /analyze- /errorReport:prompt pch.cpp
         pch.cpp
         C:\Program Files (x86)\Microsoft Visual Studio 11.0\VC\WPSDK\WP80\bin\CL.exe /c /I"D:\Retro Infinity\Coco Setups\cocos2d-x-2.2.4\extensions\proj.wp8\..\..\external\chipmunk\include\chipmunk" /I"D:\Retro Infinity\Coco Setups\cocos2d-x-2.2.4\extensions\proj.wp8\..\..\external\sqlite3\include" /I"D:\Retro Infinity\Coco Setups\cocos2d-x-2.2.4\extensions\proj.wp8\..\..\external" /I"D:\Retro Infinity\Coco Setups\cocos2d-x-2.2.4\extensions\proj.wp8\..\..\cocos2dx" /I"D:\Retro Infinity\Coco Setups\cocos2d-x-2.2.4\extensions\proj.wp8\..\..\cocos2dx\include" /I"D:\Retro Infinity\Coco Setups\cocos2d-x-2.2.4\extensions\proj.wp8\..\..\cocos2dx\platform\third_party\winrt\angle\include" /I"D:\Retro Infinity\Coco Setups\cocos2d-x-2.2.4\extensions\proj.wp8\..\..\cocos2dx\kazmath\include" /I"D:\Retro Infinity\Coco Setups\cocos2d-x-2.2.4\extensions\proj.wp8\..\..\cocos2dx\platform\winrt" /I"D:\Retro Infinity\Coco Setups\cocos2d-x-2.2.4\extensions\proj.wp8\..\..\cocos2dx\platform\third_party\wp8" /I"D:\Retro Infinity\Coco Setups\cocos2d-x-2.2.4\extensions\proj.wp8\..\..\cocos2dx\platform\third_party\wp8\libcurl" /I"D:\Retro Infinity\Coco Setups\cocos2d-x-2.2.4\extensions\proj.wp8\..\..\cocos2dx\platform\third_party\wp8\zlib" /I"D:\Retro Infinity\Coco Setups\cocos2d-x-2.2.4\extensions\proj.wp8\..\..\external\libwebsockets\wp8\include" /I"D:\Retro Infinity\Coco Setups\cocos2d-x-2.2.4\extensions\proj.wp8\..\..\CocosDenshion\include" /I..\ /AI"C:\Program Files (x86)\Windows Phone Kits\8.0\Windows Metadata" /Zi /ZW /nologo /W1 /WX- /MP /Od /Oy- /D _LIB /D WP8 /D _WP8 /D COCOS2D_DEBUG=1 /D CC_ENABLE_CHIPMUNK_INTEGRATION=1 /D _CRT_SECURE_NO_WARNINGS /D _SCL_SECURE_NO_WARNINGS /D UNICODE /D _UNICODE /D WINAPI_FAMILY=WINAPI_FAMILY_PHONE_APP /Gm- /EHsc /RTC1 /MDd /GS /fp:precise /Zc:wchar_t /Zc:forScope /Yu"pch.h" /Fp"Debug\libExtensions.pch" /Fo"Debug\\" /Fd"Debug\vc110.pdb" /Gd /TP /FIpch.h /FU"C:\Program Files (x86)\Microsoft Visual Studio 11.0\VC\WPSDK\WP80\lib\platform.winmd" /FU"C:\Program Files (x86)\Windows Phone Kits\8.0\Windows Metadata\Windows.winmd" /analyze- /errorReport:prompt ..\..\cocos2dx\platform\winrt\CCPThreadWinRT.cpp ..\AssetsManager\AssetsManager.cpp ..\CCBReader\CCBAnimationManager.cpp ..\CCBReader\CCBFileLoader.cpp ..\CCBReader\CCBKeyframe.cpp ..\CCBReader\CCBReader.cpp ..\CCBReader\CCBSequence.cpp ..\CCBReader\CCBSequenceProperty.cpp ..\CCBReader\CCBValue.cpp ..\CCBReader\CCControlButtonLoader.cpp ..\CCBReader\CCControlLoader.cpp ..\CCBReader\CCData.cpp ..\CCBReader\CCLabelBMFontLoader.cpp ..\CCBReader\CCLabelTTFLoader.cpp ..\CCBReader\CCLayerColorLoader.cpp ..\CCBReader\CCLayerGradientLoader.cpp ..\CCBReader\CCLayerLoader.cpp ..\CCBReader\CCMenuItemImageLoader.cpp ..\CCBReader\CCMenuItemLoader.cpp ..\CCBReader\CCNode+CCBRelativePositioning.cpp ..\CCBReader\CCNodeLoader.cpp ..\CCBReader\CCNodeLoaderLibrary.cpp ..\CCBReader\CCParticleSystemQuadLoader.cpp ..\CCBReader\CCScale9SpriteLoader.cpp ..\CCBReader\CCScrollViewLoader.cpp ..\CCBReader\CCSpriteLoader.cpp ..\CocoStudio\ActionTimeline\CCActionTimeline.cpp ..\CocoStudio\ActionTimeline\CCActionTimelineCache.cpp ..\CocoStudio\ActionTimeline\CCFrame.cpp ..\CocoStudio\ActionTimeline\CCNodeReader.cpp ..\CocoStudio\ActionTimeline\CCTimeLine.cpp ..\CocoStudio\Action\CCActionEaseEx.cpp ..\CocoStudio\Action\CCActionFrame.cpp ..\CocoStudio\Action\CCActionFrameEasing.cpp ..\CocoStudio\Action\CCActionManager.cpp ..\CocoStudio\Action\CCActionNode.cpp ..\CocoStudio\Action\CCActionObject.cpp ..\CocoStudio\Armature\animation\CCArmatureAnimation.cpp ..\CocoStudio\Armature\animation\CCProcessBase.cpp ..\CocoStudio\Armature\animation\CCTween.cpp ..\CocoStudio\Armature\CCArmature.cpp ..\CocoStudio\Armature\CCBone.cpp ..\CocoStudio\Armature\datas\CCDatas.cpp ..\CocoStudio\Armature\display\CCBatchNode.cpp ..\CocoStudio\Armature\display\CCDecorativeDisplay.cpp ..\CocoStudio\Armature\display\CCDisplayFactory.cpp ..\CocoStudio\Armature\display\CCDisplayManager.cpp ..\CocoStudio\Armature\display\CCSkin.cpp ..\CocoStudio\Armature\physics\CCColliderDetector.cpp ..\CocoStudio\Armature\utils\CCArmatureDataManager.cpp ..\CocoStudio\Armature\utils\CCArmatureDefine.cpp ..\CocoStudio\Armature\utils\CCDataReaderHelper.cpp ..\CocoStudio\Armature\utils\CCSpriteFrameCacheHelper.cpp ..\CocoStudio\Armature\utils\CCTransformHelp.cpp ..\CocoStudio\Armature\utils\CCTweenFunction.cpp ..\CocoStudio\Armature\utils\CCUtilMath.cpp ..\CocoStudio\Components\CCComAttribute.cpp ..\CocoStudio\Components\CCComAudio.cpp ..\CocoStudio\Components\CCComController.cpp ..\CocoStudio\Components\CCComRender.cpp ..\CocoStudio\Components\CCInputDelegate.cpp ..\CocoStudio\GUI\BaseClasses\UIWidget.cpp ..\CocoStudio\GUI\Layouts\UILayout.cpp ..\CocoStudio\GUI\Layouts\UILayoutDefine.cpp ..\CocoStudio\GUI\Layouts\UILayoutParameter.cpp ..\CocoStudio\GUI\System\CocosGUI.cpp ..\CocoStudio\GUI\System\UIHelper.cpp ..\CocoStudio\GUI\System\UITouchGroup.cpp ..\CocoStudio\GUI\UIWidgets\ScrollWidget\UIListView.cpp ..\CocoStudio\GUI\UIWidgets\ScrollWidget\UIPageView.cpp ..\CocoStudio\GUI\UIWidgets\ScrollWidget\UIScrollView.cpp ..\CocoStudio\GUI\UIWidgets\UIButton.cpp ..\CocoStudio\GUI\UIWidgets\UICheckBox.cpp ..\CocoStudio\GUI\UIWidgets\UIImageView.cpp ..\CocoStudio\GUI\UIWidgets\UILabel.cpp ..\CocoStudio\GUI\UIWidgets\UILabelAtlas.cpp ..\CocoStudio\GUI\UIWidgets\UILabelBMFont.cpp ..\CocoStudio\GUI\UIWidgets\UILoadingBar.cpp ..\CocoStudio\GUI\UIWidgets\UIRichText.cpp ..\CocoStudio\GUI\UIWidgets\UISlider.cpp ..\CocoStudio\GUI\UIWidgets\UITextField.cpp ..\CocoStudio\Json\CocoLoader.cpp ..\CocoStudio\Json\DictionaryHelper.cpp ..\CocoStudio\Reader\GUIReader.cpp ..\CocoStudio\Reader\SceneReader.cpp ..\CocoStudio\Reader\WidgetReader\ButtonReader\ButtonReader.cpp ..\CocoStudio\Reader\WidgetReader\CheckBoxReader\CheckBoxReader.cpp ..\CocoStudio\Reader\WidgetReader\ImageViewReader\ImageViewReader.cpp ..\CocoStudio\Reader\WidgetReader\LabelAtlasReader\LabelAtlasReader.cpp ..\CocoStudio\Reader\WidgetReader\LabelBMFontReader\LabelBMFontReader.cpp ..\CocoStudio\Reader\WidgetReader\LabelReader\LabelReader.cpp ..\CocoStudio\Reader\WidgetReader\LayoutReader\LayoutReader.cpp ..\CocoStudio\Reader\WidgetReader\ListViewReader\ListViewReader.cpp ..\CocoStudio\Reader\WidgetReader\LoadingBarReader\LoadingBarReader.cpp ..\CocoStudio\Reader\WidgetReader\PageViewReader\PageViewReader.cpp ..\CocoStudio\Reader\WidgetReader\ScrollViewReader\ScrollViewReader.cpp ..\CocoStudio\Reader\WidgetReader\SliderReader\SliderReader.cpp ..\CocoStudio\Reader\WidgetReader\TextFieldReader\TextFieldReader.cpp ..\CocoStudio\Reader\WidgetReader\WidgetReader.cpp ..\CocoStudio\Trigger\ObjectFactory.cpp ..\CocoStudio\Trigger\TriggerBase.cpp ..\CocoStudio\Trigger\TriggerMng.cpp ..\CocoStudio\Trigger\TriggerObj.cpp ..\GUI\CCControlExtension\CCControl.cpp ..\GUI\CCControlExtension\CCControlButton.cpp ..\GUI\CCControlExtension\CCControlColourPicker.cpp ..\GUI\CCControlExtension\CCControlHuePicker.cpp ..\GUI\CCControlExtension\CCControlPotentiometer.cpp ..\GUI\CCControlExtension\CCControlSaturationBrightnessPicker.cpp ..\GUI\CCControlExtension\CCControlSlider.cpp ..\GUI\CCControlExtension\CCControlStepper.cpp ..\GUI\CCControlExtension\CCControlSwitch.cpp ..\GUI\CCControlExtension\CCControlUtils.cpp ..\GUI\CCControlExtension\CCInvocation.cpp ..\GUI\CCControlExtension\CCScale9Sprite.cpp ..\GUI\CCEditBox\CCEditBox.cpp ..\GUI\CCEditBox\CCEditBoxImplWp8.cpp ..\GUI\CCScrollView\CCScrollView.cpp ..\GUI\CCScrollView\CCSorting.cpp ..\GUI\CCScrollView\CCTableView.cpp ..\GUI\CCScrollView\CCTableViewCell.cpp ..\network\HttpClient.cpp ..\network\WebSocketWinRT.cpp ..\physics_nodes\CCPhysicsDebugNode.cpp ..\physics_nodes\CCPhysicsSprite.cpp ..\spine\Animation.cpp ..\spine\AnimationState.cpp ..\spine\AnimationStateData.cpp ..\spine\Atlas.cpp ..\spine\AtlasAttachmentLoader.cpp ..\spine\Attachment.cpp ..\spine\AttachmentLoader.cpp ..\spine\Bone.cpp ..\spine\BoneData.cpp ..\spine\CCSkeleton.cpp ..\spine\CCSkeletonAnimation.cpp ..\spine\extension.cpp ..\spine\Json.cpp ..\spine\RegionAttachment.cpp ..\spine\Skeleton.cpp ..\spine\SkeletonData.cpp ..\spine\SkeletonJson.cpp ..\spine\Skin.cpp ..\spine\Slot.cpp ..\spine\SlotData.cpp "..\spine\spine-cocos2dx.cpp" EditBoxEvent.cpp
         CCPThreadWinRT.cpp
         AssetsManager.cpp
         CCBAnimationManager.cpp
         CCBFileLoader.cpp
         CCBKeyframe.cpp
         CCBReader.cpp
         CCBSequence.cpp
         CCBSequenceProperty.cpp
         CCBValue.cpp
         CCControlButtonLoader.cpp
         CCControlLoader.cpp
         CCData.cpp
         CCLabelBMFontLoader.cpp
         CCLabelTTFLoader.cpp
         CCLayerColorLoader.cpp
         CCLayerGradientLoader.cpp
         CCLayerLoader.cpp
         CCMenuItemImageLoader.cpp
         CCMenuItemLoader.cpp
         CCNode+CCBRelativePositioning.cpp
         CCNodeLoader.cpp
         CCNodeLoaderLibrary.cpp
         CCParticleSystemQuadLoader.cpp
         CCScale9SpriteLoader.cpp
         CCScrollViewLoader.cpp
         CCSpriteLoader.cpp
         CCActionTimeline.cpp
         CCActionTimelineCache.cpp
         CCFrame.cpp
         CCNodeReader.cpp
         CCTimeLine.cpp
         CCActionEaseEx.cpp
         CCActionFrame.cpp
         CCActionFrameEasing.cpp
         CCActionManager.cpp
         CCActionNode.cpp
         CCActionObject.cpp
         CCArmatureAnimation.cpp
         CCProcessBase.cpp
         CCTween.cpp
         CCArmature.cpp
         CCBone.cpp
         CCDatas.cpp
         CCBatchNode.cpp
         CCDecorativeDisplay.cpp
         CCDisplayFactory.cpp
         CCDisplayManager.cpp
         CCSkin.cpp
         CCColliderDetector.cpp
         CCArmatureDataManager.cpp
         CCArmatureDefine.cpp
         CCDataReaderHelper.cpp
         CCSpriteFrameCacheHelper.cpp
         CCTransformHelp.cpp
         CCTweenFunction.cpp
         CCUtilMath.cpp
         CCComAttribute.cpp
         CCComAudio.cpp
         CCComController.cpp
         CCComRender.cpp
         CCInputDelegate.cpp
         UIWidget.cpp
         UILayout.cpp
         UILayoutDefine.cpp
         UILayoutParameter.cpp
         CocosGUI.cpp
         UIHelper.cpp
         UITouchGroup.cpp
         UIListView.cpp
         UIPageView.cpp
         UIScrollView.cpp
         UIButton.cpp
         UICheckBox.cpp
         UIImageView.cpp
         UILabel.cpp
         UILabelAtlas.cpp
         UILabelBMFont.cpp
         UILoadingBar.cpp
         UIRichText.cpp
         UISlider.cpp
         UITextField.cpp
         CocoLoader.cpp
         DictionaryHelper.cpp
         GUIReader.cpp
         SceneReader.cpp
         ButtonReader.cpp
         CheckBoxReader.cpp
         ImageViewReader.cpp
         LabelAtlasReader.cpp
         LabelBMFontReader.cpp
         LabelReader.cpp
         LayoutReader.cpp
         ListViewReader.cpp
         LoadingBarReader.cpp
         PageViewReader.cpp
         ScrollViewReader.cpp
         SliderReader.cpp
         TextFieldReader.cpp
         WidgetReader.cpp
         ObjectFactory.cpp
         TriggerBase.cpp
         TriggerMng.cpp
         TriggerObj.cpp
         CCControl.cpp
         CCControlButton.cpp
         CCControlColourPicker.cpp
         CCControlHuePicker.cpp
         CCControlPotentiometer.cpp
         CCControlSaturationBrightnessPicker.cpp
         CCControlSlider.cpp
         CCControlStepper.cpp
         CCControlSwitch.cpp
         CCControlUtils.cpp
         CCInvocation.cpp
         CCScale9Sprite.cpp
         CCEditBox.cpp
         CCEditBoxImplWp8.cpp
         CCScrollView.cpp
         CCSorting.cpp
         CCTableView.cpp
         CCTableViewCell.cpp
         HttpClient.cpp
         WebSocketWinRT.cpp
         CCPhysicsDebugNode.cpp
         CCPhysicsSprite.cpp
         Animation.cpp
         AnimationState.cpp
         AnimationStateData.cpp
         Atlas.cpp
         AtlasAttachmentLoader.cpp
         Attachment.cpp
         AttachmentLoader.cpp
         Bone.cpp
         BoneData.cpp
         CCSkeleton.cpp
         CCSkeletonAnimation.cpp
         extension.cpp
         Json.cpp
         RegionAttachment.cpp
         Skeleton.cpp
         SkeletonData.cpp
         SkeletonJson.cpp
         Skin.cpp
         Slot.cpp
         SlotData.cpp
         spine-cocos2dx.cpp
         EditBoxEvent.cpp
       Lib:
         C:\Program Files (x86)\Microsoft Visual Studio 11.0\VC\WPSDK\WP80\bin\Lib.exe /OUT:"D:\Retro Infinity\Coco Setups\cocos2d-x-2.2.4\projects\RetroInfinityDemo\proj.wp8\WP8\Win32\Debug\libExtensions\libExtensions.lib" libcurl.lib libwebsockets.lib /LIBPATH:..\..\external\libwebsockets\wp8\lib\x86 /LIBPATH:..\..\cocos2dx\platform\third_party\wp8\libraries\x86 /NOLOGO /IGNORE:4264 Debug\CCPThreadWinRT.obj
         Debug\AssetsManager.obj
         Debug\CCBAnimationManager.obj
         Debug\CCBFileLoader.obj
         Debug\CCBKeyframe.obj
         Debug\CCBReader.obj
         Debug\CCBSequence.obj
         Debug\CCBSequenceProperty.obj
         Debug\CCBValue.obj
         Debug\CCControlButtonLoader.obj
         Debug\CCControlLoader.obj
         Debug\CCData.obj
         Debug\CCLabelBMFontLoader.obj
         Debug\CCLabelTTFLoader.obj
         Debug\CCLayerColorLoader.obj
         Debug\CCLayerGradientLoader.obj
         Debug\CCLayerLoader.obj
         Debug\CCMenuItemImageLoader.obj
         Debug\CCMenuItemLoader.obj
         Debug\CCNode+CCBRelativePositioning.obj
         Debug\CCNodeLoader.obj
         Debug\CCNodeLoaderLibrary.obj
         Debug\CCParticleSystemQuadLoader.obj
         Debug\CCScale9SpriteLoader.obj
         Debug\CCScrollViewLoader.obj
         Debug\CCSpriteLoader.obj
         Debug\CCActionTimeline.obj
         Debug\CCActionTimelineCache.obj
         Debug\CCFrame.obj
         Debug\CCNodeReader.obj
         Debug\CCTimeLine.obj
         Debug\CCActionEaseEx.obj
         Debug\CCActionFrame.obj
         Debug\CCActionFrameEasing.obj
         Debug\CCActionManager.obj
         Debug\CCActionNode.obj
         Debug\CCActionObject.obj
         Debug\CCArmatureAnimation.obj
         Debug\CCProcessBase.obj
         Debug\CCTween.obj
         Debug\CCArmature.obj
         Debug\CCBone.obj
         Debug\CCDatas.obj
         Debug\CCBatchNode.obj
         Debug\CCDecorativeDisplay.obj
         Debug\CCDisplayFactory.obj
         Debug\CCDisplayManager.obj
         Debug\CCSkin.obj
         Debug\CCColliderDetector.obj
         Debug\CCArmatureDataManager.obj
         Debug\CCArmatureDefine.obj
         Debug\CCDataReaderHelper.obj
         Debug\CCSpriteFrameCacheHelper.obj
         Debug\CCTransformHelp.obj
         Debug\CCTweenFunction.obj
         Debug\CCUtilMath.obj
         Debug\CCComAttribute.obj
         Debug\CCComAudio.obj
         Debug\CCComController.obj
         Debug\CCComRender.obj
         Debug\CCInputDelegate.obj
         Debug\UIWidget.obj
         Debug\UILayout.obj
         Debug\UILayoutDefine.obj
         Debug\UILayoutParameter.obj
         Debug\CocosGUI.obj
         Debug\UIHelper.obj
         Debug\UITouchGroup.obj
         Debug\UIListView.obj
         Debug\UIPageView.obj
         Debug\UIScrollView.obj
         Debug\UIButton.obj
         Debug\UICheckBox.obj
         Debug\UIImageView.obj
         Debug\UILabel.obj
         Debug\UILabelAtlas.obj
         Debug\UILabelBMFont.obj
         Debug\UILoadingBar.obj
         Debug\UIRichText.obj
         Debug\UISlider.obj
         Debug\UITextField.obj
         Debug\CocoLoader.obj
         Debug\DictionaryHelper.obj
         Debug\GUIReader.obj
         Debug\SceneReader.obj
         Debug\ButtonReader.obj
         Debug\CheckBoxReader.obj
         Debug\ImageViewReader.obj
         Debug\LabelAtlasReader.obj
         Debug\LabelBMFontReader.obj
         Debug\LabelReader.obj
         Debug\LayoutReader.obj
         Debug\ListViewReader.obj
         Debug\LoadingBarReader.obj
         Debug\PageViewReader.obj
         Debug\ScrollViewReader.obj
         Debug\SliderReader.obj
         Debug\TextFieldReader.obj
         Debug\WidgetReader.obj
         Debug\ObjectFactory.obj
         Debug\TriggerBase.obj
         Debug\TriggerMng.obj
         Debug\TriggerObj.obj
         Debug\CCControl.obj
         Debug\CCControlButton.obj
         Debug\CCControlColourPicker.obj
         Debug\CCControlHuePicker.obj
         Debug\CCControlPotentiometer.obj
         Debug\CCControlSaturationBrightnessPicker.obj
         Debug\CCControlSlider.obj
         Debug\CCControlStepper.obj
         Debug\CCControlSwitch.obj
         Debug\CCControlUtils.obj
         Debug\CCInvocation.obj
         Debug\CCScale9Sprite.obj
         Debug\CCEditBox.obj
         Debug\CCEditBoxImplWp8.obj
         Debug\CCScrollView.obj
         Debug\CCSorting.obj
         Debug\CCTableView.obj
         Debug\CCTableViewCell.obj
         Debug\HttpClient.obj
         Debug\WebSocketWinRT.obj
         Debug\CCPhysicsDebugNode.obj
         Debug\CCPhysicsSprite.obj
         Debug\Animation.obj
         Debug\AnimationState.obj
         Debug\AnimationStateData.obj
         Debug\Atlas.obj
         Debug\AtlasAttachmentLoader.obj
         Debug\Attachment.obj
         Debug\AttachmentLoader.obj
         Debug\Bone.obj
         Debug\BoneData.obj
         Debug\CCSkeleton.obj
         Debug\CCSkeletonAnimation.obj
         Debug\extension.obj
         Debug\Json.obj
         Debug\RegionAttachment.obj
         Debug\Skeleton.obj
         Debug\SkeletonData.obj
         Debug\SkeletonJson.obj
         Debug\Skin.obj
         Debug\Slot.obj
         Debug\SlotData.obj
         "Debug\spine-cocos2dx.obj"
         Debug\EditBoxEvent.obj
         Debug\pch.obj
     1>libwebsockets.lib(libwebsockets.dll) : warning LNK4006: __NULL_IMPORT_DESCRIPTOR already defined in libcurl.lib(libcurl.dll); second definition ignored
     1>libwebsockets.lib(libwebsockets.dll) : warning LNK4221: This object file does not define any previously undefined public symbols, so it will not be used by any link operation that consumes this library
     1>AssetsManager.obj : warning LNK4221: This object file does not define any previously undefined public symbols, so it will not be used by any link operation that consumes this library
         libExtensions.vcxproj -> D:\Retro Infinity\Coco Setups\cocos2d-x-2.2.4\projects\RetroInfinityDemo\proj.wp8\WP8\Win32\Debug\libExtensions\libExtensions.lib
     1>Done Building Project "D:\Retro Infinity\Coco Setups\cocos2d-x-2.2.4\extensions\proj.wp8\libExtensions.vcxproj" (Rebuild target(s)).

Build succeeded.

Time Elapsed 00:01:14.13
