D:\RETRO INFINITY\COCO SETUPS\COCOS2D-X-2.2.4\PROJECTS\RETROINFINITYDEMO\PROJ.WINRT\WIN32\DEBUG\PCH.PCH
D:\RETRO INFINITY\COCO SETUPS\COCOS2D-X-2.2.4\PROJECTS\RETROINFINITYDEMO\PROJ.WINRT\WIN32\DEBUG\PCH.OBJ
D:\RETRO INFINITY\COCO SETUPS\COCOS2D-X-2.2.4\PROJECTS\RETROINFINITYDEMO\PROJ.WINRT\WIN32\DEBUG\VC110.PDB
D:\RETRO INFINITY\COCO SETUPS\COCOS2D-X-2.2.4\PROJECTS\RETROINFINITYDEMO\PROJ.WINRT\WIN32\DEBUG\APPDELEGATE.OBJ
D:\RETRO INFINITY\COCO SETUPS\COCOS2D-X-2.2.4\PROJECTS\RETROINFINITYDEMO\PROJ.WINRT\WIN32\DEBUG\APP.XAML.OBJ
D:\RETRO INFINITY\COCO SETUPS\COCOS2D-X-2.2.4\PROJECTS\RETROINFINITYDEMO\PROJ.WINRT\WIN32\DEBUG\XAMLTYPEINFO.IMPL.G.OBJ
D:\RETRO INFINITY\COCO SETUPS\COCOS2D-X-2.2.4\PROJECTS\RETROINFINITYDEMO\PROJ.WINRT\WIN32\DEBUG\MAINPAGE.XAML.OBJ
D:\RETRO INFINITY\COCO SETUPS\COCOS2D-X-2.2.4\PROJECTS\RETROINFINITYDEMO\PROJ.WINRT\WIN32\DEBUG\RETROINFINITY.OBJ
D:\RETRO INFINITY\COCO SETUPS\COCOS2D-X-2.2.4\PROJECTS\RETROINFINITYDEMO\PROJ.WINRT\WIN32\DEBUG\XAMLTYPEINFO.G.OBJ
D:\RETRO INFINITY\COCO SETUPS\COCOS2D-X-2.2.4\PROJECTS\RETROINFINITYDEMO\PROJ.WINRT\WINRT\WIN32\DEBUG\RETROINFINITYDEMO\RETROINFINITYDEMO.WINMD
D:\RETRO INFINITY\COCO SETUPS\COCOS2D-X-2.2.4\PROJECTS\RETROINFINITYDEMO\PROJ.WINRT\WINRT\WIN32\DEBUG\RETROINFINITYDEMO\RETROINFINITYDEMO.EXE
D:\RETRO INFINITY\COCO SETUPS\COCOS2D-X-2.2.4\PROJECTS\RETROINFINITYDEMO\PROJ.WINRT\WINRT\WIN32\DEBUG\RETROINFINITYDEMO\RETROINFINITYDEMO.PDB
D:\Retro Infinity\Coco Setups\cocos2d-x-2.2.4\projects\RetroInfinityDemo\proj.winrt\WinRT\Win32\Debug\RetroInfinityDemo\RetroInfinityDemo.lib
D:\Retro Infinity\Coco Setups\cocos2d-x-2.2.4\projects\RetroInfinityDemo\proj.winrt\WinRT\Win32\Debug\RetroInfinityDemo\RetroInfinityDemo.exp
D:\Retro Infinity\Coco Setups\cocos2d-x-2.2.4\projects\RetroInfinityDemo\proj.winrt\Win32\Debug\RetroInfinityDemo.vcxprojResolveAssemblyReference.cache
D:\Retro Infinity\Coco Setups\cocos2d-x-2.2.4\projects\RetroInfinityDemo\proj.winrt\Generated Files\App.g.h
D:\Retro Infinity\Coco Setups\cocos2d-x-2.2.4\projects\RetroInfinityDemo\proj.winrt\Generated Files\Common\StandardStyles.g.h
D:\Retro Infinity\Coco Setups\cocos2d-x-2.2.4\projects\RetroInfinityDemo\proj.winrt\Generated Files\MainPage.g.h
D:\Retro Infinity\Coco Setups\cocos2d-x-2.2.4\projects\RetroInfinityDemo\proj.winrt\Generated Files\XamlLibMetadataProvider.g.cpp
D:\Retro Infinity\Coco Setups\cocos2d-x-2.2.4\projects\RetroInfinityDemo\proj.winrt\Generated Files\XamlTypeInfo.Impl.g.cpp
D:\Retro Infinity\Coco Setups\cocos2d-x-2.2.4\projects\RetroInfinityDemo\proj.winrt\Generated Files\App.g.hpp
D:\Retro Infinity\Coco Setups\cocos2d-x-2.2.4\projects\RetroInfinityDemo\proj.winrt\Generated Files\MainPage.g.hpp
D:\Retro Infinity\Coco Setups\cocos2d-x-2.2.4\projects\RetroInfinityDemo\proj.winrt\Generated Files\XamlTypeInfo.g.cpp
D:\Retro Infinity\Coco Setups\cocos2d-x-2.2.4\projects\RetroInfinityDemo\proj.winrt\Generated Files\App.xaml
D:\Retro Infinity\Coco Setups\cocos2d-x-2.2.4\projects\RetroInfinityDemo\proj.winrt\Generated Files\Common\StandardStyles.xaml
D:\Retro Infinity\Coco Setups\cocos2d-x-2.2.4\projects\RetroInfinityDemo\proj.winrt\Generated Files\MainPage.xaml
D:\Retro Infinity\Coco Setups\cocos2d-x-2.2.4\projects\RetroInfinityDemo\proj.winrt\Win32\Debug\RetroInfinityDemo.vcxproj.GenerateResource.Cache
D:\Retro Infinity\Coco Setups\cocos2d-x-2.2.4\projects\RetroInfinityDemo\proj.winrt\Win32\Debug\priconfig.xml.intermediate
D:\Retro Infinity\Coco Setups\cocos2d-x-2.2.4\projects\RetroInfinityDemo\proj.winrt\Win32\Debug\layout.resfiles.intermediate
D:\Retro Infinity\Coco Setups\cocos2d-x-2.2.4\projects\RetroInfinityDemo\proj.winrt\Win32\Debug\resources.resfiles.intermediate
D:\Retro Infinity\Coco Setups\cocos2d-x-2.2.4\projects\RetroInfinityDemo\proj.winrt\Win32\Debug\pri.resfiles.intermediate
D:\Retro Infinity\Coco Setups\cocos2d-x-2.2.4\projects\RetroInfinityDemo\proj.winrt\Win32\Debug\priconfig.xml
D:\Retro Infinity\Coco Setups\cocos2d-x-2.2.4\projects\RetroInfinityDemo\proj.winrt\Win32\Debug\layout.resfiles
D:\Retro Infinity\Coco Setups\cocos2d-x-2.2.4\projects\RetroInfinityDemo\proj.winrt\Win32\Debug\resources.resfiles
D:\Retro Infinity\Coco Setups\cocos2d-x-2.2.4\projects\RetroInfinityDemo\proj.winrt\Win32\Debug\pri.resfiles
D:\Retro Infinity\Coco Setups\cocos2d-x-2.2.4\projects\RetroInfinityDemo\proj.winrt\WinRT\Win32\Debug\RetroInfinityDemo\resources.pri
D:\Retro Infinity\Coco Setups\cocos2d-x-2.2.4\projects\RetroInfinityDemo\proj.winrt\Win32\Debug\LanguageQualifiers.txt
D:\Retro Infinity\Coco Setups\cocos2d-x-2.2.4\projects\RetroInfinityDemo\proj.winrt\Win32\Debug\ProjectArchitectures.txt
D:\Retro Infinity\Coco Setups\cocos2d-x-2.2.4\projects\RetroInfinityDemo\proj.winrt\WinRT\Win32\Debug\RetroInfinityDemo\AppxManifest.xml
D:\Retro Infinity\Coco Setups\cocos2d-x-2.2.4\projects\RetroInfinityDemo\proj.winrt\WinRT\Win32\Debug\RetroInfinityDemo\RetroInfinityDemo.build.appxrecipe
D:\Retro Infinity\Coco Setups\cocos2d-x-2.2.4\projects\RetroInfinityDemo\proj.winrt\Win32\Debug\App.xaml.obj
D:\Retro Infinity\Coco Setups\cocos2d-x-2.2.4\projects\RetroInfinityDemo\proj.winrt\Win32\Debug\AppDelegate.obj
D:\Retro Infinity\Coco Setups\cocos2d-x-2.2.4\projects\RetroInfinityDemo\proj.winrt\Win32\Debug\MainPage.xaml.obj
D:\Retro Infinity\Coco Setups\cocos2d-x-2.2.4\projects\RetroInfinityDemo\proj.winrt\Win32\Debug\pch.obj
D:\Retro Infinity\Coco Setups\cocos2d-x-2.2.4\projects\RetroInfinityDemo\proj.winrt\Win32\Debug\RetroInfinity.obj
D:\Retro Infinity\Coco Setups\cocos2d-x-2.2.4\projects\RetroInfinityDemo\proj.winrt\Win32\Debug\XamlTypeInfo.g.obj
D:\Retro Infinity\Coco Setups\cocos2d-x-2.2.4\projects\RetroInfinityDemo\proj.winrt\Win32\Debug\XamlTypeInfo.Impl.g.obj
D:\Retro Infinity\Coco Setups\cocos2d-x-2.2.4\projects\RetroInfinityDemo\proj.winrt\Win32\Debug\CL.2460.read.1.tlog
D:\Retro Infinity\Coco Setups\cocos2d-x-2.2.4\projects\RetroInfinityDemo\proj.winrt\Win32\Debug\CL.2460.write.1.tlog
D:\Retro Infinity\Coco Setups\cocos2d-x-2.2.4\projects\RetroInfinityDemo\proj.winrt\Win32\Debug\CL.4232.read.1.tlog
D:\Retro Infinity\Coco Setups\cocos2d-x-2.2.4\projects\RetroInfinityDemo\proj.winrt\Win32\Debug\CL.4232.write.1.tlog
D:\Retro Infinity\Coco Setups\cocos2d-x-2.2.4\projects\RetroInfinityDemo\proj.winrt\Win32\Debug\CL.5952.read.1.tlog
D:\Retro Infinity\Coco Setups\cocos2d-x-2.2.4\projects\RetroInfinityDemo\proj.winrt\Win32\Debug\CL.5952.write.1.tlog
D:\Retro Infinity\Coco Setups\cocos2d-x-2.2.4\projects\RetroInfinityDemo\proj.winrt\Win32\Debug\CL.7228.read.1.tlog
D:\Retro Infinity\Coco Setups\cocos2d-x-2.2.4\projects\RetroInfinityDemo\proj.winrt\Win32\Debug\CL.7228.write.1.tlog
D:\Retro Infinity\Coco Setups\cocos2d-x-2.2.4\projects\RetroInfinityDemo\proj.winrt\Win32\Debug\cl.command.1.tlog
D:\Retro Infinity\Coco Setups\cocos2d-x-2.2.4\projects\RetroInfinityDemo\proj.winrt\Win32\Debug\CL.read.1.tlog
D:\Retro Infinity\Coco Setups\cocos2d-x-2.2.4\projects\RetroInfinityDemo\proj.winrt\Win32\Debug\CL.write.1.tlog
D:\Retro Infinity\Coco Setups\cocos2d-x-2.2.4\projects\RetroInfinityDemo\proj.winrt\Win32\Debug\link.command.1.tlog
D:\Retro Infinity\Coco Setups\cocos2d-x-2.2.4\projects\RetroInfinityDemo\proj.winrt\Win32\Debug\link.read.1.tlog
D:\Retro Infinity\Coco Setups\cocos2d-x-2.2.4\projects\RetroInfinityDemo\proj.winrt\Win32\Debug\link.write.1.tlog
D:\Retro Infinity\Coco Setups\cocos2d-x-2.2.4\projects\RetroInfinityDemo\proj.winrt\Win32\Debug\RetroInfinityDemo.read.1.tlog
D:\Retro Infinity\Coco Setups\cocos2d-x-2.2.4\projects\RetroInfinityDemo\proj.winrt\Win32\Debug\RetroInfinityDemo.write.1.tlog
D:\Retro Infinity\Coco Setups\cocos2d-x-2.2.4\projects\RetroInfinityDemo\proj.winrt\Win32\Debug\pch.pch
D:\Retro Infinity\Coco Setups\cocos2d-x-2.2.4\projects\RetroInfinityDemo\proj.winrt\Win32\Debug\vc110.pdb
D:\Retro Infinity\Coco Setups\cocos2d-x-2.2.4\projects\RetroInfinityDemo\proj.winrt\WinRT\Win32\Debug\RetroInfinityDemo\RetroInfinityDemo.pdb
D:\Retro Infinity\Coco Setups\cocos2d-x-2.2.4\projects\RetroInfinityDemo\proj.winrt\WinRT\Win32\Debug\RetroInfinityDemo\RetroInfinityDemo.exe
D:\Retro Infinity\Coco Setups\cocos2d-x-2.2.4\projects\RetroInfinityDemo\proj.winrt\Generated Files\XamlTypeInfo.g.h
