Build started 7/1/2014 7:48:38 PM.
     1>Project "D:\Retro Infinity\Coco Setups\cocos2d-x-2.2.4\cocos2dx\proj.winrt\cocos2d_2013.vcxproj" on node 2 (Build target(s)).
     1>ClCompile:
         C:\Program Files\Microsoft Visual Studio 12.0\VC\bin\CL.exe /c /I../platform/winrt /I../include /I../ /I../kazmath/include /I../kazmath/include/GL /I../platform/third_party/winrt/zlib /I../platform/third_party/winrt/libpng /I../platform/third_party/winrt/libjpeg /I../platform/third_party/winrt/libtiff /I../platform/third_party/winrt/freetype/include /I../platform/third_party/winrt/libwebp /I../platform/third_party/winrt/angle/include /I"D:\Retro Infinity\Coco Setups\cocos2d-x-2.2.4\cocos2dx\proj.winrt\\" /I"Generated Files\\" /IWin32\Debug\ /Zi /ZW /ZW:nostdlib /nologo /W3 /WX- /sdl /MP /Od /Oy- /GL /D _USRDLL /D WINRT /D _WINRT /D COCOS2D_DEBUG=1 /D GL_GLEXT_PROTOTYPES /D _CRT_SECURE_NO_WARNINGS /D _SCL_SECURE_NO_WARNINGS /D _WINDLL /D _UNICODE /D UNICODE /D _DEBUG /D WINAPI_FAMILY=WINAPI_FAMILY_APP /Gm- /EHsc /RTC1 /MDd /GS /fp:precise /Zc:wchar_t /Zc:forScope /Yc"pch.h" /Fp"Win32\Debug\libcocos2d.pch" /Fo"Win32\Debug\\" /Fd"Win32\Debug\vc120.pdb" /Gd /TP /wd4267 /wd4251 /wd4244 /wd4453 /wd4973 /FIpch.h /FU"C:\Program Files\Microsoft SDKs\Windows\v8.1\ExtensionSDKs\Microsoft.VCLibs\12.0\References\CommonConfiguration\neutral\platform.winmd" /FU"C:\Program Files\Windows Kits\8.1\References\CommonConfiguration\Neutral\Windows.winmd" /FU"C:\Program Files\Windows Kits\8.1\References\CommonConfiguration\Neutral\Windows.winmd" /analyze- /errorReport:prompt pch.cpp
         pch.cpp
         C:\Program Files\Microsoft Visual Studio 12.0\VC\bin\CL.exe /c /I../platform/winrt /I../include /I../ /I../kazmath/include /I../kazmath/include/GL /I../platform/third_party/winrt/zlib /I../platform/third_party/winrt/libpng /I../platform/third_party/winrt/libjpeg /I../platform/third_party/winrt/libtiff /I../platform/third_party/winrt/freetype/include /I../platform/third_party/winrt/libwebp /I../platform/third_party/winrt/angle/include /I"D:\Retro Infinity\Coco Setups\cocos2d-x-2.2.4\cocos2dx\proj.winrt\\" /I"Generated Files\\" /IWin32\Debug\ /Zi /ZW /ZW:nostdlib /nologo /W3 /WX- /sdl /MP /Od /Oy- /GL /D _USRDLL /D WINRT /D _WINRT /D COCOS2D_DEBUG=1 /D GL_GLEXT_PROTOTYPES /D _CRT_SECURE_NO_WARNINGS /D _SCL_SECURE_NO_WARNINGS /D _WINDLL /D _UNICODE /D UNICODE /D _DEBUG /D WINAPI_FAMILY=WINAPI_FAMILY_APP /Gm- /EHsc /RTC1 /MDd /GS /fp:precise /Zc:wchar_t /Zc:forScope /Yu"pch.h" /Fp"Win32\Debug\libcocos2d.pch" /Fo"Win32\Debug\\" /Fd"Win32\Debug\vc120.pdb" /Gd /TP /wd4267 /wd4251 /wd4244 /wd4453 /wd4973 /FIpch.h /FU"C:\Program Files\Microsoft SDKs\Windows\v8.1\ExtensionSDKs\Microsoft.VCLibs\12.0\References\CommonConfiguration\neutral\platform.winmd" /FU"C:\Program Files\Windows Kits\8.1\References\CommonConfiguration\Neutral\Windows.winmd" /FU"C:\Program Files\Windows Kits\8.1\References\CommonConfiguration\Neutral\Windows.winmd" /analyze- /errorReport:prompt ..\actions\CCAction.cpp ..\actions\CCActionCamera.cpp ..\actions\CCActionCatmullRom.cpp ..\actions\CCActionEase.cpp ..\actions\CCActionGrid.cpp ..\actions\CCActionGrid3D.cpp ..\actions\CCActionInstant.cpp ..\actions\CCActionInterval.cpp ..\actions\CCActionManager.cpp ..\actions\CCActionPageTurn3D.cpp ..\actions\CCActionProgressTimer.cpp ..\actions\CCActionTiledGrid.cpp ..\actions\CCActionTween.cpp ..\base_nodes\CCAtlasNode.cpp ..\base_nodes\CCGLBufferedNode.cpp ..\base_nodes\CCNode.cpp ..\CCCamera.cpp ..\CCConfiguration.cpp ..\CCDirector.cpp ..\CCScheduler.cpp ..\cocoa\CCAffineTransform.cpp ..\cocoa\CCArray.cpp ..\cocoa\CCAutoreleasePool.cpp ..\cocoa\CCDataVisitor.cpp ..\cocoa\CCDictionary.cpp ..\cocoa\CCGeometry.cpp ..\cocoa\CCNS.cpp ..\cocoa\CCObject.cpp ..\cocoa\CCSet.cpp ..\cocoa\CCString.cpp ..\cocoa\CCZone.cpp ..\cocos2d.cpp ..\draw_nodes\CCDrawingPrimitives.cpp ..\draw_nodes\CCDrawNode.cpp ..\effects\CCGrabber.cpp ..\effects\CCGrid.cpp ..\keypad_dispatcher\CCKeypadDelegate.cpp ..\keypad_dispatcher\CCKeypadDispatcher.cpp ..\label_nodes\CCLabelAtlas.cpp ..\label_nodes\CCLabelBMFont.cpp ..\label_nodes\CCLabelTTF.cpp ..\layers_scenes_transitions_nodes\CCLayer.cpp ..\layers_scenes_transitions_nodes\CCScene.cpp ..\layers_scenes_transitions_nodes\CCTransition.cpp ..\layers_scenes_transitions_nodes\CCTransitionPageTurn.cpp ..\layers_scenes_transitions_nodes\CCTransitionProgress.cpp ..\menu_nodes\CCMenu.cpp ..\menu_nodes\CCMenuItem.cpp ..\misc_nodes\CCClippingNode.cpp ..\misc_nodes\CCMotionStreak.cpp ..\misc_nodes\CCProgressTimer.cpp ..\misc_nodes\CCRenderTexture.cpp ..\particle_nodes\CCParticleBatchNode.cpp ..\particle_nodes\CCParticleExamples.cpp ..\particle_nodes\CCParticleSystem.cpp ..\particle_nodes\CCParticleSystemQuad.cpp ..\platform\CCEGLViewProtocol.cpp ..\platform\CCFileUtils.cpp ..\platform\CCSAXParser.cpp ..\platform\CCThread.cpp ..\platform\platform.cpp ..\platform\winrt\CCAccelerometer.cpp ..\platform\winrt\CCApplication.cpp ..\platform\winrt\CCCommon.cpp ..\platform\winrt\CCDevice.cpp ..\platform\winrt\CCEGLView.cpp ..\platform\winrt\CCFileUtilsWinRT.cpp ..\platform\winrt\CCFreeTypeFont.cpp ..\platform\winrt\CCImage.cpp ..\platform\winrt\CCPrecompiledShaders.cpp ..\platform\winrt\CCPThreadWinRT.cpp ..\platform\winrt\CCStdC.cpp ..\platform\winrt\CCWinRTUtils.cpp ..\platform\winrt\DirectXBase.cpp ..\platform\winrt\sha1.cpp ..\script_support\CCScriptSupport.cpp ..\shaders\CCGLProgram.cpp ..\shaders\ccGLStateCache.cpp ..\shaders\CCShaderCache.cpp ..\shaders\ccShaders.cpp ..\sprite_nodes\CCAnimation.cpp ..\sprite_nodes\CCAnimationCache.cpp ..\sprite_nodes\CCSprite.cpp ..\sprite_nodes\CCSpriteBatchNode.cpp ..\sprite_nodes\CCSpriteFrame.cpp ..\sprite_nodes\CCSpriteFrameCache.cpp ..\support\base64.cpp ..\support\CCNotificationCenter.cpp ..\support\CCPointExtension.cpp ..\support\CCProfiling.cpp ..\support\ccUTF8.cpp ..\support\ccUtils.cpp ..\support\CCVertex.cpp ..\support\component\CCComponent.cpp ..\support\component\CCComponentContainer.cpp ..\support\data_support\ccCArray.cpp ..\support\image_support\TGAlib.cpp ..\support\tinyxml2\tinyxml2.cpp ..\support\TransformUtils.cpp ..\support\user_default\CCUserDefault.cpp ..\support\zip_support\ioapi.cpp ..\support\zip_support\unzip.cpp ..\support\zip_support\ZipUtils.cpp ..\textures\CCTexture2D.cpp ..\textures\CCTextureAtlas.cpp ..\textures\CCTextureCache.cpp ..\textures\CCTextureETC.cpp ..\textures\CCTexturePVR.cpp ..\text_input_node\CCIMEDispatcher.cpp ..\text_input_node\CCTextFieldTTF.cpp ..\tilemap_parallax_nodes\CCParallaxNode.cpp ..\tilemap_parallax_nodes\CCTileMapAtlas.cpp ..\tilemap_parallax_nodes\CCTMXLayer.cpp ..\tilemap_parallax_nodes\CCTMXObjectGroup.cpp ..\tilemap_parallax_nodes\CCTMXTiledMap.cpp ..\tilemap_parallax_nodes\CCTMXXMLParser.cpp ..\touch_dispatcher\CCTouch.cpp ..\touch_dispatcher\CCTouchDispatcher.cpp ..\touch_dispatcher\CCTouchHandler.cpp
         CCAction.cpp
         CCActionCamera.cpp
         CCActionCatmullRom.cpp
         CCActionEase.cpp
         CCActionGrid.cpp
         CCActionGrid3D.cpp
         CCActionInstant.cpp
         CCActionInterval.cpp
         CCActionManager.cpp
         CCActionPageTurn3D.cpp
         CCActionProgressTimer.cpp
         CCActionTiledGrid.cpp
         CCActionTween.cpp
         CCAtlasNode.cpp
         CCGLBufferedNode.cpp
         CCNode.cpp
         CCCamera.cpp
         CCConfiguration.cpp
         CCDirector.cpp
         CCScheduler.cpp
         CCAffineTransform.cpp
         CCArray.cpp
         CCAutoreleasePool.cpp
         CCDataVisitor.cpp
         CCDictionary.cpp
         CCGeometry.cpp
         CCNS.cpp
         CCObject.cpp
         CCSet.cpp
         CCString.cpp
         CCZone.cpp
         cocos2d.cpp
         CCDrawingPrimitives.cpp
         CCDrawNode.cpp
         CCGrabber.cpp
         CCGrid.cpp
         CCKeypadDelegate.cpp
         CCKeypadDispatcher.cpp
         CCLabelAtlas.cpp
         CCLabelBMFont.cpp
         CCLabelTTF.cpp
         CCLayer.cpp
         CCScene.cpp
         CCTransition.cpp
         CCTransitionPageTurn.cpp
         CCTransitionProgress.cpp
         CCMenu.cpp
         CCMenuItem.cpp
         CCClippingNode.cpp
         CCMotionStreak.cpp
         CCProgressTimer.cpp
         CCRenderTexture.cpp
         CCParticleBatchNode.cpp
         CCParticleExamples.cpp
         CCParticleSystem.cpp
         CCParticleSystemQuad.cpp
         CCEGLViewProtocol.cpp
         CCFileUtils.cpp
         CCSAXParser.cpp
         CCThread.cpp
         platform.cpp
         CCAccelerometer.cpp
         CCApplication.cpp
         CCCommon.cpp
         CCDevice.cpp
         CCEGLView.cpp
         CCFileUtilsWinRT.cpp
         CCFreeTypeFont.cpp
         CCImage.cpp
         CCPrecompiledShaders.cpp
         CCPThreadWinRT.cpp
         CCStdC.cpp
         CCWinRTUtils.cpp
         DirectXBase.cpp
         sha1.cpp
         CCScriptSupport.cpp
         CCGLProgram.cpp
         ccGLStateCache.cpp
         CCShaderCache.cpp
         ccShaders.cpp
         CCAnimation.cpp
         CCAnimationCache.cpp
         CCSprite.cpp
         CCSpriteBatchNode.cpp
         CCSpriteFrame.cpp
         CCSpriteFrameCache.cpp
         base64.cpp
         CCNotificationCenter.cpp
         CCPointExtension.cpp
         CCProfiling.cpp
         ccUTF8.cpp
         ccUtils.cpp
         CCVertex.cpp
         CCComponent.cpp
         CCComponentContainer.cpp
         ccCArray.cpp
         TGAlib.cpp
         tinyxml2.cpp
         TransformUtils.cpp
         CCUserDefault.cpp
         ioapi.cpp
         unzip.cpp
         ZipUtils.cpp
         CCTexture2D.cpp
         CCTextureAtlas.cpp
         CCTextureCache.cpp
         CCTextureETC.cpp
         CCTexturePVR.cpp
         CCIMEDispatcher.cpp
         CCTextFieldTTF.cpp
         CCParallaxNode.cpp
         CCTileMapAtlas.cpp
         CCTMXLayer.cpp
         CCTMXObjectGroup.cpp
         CCTMXTiledMap.cpp
         CCTMXXMLParser.cpp
         CCTouch.cpp
         CCTouchDispatcher.cpp
         CCTouchHandler.cpp
         C:\Program Files\Microsoft Visual Studio 12.0\VC\bin\CL.exe /c /I../platform/winrt /I../include /I../ /I../kazmath/include /I../kazmath/include/GL /I../platform/third_party/winrt/zlib /I../platform/third_party/winrt/libpng /I../platform/third_party/winrt/libjpeg /I../platform/third_party/winrt/libtiff /I../platform/third_party/winrt/freetype/include /I../platform/third_party/winrt/libwebp /I../platform/third_party/winrt/angle/include /I"D:\Retro Infinity\Coco Setups\cocos2d-x-2.2.4\cocos2dx\proj.winrt\\" /I"Generated Files\\" /IWin32\Debug\ /Zi /nologo /W3 /WX- /sdl /MP /Od /Oy- /GL /D _USRDLL /D WINRT /D _WINRT /D COCOS2D_DEBUG=1 /D GL_GLEXT_PROTOTYPES /D _CRT_SECURE_NO_WARNINGS /D _SCL_SECURE_NO_WARNINGS /D _WINDLL /D _UNICODE /D UNICODE /D _DEBUG /D WINAPI_FAMILY=WINAPI_FAMILY_APP /Gm- /EHsc /RTC1 /MDd /GS /fp:precise /Zc:wchar_t /Zc:forScope /Fo"Win32\Debug\\" /Fd"Win32\Debug\vc120.pdb" /Gd /TC /wd4267 /wd4251 /wd4244 /wd4453 /wd4973 /analyze- /errorReport:prompt ..\ccFPSImages.c ..\kazmath\src\aabb.c ..\kazmath\src\GL\mat4stack.c ..\kazmath\src\GL\matrix.c ..\kazmath\src\mat3.c ..\kazmath\src\mat4.c ..\kazmath\src\neon_matrix_impl.c ..\kazmath\src\plane.c ..\kazmath\src\quaternion.c ..\kazmath\src\ray2.c ..\kazmath\src\utility.c ..\kazmath\src\vec2.c ..\kazmath\src\vec3.c ..\kazmath\src\vec4.c
         ccFPSImages.c
         aabb.c
         mat4stack.c
         matrix.c
         mat3.c
         mat4.c
         neon_matrix_impl.c
         plane.c
         quaternion.c
         ray2.c
         utility.c
         vec2.c
         vec3.c
         vec4.c
       Link:
         C:\Program Files\Microsoft Visual Studio 12.0\VC\bin\link.exe /ERRORREPORT:PROMPT /OUT:"D:\Retro Infinity\Coco Setups\cocos2d-x-2.2.4\WinRT\Win32\Debug\cocos2d_2013\libcocos2d.dll" /INCREMENTAL:NO /NOLOGO /LIBPATH:"D:\Retro Infinity\Coco Setups\cocos2d-x-2.2.4\cocos2dx\proj.winrt\..\platform\third_party\winrt\libraries\vs2013\Win32\\" libpng.lib libjpeg.lib zlib.lib freetype.lib libtiff.lib esUtil.lib libEGL.lib libGLESv2.lib d2d1.lib d3d11.lib dxgi.lib ole32.lib windowscodecs.lib dwrite.lib dxguid.lib /MANIFEST:NO /DEBUG /PDB:"D:\Retro Infinity\Coco Setups\cocos2d-x-2.2.4\WinRT\Win32\Debug\cocos2d_2013\libcocos2d.pdb" /SUBSYSTEM:CONSOLE /LTCG /TLBID:1 /APPCONTAINER /WINMD:NO /WINMDFILE:"D:\Retro Infinity\Coco Setups\cocos2d-x-2.2.4\WinRT\Win32\Debug\cocos2d_2013\cocos2d.winmd" /DYNAMICBASE /NXCOMPAT /IMPLIB:"D:\Retro Infinity\Coco Setups\cocos2d-x-2.2.4\WinRT\Win32\Debug\cocos2d_2013\libcocos2d.lib" /MACHINE:X86 /DLL Win32\Debug\CCAction.obj
         Win32\Debug\CCActionCamera.obj
         Win32\Debug\CCActionCatmullRom.obj
         Win32\Debug\CCActionEase.obj
         Win32\Debug\CCActionGrid.obj
         Win32\Debug\CCActionGrid3D.obj
         Win32\Debug\CCActionInstant.obj
         Win32\Debug\CCActionInterval.obj
         Win32\Debug\CCActionManager.obj
         Win32\Debug\CCActionPageTurn3D.obj
         Win32\Debug\CCActionProgressTimer.obj
         Win32\Debug\CCActionTiledGrid.obj
         Win32\Debug\CCActionTween.obj
         Win32\Debug\CCAtlasNode.obj
         Win32\Debug\CCGLBufferedNode.obj
         Win32\Debug\CCNode.obj
         Win32\Debug\CCCamera.obj
         Win32\Debug\CCConfiguration.obj
         Win32\Debug\CCDirector.obj
         Win32\Debug\ccFPSImages.obj
         Win32\Debug\CCScheduler.obj
         Win32\Debug\CCAffineTransform.obj
         Win32\Debug\CCArray.obj
         Win32\Debug\CCAutoreleasePool.obj
         Win32\Debug\CCDataVisitor.obj
         Win32\Debug\CCDictionary.obj
         Win32\Debug\CCGeometry.obj
         Win32\Debug\CCNS.obj
         Win32\Debug\CCObject.obj
         Win32\Debug\CCSet.obj
         Win32\Debug\CCString.obj
         Win32\Debug\CCZone.obj
         Win32\Debug\cocos2d.obj
         Win32\Debug\CCDrawingPrimitives.obj
         Win32\Debug\CCDrawNode.obj
         Win32\Debug\CCGrabber.obj
         Win32\Debug\CCGrid.obj
         Win32\Debug\aabb.obj
         Win32\Debug\mat4stack.obj
         Win32\Debug\matrix.obj
         Win32\Debug\mat3.obj
         Win32\Debug\mat4.obj
         Win32\Debug\neon_matrix_impl.obj
         Win32\Debug\plane.obj
         Win32\Debug\quaternion.obj
         Win32\Debug\ray2.obj
         Win32\Debug\utility.obj
         Win32\Debug\vec2.obj
         Win32\Debug\vec3.obj
         Win32\Debug\vec4.obj
         Win32\Debug\CCKeypadDelegate.obj
         Win32\Debug\CCKeypadDispatcher.obj
         Win32\Debug\CCLabelAtlas.obj
         Win32\Debug\CCLabelBMFont.obj
         Win32\Debug\CCLabelTTF.obj
         Win32\Debug\CCLayer.obj
         Win32\Debug\CCScene.obj
         Win32\Debug\CCTransition.obj
         Win32\Debug\CCTransitionPageTurn.obj
         Win32\Debug\CCTransitionProgress.obj
         Win32\Debug\CCMenu.obj
         Win32\Debug\CCMenuItem.obj
         Win32\Debug\CCClippingNode.obj
         Win32\Debug\CCMotionStreak.obj
         Win32\Debug\CCProgressTimer.obj
         Win32\Debug\CCRenderTexture.obj
         Win32\Debug\CCParticleBatchNode.obj
         Win32\Debug\CCParticleExamples.obj
         Win32\Debug\CCParticleSystem.obj
         Win32\Debug\CCParticleSystemQuad.obj
         Win32\Debug\CCEGLViewProtocol.obj
         Win32\Debug\CCFileUtils.obj
         Win32\Debug\CCSAXParser.obj
         Win32\Debug\CCThread.obj
         Win32\Debug\platform.obj
         Win32\Debug\CCAccelerometer.obj
         Win32\Debug\CCApplication.obj
         Win32\Debug\CCCommon.obj
         Win32\Debug\CCDevice.obj
         Win32\Debug\CCEGLView.obj
         Win32\Debug\CCFileUtilsWinRT.obj
         Win32\Debug\CCFreeTypeFont.obj
         Win32\Debug\CCImage.obj
         Win32\Debug\CCPrecompiledShaders.obj
         Win32\Debug\CCPThreadWinRT.obj
         Win32\Debug\CCStdC.obj
         Win32\Debug\CCWinRTUtils.obj
         Win32\Debug\DirectXBase.obj
         Win32\Debug\sha1.obj
         Win32\Debug\CCScriptSupport.obj
         Win32\Debug\CCGLProgram.obj
         Win32\Debug\ccGLStateCache.obj
         Win32\Debug\CCShaderCache.obj
         Win32\Debug\ccShaders.obj
         Win32\Debug\CCAnimation.obj
         Win32\Debug\CCAnimationCache.obj
         Win32\Debug\CCSprite.obj
         Win32\Debug\CCSpriteBatchNode.obj
         Win32\Debug\CCSpriteFrame.obj
         Win32\Debug\CCSpriteFrameCache.obj
         Win32\Debug\base64.obj
         Win32\Debug\CCNotificationCenter.obj
         Win32\Debug\CCPointExtension.obj
         Win32\Debug\CCProfiling.obj
         Win32\Debug\ccUTF8.obj
         Win32\Debug\ccUtils.obj
         Win32\Debug\CCVertex.obj
         Win32\Debug\CCComponent.obj
         Win32\Debug\CCComponentContainer.obj
         Win32\Debug\ccCArray.obj
         Win32\Debug\TGAlib.obj
         Win32\Debug\tinyxml2.obj
         Win32\Debug\TransformUtils.obj
         Win32\Debug\CCUserDefault.obj
         Win32\Debug\ioapi.obj
         Win32\Debug\unzip.obj
         Win32\Debug\ZipUtils.obj
         Win32\Debug\CCTexture2D.obj
         Win32\Debug\CCTextureAtlas.obj
         Win32\Debug\CCTextureCache.obj
         Win32\Debug\CCTextureETC.obj
         Win32\Debug\CCTexturePVR.obj
         Win32\Debug\CCIMEDispatcher.obj
         Win32\Debug\CCTextFieldTTF.obj
         Win32\Debug\CCParallaxNode.obj
         Win32\Debug\CCTileMapAtlas.obj
         Win32\Debug\CCTMXLayer.obj
         Win32\Debug\CCTMXObjectGroup.obj
         Win32\Debug\CCTMXTiledMap.obj
         Win32\Debug\CCTMXXMLParser.obj
         Win32\Debug\CCTouch.obj
         Win32\Debug\CCTouchDispatcher.obj
         Win32\Debug\CCTouchHandler.obj
         Win32\Debug\pch.obj
            Creating library D:\Retro Infinity\Coco Setups\cocos2d-x-2.2.4\WinRT\Win32\Debug\cocos2d_2013\libcocos2d.lib and object D:\Retro Infinity\Coco Setups\cocos2d-x-2.2.4\WinRT\Win32\Debug\cocos2d_2013\libcocos2d.exp
     1>LINK : warning LNK4098: defaultlib 'MSVCRT' conflicts with use of other libs; use /NODEFAULTLIB:library
         Generating code
         Finished generating code
         cocos2d_2013.vcxproj -> D:\Retro Infinity\Coco Setups\cocos2d-x-2.2.4\WinRT\Win32\Debug\cocos2d_2013\libcocos2d.dll
       _GenerateProjectPriFileCore:
         C:\Program Files\Windows Kits\8.1\bin\x86\MakePri.exe New -ProjectRoot "D:\Retro Infinity\Coco Setups\cocos2d-x-2.2.4\cocos2dx\proj.winrt\\" -ConfigXml Win32\Debug\priconfig.xml -OutputFile "D:\Retro Infinity\Coco Setups\cocos2d-x-2.2.4\WinRT\Win32\Debug\cocos2d_2013\cocos2d.pri" -IndexName cocos2d -Verbose -Overwrite  
     1>Done Building Project "D:\Retro Infinity\Coco Setups\cocos2d-x-2.2.4\cocos2dx\proj.winrt\cocos2d_2013.vcxproj" (Build target(s)).

Build succeeded.

Time Elapsed 00:02:51.31
